This is XeTeX, Version 3.14159265-2.6-0.999992 (TeX Live 2020) (preloaded format=xelatex 2020.9.2)  8 SEP 2020 10:20
entering extended mode
 restricted \write18 enabled.
 %&-line parsing enabled.
**Statsitical-Methods-II.tex
(./Statsitical-Methods-II.tex
LaTeX2e <2020-02-02> patch level 5
L3 programming layer <2020-08-07> (/Users/dls354/Library/TinyTeX/texmf-dist/tex
/latex/base/book.cls
Document Class: book 2019/12/20 v1.4l Standard LaTeX document class
(/Users/dls354/Library/TinyTeX/texmf-dist/tex/latex/base/bk10.clo
File: bk10.clo 2019/12/20 v1.4l Standard LaTeX file (size option)
)
\c@part=\count164
\c@chapter=\count165
\c@section=\count166
\c@subsection=\count167
\c@subsubsection=\count168
\c@paragraph=\count169
\c@subparagraph=\count170
\c@figure=\count171
\c@table=\count172
\abovecaptionskip=\skip47
\belowcaptionskip=\skip48
\bibindent=\dimen134
) (/Users/dls354/Library/TinyTeX/texmf-dist/tex/latex/lm/lmodern.sty
Package: lmodern 2009/10/30 v1.6 Latin Modern Fonts
LaTeX Font Info:    Overwriting symbol font `operators' in version `normal'
(Font)                  OT1/cmr/m/n --> OT1/lmr/m/n on input line 22.
LaTeX Font Info:    Overwriting symbol font `letters' in version `normal'
(Font)                  OML/cmm/m/it --> OML/lmm/m/it on input line 23.
LaTeX Font Info:    Overwriting symbol font `symbols' in version `normal'
(Font)                  OMS/cmsy/m/n --> OMS/lmsy/m/n on input line 24.
LaTeX Font Info:    Overwriting symbol font `largesymbols' in version `normal'
(Font)                  OMX/cmex/m/n --> OMX/lmex/m/n on input line 25.
LaTeX Font Info:    Overwriting symbol font `operators' in version `bold'
(Font)                  OT1/cmr/bx/n --> OT1/lmr/bx/n on input line 26.
LaTeX Font Info:    Overwriting symbol font `letters' in version `bold'
(Font)                  OML/cmm/b/it --> OML/lmm/b/it on input line 27.
LaTeX Font Info:    Overwriting symbol font `symbols' in version `bold'
(Font)                  OMS/cmsy/b/n --> OMS/lmsy/b/n on input line 28.
LaTeX Font Info:    Overwriting symbol font `largesymbols' in version `bold'
(Font)                  OMX/cmex/m/n --> OMX/lmex/m/n on input line 29.
LaTeX Font Info:    Overwriting math alphabet `\mathbf' in version `normal'
(Font)                  OT1/cmr/bx/n --> OT1/lmr/bx/n on input line 31.
LaTeX Font Info:    Overwriting math alphabet `\mathsf' in version `normal'
(Font)                  OT1/cmss/m/n --> OT1/lmss/m/n on input line 32.
LaTeX Font Info:    Overwriting math alphabet `\mathit' in version `normal'
(Font)                  OT1/cmr/m/it --> OT1/lmr/m/it on input line 33.
LaTeX Font Info:    Overwriting math alphabet `\mathtt' in version `normal'
(Font)                  OT1/cmtt/m/n --> OT1/lmtt/m/n on input line 34.
LaTeX Font Info:    Overwriting math alphabet `\mathbf' in version `bold'
(Font)                  OT1/cmr/bx/n --> OT1/lmr/bx/n on input line 35.
LaTeX Font Info:    Overwriting math alphabet `\mathsf' in version `bold'
(Font)                  OT1/cmss/bx/n --> OT1/lmss/bx/n on input line 36.
LaTeX Font Info:    Overwriting math alphabet `\mathit' in version `bold'
(Font)                  OT1/cmr/bx/it --> OT1/lmr/bx/it on input line 37.
LaTeX Font Info:    Overwriting math alphabet `\mathtt' in version `bold'
(Font)                  OT1/cmtt/m/n --> OT1/lmtt/m/n on input line 38.
) (/Users/dls354/Library/TinyTeX/texmf-dist/tex/latex/amsfonts/amssymb.sty
Package: amssymb 2013/01/14 v3.01 AMS font symbols
(/Users/dls354/Library/TinyTeX/texmf-dist/tex/latex/amsfonts/amsfonts.sty
Package: amsfonts 2013/01/14 v3.01 Basic AMSFonts support
\@emptytoks=\toks15
\symAMSa=\mathgroup4
\symAMSb=\mathgroup5
LaTeX Font Info:    Redeclaring math symbol \hbar on input line 98.
LaTeX Font Info:    Overwriting math alphabet `\mathfrak' in version `bold'
(Font)                  U/euf/m/n --> U/euf/b/n on input line 106.
)) (/Users/dls354/Library/TinyTeX/texmf-dist/tex/latex/amsmath/amsmath.sty
Package: amsmath 2020/01/20 v2.17e AMS math features
\@mathmargin=\skip49
For additional information on amsmath, use the `?' option.
(/Users/dls354/Library/TinyTeX/texmf-dist/tex/latex/amsmath/amstext.sty
Package: amstext 2000/06/29 v2.01 AMS text
(/Users/dls354/Library/TinyTeX/texmf-dist/tex/latex/amsmath/amsgen.sty
File: amsgen.sty 1999/11/30 v2.0 generic functions
\@emptytoks=\toks16
\ex@=\dimen135
)) (/Users/dls354/Library/TinyTeX/texmf-dist/tex/latex/amsmath/amsbsy.sty
Package: amsbsy 1999/11/29 v1.2d Bold Symbols
\pmbraise@=\dimen136
) (/Users/dls354/Library/TinyTeX/texmf-dist/tex/latex/amsmath/amsopn.sty
Package: amsopn 2016/03/08 v2.02 operator names
)
\inf@bad=\count173
LaTeX Info: Redefining \frac on input line 227.
\uproot@=\count174
\leftroot@=\count175
LaTeX Info: Redefining \overline on input line 389.
\classnum@=\count176
\DOTSCASE@=\count177
LaTeX Info: Redefining \ldots on input line 486.
LaTeX Info: Redefining \dots on input line 489.
LaTeX Info: Redefining \cdots on input line 610.
\Mathstrutbox@=\box45
\strutbox@=\box46
\big@size=\dimen137
LaTeX Font Info:    Redeclaring font encoding OML on input line 733.
LaTeX Font Info:    Redeclaring font encoding OMS on input line 734.
\macc@depth=\count178
\c@MaxMatrixCols=\count179
\dotsspace@=\muskip16
\c@parentequation=\count180
\dspbrk@lvl=\count181
\tag@help=\toks17
\row@=\count182
\column@=\count183
\maxfields@=\count184
\andhelp@=\toks18
\eqnshift@=\dimen138
\alignsep@=\dimen139
\tagshift@=\dimen140
\tagwidth@=\dimen141
\totwidth@=\dimen142
\lineht@=\dimen143
\@envbody=\toks19
\multlinegap=\skip50
\multlinetaggap=\skip51
\mathdisplay@stack=\toks20
LaTeX Info: Redefining \[ on input line 2859.
LaTeX Info: Redefining \] on input line 2860.
) (/Users/dls354/Library/TinyTeX/texmf-dist/tex/generic/iftex/ifxetex.sty
Package: ifxetex 2019/10/25 v0.7 ifxetex legacy package. Use iftex instead.
(/Users/dls354/Library/TinyTeX/texmf-dist/tex/generic/iftex/iftex.sty
Package: iftex 2020/03/06 v1.0d TeX engine tests
)) (/Users/dls354/Library/TinyTeX/texmf-dist/tex/generic/iftex/ifluatex.sty
Package: ifluatex 2019/10/25 v1.5 ifluatex legacy package. Use iftex instead.
) (/Users/dls354/Library/TinyTeX/texmf-dist/tex/latex/base/fixltx2e.sty
Package: fixltx2e 2016/12/29 v2.1a fixes to LaTeX (obsolete)
Applying: [2015/01/01] Old fixltx2e package on input line 46.

Package fixltx2e Warning: fixltx2e is not required with releases after 2015
(fixltx2e)                All fixes are now in the LaTeX kernel.
(fixltx2e)                See the latexrelease package for details.

Already applied: [0000/00/00] Old fixltx2e package on input line 53.
)
(/Users/dls354/Library/TinyTeX/texmf-dist/tex/latex/unicode-math/unicode-math.s
ty (/Users/dls354/Library/TinyTeX/texmf-dist/tex/latex/l3kernel/expl3.sty
Package: expl3 2020-08-07 L3 programming layer (loader) 

(/Users/dls354/Library/TinyTeX/texmf-dist/tex/latex/l3backend/l3backend-xdvipdf
mx.def
File: l3backend-xdvipdfmx.def 2020-08-07 L3 backend support: xdvipdfmx
\g__graphics_track_int=\count185
\l__pdf_internal_box=\box47
\g__pdf_backend_object_int=\count186
\g__pdf_backend_annotation_int=\count187
))
Package: unicode-math 2020/01/31 v0.8q Unicode maths in XeLaTeX and LuaLaTeX

(/Users/dls354/Library/TinyTeX/texmf-dist/tex/latex/unicode-math/unicode-math-x
etex.sty
Package: unicode-math-xetex 2020/01/31 v0.8q Unicode maths in XeLaTeX and LuaLa
TeX

(/Users/dls354/Library/TinyTeX/texmf-dist/tex/latex/l3packages/xparse/xparse.st
y
Package: xparse 2020-05-15 L3 Experimental document command parser

(/Users/dls354/Library/TinyTeX/texmf-dist/tex/latex/l3packages/xparse/xparse-ge
neric.tex
\l__xparse_current_arg_int=\count188
\g__xparse_grabber_int=\count189
\l__xparse_m_args_int=\count190
\l__xparse_v_nesting_int=\count191
))
(/Users/dls354/Library/TinyTeX/texmf-dist/tex/latex/l3packages/l3keys2e/l3keys2
e.sty
Package: l3keys2e 2020-05-15 LaTeX2e option processing using LaTeX3 keys
) (/Users/dls354/Library/TinyTeX/texmf-dist/tex/latex/fontspec/fontspec.sty
Package: fontspec 2020/02/21 v2.7i Font selection for XeLaTeX and LuaLaTeX

(/Users/dls354/Library/TinyTeX/texmf-dist/tex/latex/fontspec/fontspec-xetex.sty
Package: fontspec-xetex 2020/02/21 v2.7i Font selection for XeLaTeX and LuaLaTe
X
\l__fontspec_script_int=\count192
\l__fontspec_language_int=\count193
\l__fontspec_strnum_int=\count194
\l__fontspec_tmp_int=\count195
\l__fontspec_tmpa_int=\count196
\l__fontspec_tmpb_int=\count197
\l__fontspec_tmpc_int=\count198
\l__fontspec_em_int=\count199
\l__fontspec_emdef_int=\count266
\l__fontspec_strong_int=\count267
\l__fontspec_strongdef_int=\count268
\l__fontspec_tmpa_dim=\dimen144
\l__fontspec_tmpb_dim=\dimen145
\l__fontspec_tmpc_dim=\dimen146
(/Users/dls354/Library/TinyTeX/texmf-dist/tex/latex/base/fontenc.sty
Package: fontenc 2020/02/11 v2.0o Standard LaTeX package
) (/Users/dls354/Library/TinyTeX/texmf-dist/tex/latex/fontspec/fontspec.cfg))) 
(/Users/dls354/Library/TinyTeX/texmf-dist/tex/latex/base/fix-cm.sty
Package: fix-cm 2015/01/14 v1.1t fixes to LaTeX
(/Users/dls354/Library/TinyTeX/texmf-dist/tex/latex/base/ts1enc.def
File: ts1enc.def 2001/06/05 v3.0e (jk/car/fm) Standard LaTeX file
LaTeX Font Info:    Redeclaring font encoding TS1 on input line 47.
))
\g__um_fam_int=\count269
\g__um_fonts_used_int=\count270
\l__um_primecount_int=\count271
\g__um_primekern_muskip=\muskip17

(/Users/dls354/Library/TinyTeX/texmf-dist/tex/latex/unicode-math/unicode-math-t
able.tex))) (/Users/dls354/Library/TinyTeX/texmf-dist/tex/latex/upquote/upquote
.sty
Package: upquote 2012/04/19 v1.3 upright-quote and grave-accent glyphs in verba
tim
(/Users/dls354/Library/TinyTeX/texmf-dist/tex/latex/base/textcomp.sty
Package: textcomp 2020/02/02 v2.0n Standard LaTeX package
)) (/Users/dls354/Library/TinyTeX/texmf-dist/tex/latex/hyperref/hyperref.sty
Package: hyperref 2020-05-15 v7.00e Hypertext links for LaTeX
(/Users/dls354/Library/TinyTeX/texmf-dist/tex/generic/ltxcmds/ltxcmds.sty
Package: ltxcmds 2019/12/15 v1.24 LaTeX kernel commands for general use (HO)
)
(/Users/dls354/Library/TinyTeX/texmf-dist/tex/generic/pdftexcmds/pdftexcmds.sty
Package: pdftexcmds 2020-06-27 v0.33 Utility functions of pdfTeX for LuaTeX (HO
)
(/Users/dls354/Library/TinyTeX/texmf-dist/tex/generic/infwarerr/infwarerr.sty
Package: infwarerr 2019/12/03 v1.5 Providing info/warning/error messages (HO)
)
Package pdftexcmds Info: \pdf@primitive is available.
Package pdftexcmds Info: \pdf@ifprimitive is available.
Package pdftexcmds Info: \pdfdraftmode not found.
) (/Users/dls354/Library/TinyTeX/texmf-dist/tex/latex/graphics/keyval.sty
Package: keyval 2014/10/28 v1.15 key=value parser (DPC)
\KV@toks@=\toks21
) (/Users/dls354/Library/TinyTeX/texmf-dist/tex/generic/kvsetkeys/kvsetkeys.sty
Package: kvsetkeys 2019/12/15 v1.18 Key value parser (HO)
)
(/Users/dls354/Library/TinyTeX/texmf-dist/tex/generic/kvdefinekeys/kvdefinekeys
.sty
Package: kvdefinekeys 2019-12-19 v1.6 Define keys (HO)
) (/Users/dls354/Library/TinyTeX/texmf-dist/tex/generic/pdfescape/pdfescape.sty
Package: pdfescape 2019/12/09 v1.15 Implements pdfTeX's escape features (HO)
) (/Users/dls354/Library/TinyTeX/texmf-dist/tex/latex/hycolor/hycolor.sty
Package: hycolor 2020-01-27 v1.10 Color options for hyperref/bookmark (HO)
)
(/Users/dls354/Library/TinyTeX/texmf-dist/tex/latex/letltxmacro/letltxmacro.sty
Package: letltxmacro 2019/12/03 v1.6 Let assignment for LaTeX macros (HO)
) (/Users/dls354/Library/TinyTeX/texmf-dist/tex/latex/auxhook/auxhook.sty
Package: auxhook 2019-12-17 v1.6 Hooks for auxiliary files (HO)
) (/Users/dls354/Library/TinyTeX/texmf-dist/tex/latex/kvoptions/kvoptions.sty
Package: kvoptions 2019/11/29 v3.13 Key value format for package options (HO)
)
\@linkdim=\dimen147
\Hy@linkcounter=\count272
\Hy@pagecounter=\count273
(/Users/dls354/Library/TinyTeX/texmf-dist/tex/latex/hyperref/pd1enc.def
File: pd1enc.def 2020-05-15 v7.00e Hyperref: PDFDocEncoding definition (HO)
) (/Users/dls354/Library/TinyTeX/texmf-dist/tex/generic/intcalc/intcalc.sty
Package: intcalc 2019/12/15 v1.3 Expandable calculations with integers (HO)
) (/Users/dls354/Library/TinyTeX/texmf-dist/tex/generic/etexcmds/etexcmds.sty
Package: etexcmds 2019/12/15 v1.7 Avoid name clashes with e-TeX commands (HO)
)
\Hy@SavedSpaceFactor=\count274
Package hyperref Info: Option `unicode' set `true' on input line 4338.
(/Users/dls354/Library/TinyTeX/texmf-dist/tex/latex/hyperref/puenc.def
File: puenc.def 2020-05-15 v7.00e Hyperref: PDF Unicode definition (HO)
)
Package hyperref Info: Hyper figures OFF on input line 4464.
Package hyperref Info: Link nesting OFF on input line 4469.
Package hyperref Info: Hyper index ON on input line 4472.
Package hyperref Info: Plain pages OFF on input line 4479.
Package hyperref Info: Backreferencing OFF on input line 4484.
Package hyperref Info: Implicit mode ON; LaTeX internals redefined.
Package hyperref Info: Bookmarks ON on input line 4717.
\c@Hy@tempcnt=\count275
(/Users/dls354/Library/TinyTeX/texmf-dist/tex/latex/url/url.sty
\Urlmuskip=\muskip18
Package: url 2013/09/16  ver 3.4  Verb mode for urls, etc.
)
LaTeX Info: Redefining \url on input line 5076.
\XeTeXLinkMargin=\dimen148
(/Users/dls354/Library/TinyTeX/texmf-dist/tex/generic/bitset/bitset.sty
Package: bitset 2019/12/09 v1.3 Handle bit-vector datatype (HO)

(/Users/dls354/Library/TinyTeX/texmf-dist/tex/generic/bigintcalc/bigintcalc.sty
Package: bigintcalc 2019/12/15 v1.5 Expandable calculations on big integers (HO
)
))
\Fld@menulength=\count276
\Field@Width=\dimen149
\Fld@charsize=\dimen150
Package hyperref Info: Hyper figures OFF on input line 6347.
Package hyperref Info: Link nesting OFF on input line 6352.
Package hyperref Info: Hyper index ON on input line 6355.
Package hyperref Info: backreferencing OFF on input line 6362.
Package hyperref Info: Link coloring OFF on input line 6367.
Package hyperref Info: Link coloring with OCG OFF on input line 6372.
Package hyperref Info: PDF/A mode OFF on input line 6377.
LaTeX Info: Redefining \ref on input line 6417.
LaTeX Info: Redefining \pageref on input line 6421.
(/Users/dls354/Library/TinyTeX/texmf-dist/tex/generic/atbegshi/atbegshi.sty
Package: atbegshi 2019/12/05 v1.19 At begin shipout hook (HO)
)
\Hy@abspage=\count277
\c@Item=\count278
\c@Hfootnote=\count279
)
Package hyperref Info: Driver (autodetected): hxetex.
(/Users/dls354/Library/TinyTeX/texmf-dist/tex/latex/hyperref/hxetex.def
File: hxetex.def 2020-05-15 v7.00e Hyperref driver for XeTeX
(/Users/dls354/Library/TinyTeX/texmf-dist/tex/generic/stringenc/stringenc.sty
Package: stringenc 2019/11/29 v1.12 Convert strings between diff. encodings (HO
)
)
\pdfm@box=\box48
\c@Hy@AnnotLevel=\count280
\HyField@AnnotCount=\count281
\Fld@listcount=\count282
\c@bookmark@seq@number=\count283

(/Users/dls354/Library/TinyTeX/texmf-dist/tex/latex/rerunfilecheck/rerunfileche
ck.sty
Package: rerunfilecheck 2019/12/05 v1.9 Rerun checks for auxiliary files (HO)
(/Users/dls354/Library/TinyTeX/texmf-dist/tex/latex/atveryend/atveryend.sty
Package: atveryend 2019-12-11 v1.11 Hooks at the very end of document (HO)
Package atveryend Info: \enddocument detected (standard20110627).
)
(/Users/dls354/Library/TinyTeX/texmf-dist/tex/generic/uniquecounter/uniquecount
er.sty
Package: uniquecounter 2019/12/15 v1.4 Provide unlimited unique counter (HO)
)
Package uniquecounter Info: New unique counter `rerunfilecheck' on input line 2
86.
)
\Hy@SectionHShift=\skip52
)
Package hyperref Info: Option `breaklinks' set `true' on input line 35.
(/Users/dls354/Library/TinyTeX/texmf-dist/tex/latex/graphics/color.sty
Package: color 2019/11/23 v1.2a Standard LaTeX Color (DPC)
(/Users/dls354/Library/TinyTeX/texmf-dist/tex/latex/graphics-cfg/color.cfg
File: color.cfg 2016/01/02 v1.6 sample color configuration
)
Package color Info: Driver file: xetex.def on input line 147.
(/Users/dls354/Library/TinyTeX/texmf-dist/tex/latex/graphics-def/xetex.def
File: xetex.def 2020/08/26 v5.0i Graphics/color driver for xetex
)) (/Users/dls354/Library/TinyTeX/texmf-dist/tex/latex/fancyvrb/fancyvrb.sty
Package: fancyvrb 2020/05/03 v3.6 verbatim text (tvz,hv)
\FV@CodeLineNo=\count284
\FV@InFile=\read2
\FV@TabBox=\box49
\c@FancyVerbLine=\count285
\FV@StepNumber=\count286
\FV@OutFile=\write3
) (/Users/dls354/Library/TinyTeX/texmf-dist/tex/latex/framed/framed.sty
Package: framed 2011/10/22 v 0.96: framed or shaded text with page breaks
\OuterFrameSep=\skip53
\fb@frw=\dimen151
\fb@frh=\dimen152
\FrameRule=\dimen153
\FrameSep=\dimen154
) (/Users/dls354/Library/TinyTeX/texmf-dist/tex/latex/tools/longtable.sty
Package: longtable 2020/01/07 v4.13 Multi-page Table package (DPC)
\LTleft=\skip54
\LTright=\skip55
\LTpre=\skip56
\LTpost=\skip57
\LTchunksize=\count287
\LTcapwidth=\dimen155
\LT@head=\box50
\LT@firsthead=\box51
\LT@foot=\box52
\LT@lastfoot=\box53
\LT@cols=\count288
\LT@rows=\count289
\c@LT@tables=\count290
\c@LT@chunks=\count291
\LT@p@ftn=\toks22
) (/Users/dls354/Library/TinyTeX/texmf-dist/tex/latex/booktabs/booktabs.sty
Package: booktabs 2020/01/12 v1.61803398 Publication quality tables
\heavyrulewidth=\dimen156
\lightrulewidth=\dimen157
\cmidrulewidth=\dimen158
\belowrulesep=\dimen159
\belowbottomsep=\dimen160
\aboverulesep=\dimen161
\abovetopsep=\dimen162
\cmidrulesep=\dimen163
\cmidrulekern=\dimen164
\defaultaddspace=\dimen165
\@cmidla=\count292
\@cmidlb=\count293
\@aboverulesep=\dimen166
\@belowrulesep=\dimen167
\@thisruleclass=\count294
\@lastruleclass=\count295
\@thisrulewidth=\dimen168
) (/Users/dls354/Library/TinyTeX/texmf-dist/tex/latex/mdwtools/footnote.sty
Package: footnote 1997/01/28 1.13 Save footnotes around boxes
\fn@notes=\box54
\fn@width=\dimen169
) (/Users/dls354/Library/TinyTeX/texmf-dist/tex/latex/graphics/graphicx.sty
Package: graphicx 2019/11/30 v1.2a Enhanced LaTeX Graphics (DPC,SPQR)
(/Users/dls354/Library/TinyTeX/texmf-dist/tex/latex/graphics/graphics.sty
Package: graphics 2019/11/30 v1.4a Standard LaTeX Graphics (DPC,SPQR)
(/Users/dls354/Library/TinyTeX/texmf-dist/tex/latex/graphics/trig.sty
Package: trig 2016/01/03 v1.10 sin cos tan (DPC)
) (/Users/dls354/Library/TinyTeX/texmf-dist/tex/latex/graphics-cfg/graphics.cfg
File: graphics.cfg 2016/06/04 v1.11 sample graphics configuration
)
Package graphics Info: Driver file: xetex.def on input line 105.
)
\Gin@req@height=\dimen170
\Gin@req@width=\dimen171
) (/Users/dls354/Library/TinyTeX/texmf-dist/tex/latex/grffile/grffile.sty
Package: grffile 2019/11/11 v2.1 Extended file name support for graphics (legac
y)
Package grffile Info: This package is an empty stub for compatibility on input 
line 40.
) (/Users/dls354/Library/TinyTeX/texmf-dist/tex/latex/natbib/natbib.sty
Package: natbib 2010/09/13 8.31b (PWD, AO)
\bibhang=\skip58
\bibsep=\skip59
LaTeX Info: Redefining \cite on input line 694.
\c@NAT@ctr=\count296
) (./Statsitical-Methods-II.aux

LaTeX Warning: Label `example' multiply defined.


LaTeX Warning: Label `confidence-intervals' multiply defined.


LaTeX Warning: Label `block-designs' multiply defined.


LaTeX Warning: Label `randomized-complete-block-design-rcbd' multiply defined.


LaTeX Warning: Label `learning-outcomes' multiply defined.


LaTeX Warning: Label `introduction' multiply defined.


LaTeX Warning: Label `exercises' multiply defined.

)
\openout1 = `Statsitical-Methods-II.aux'.

LaTeX Font Info:    Checking defaults for OML/cmm/m/it on input line 116.
LaTeX Font Info:    ... okay on input line 116.
LaTeX Font Info:    Checking defaults for OMS/cmsy/m/n on input line 116.
LaTeX Font Info:    ... okay on input line 116.
LaTeX Font Info:    Checking defaults for OT1/cmr/m/n on input line 116.
LaTeX Font Info:    ... okay on input line 116.
LaTeX Font Info:    Checking defaults for T1/cmr/m/n on input line 116.
LaTeX Font Info:    ... okay on input line 116.
LaTeX Font Info:    Checking defaults for TS1/cmr/m/n on input line 116.
LaTeX Font Info:    ... okay on input line 116.
LaTeX Font Info:    Checking defaults for TU/lmr/m/n on input line 116.
LaTeX Font Info:    ... okay on input line 116.
LaTeX Font Info:    Checking defaults for OMX/cmex/m/n on input line 116.
LaTeX Font Info:    ... okay on input line 116.
LaTeX Font Info:    Checking defaults for U/cmr/m/n on input line 116.
LaTeX Font Info:    ... okay on input line 116.
LaTeX Font Info:    Checking defaults for PD1/pdf/m/n on input line 116.
LaTeX Font Info:    ... okay on input line 116.
LaTeX Font Info:    Checking defaults for PU/pdf/m/n on input line 116.
LaTeX Font Info:    ... okay on input line 116.
LaTeX Font Info:    Overwriting math alphabet `\mathrm' in version `normal'
(Font)                  OT1/lmr/m/n --> TU/lmr/m/n on input line 116.
LaTeX Font Info:    Overwriting math alphabet `\mathit' in version `normal'
(Font)                  OT1/lmr/m/it --> TU/lmr/m/it on input line 116.
LaTeX Font Info:    Overwriting math alphabet `\mathbf' in version `normal'
(Font)                  OT1/lmr/bx/n --> TU/lmr/bx/n on input line 116.
LaTeX Font Info:    Overwriting math alphabet `\mathsf' in version `normal'
(Font)                  OT1/lmss/m/n --> TU/lmss/m/n on input line 116.
LaTeX Font Info:    Overwriting math alphabet `\mathsf' in version `bold'
(Font)                  OT1/lmss/bx/n --> TU/lmss/bx/n on input line 116.
LaTeX Font Info:    Overwriting math alphabet `\mathtt' in version `normal'
(Font)                  OT1/lmtt/m/n --> TU/lmtt/m/n on input line 116.
LaTeX Font Info:    Overwriting math alphabet `\mathtt' in version `bold'
(Font)                  OT1/lmtt/m/n --> TU/lmtt/bx/n on input line 116.

Package fontspec Info: latinmodern-math scale = 0.9999964596882403.


Package fontspec Info: latinmodern-math scale = 0.9999964596882403.


Package fontspec Info: latinmodern-math scale = 0.9999964596882403.


Package fontspec Info: Font family 'latinmodern-math.otf(0)' created for font
(fontspec)             'latinmodern-math.otf' with options
(fontspec)             [Ligatures=TeX,Scale=MatchLowercase,BoldItalicFont={},It
alicFont={},SmallCapsFont={},Script=Math,BoldFont={latinmodern-math.otf}].
(fontspec)              
(fontspec)              This font family consists of the following NFSS
(fontspec)             series/shapes:
(fontspec)              
(fontspec)             - 'normal' (m/n) with NFSS spec.:
(fontspec)             <->s*[0.9999964596882403]"[latinmodern-math.otf]/OT:scri
pt=math;language=dflt;mapping=tex-text;"
(fontspec)             - 'small caps'  (m/sc) with NFSS spec.: 
(fontspec)             - 'bold' (b/n) with NFSS spec.:
(fontspec)             <->s*[0.9999964596882403]"[latinmodern-math.otf]/OT:scri
pt=math;language=dflt;mapping=tex-text;"
(fontspec)             - 'bold small caps'  (b/sc) with NFSS spec.: 

LaTeX Font Info:    Font shape `TU/latinmodern-math.otf(0)/m/n' will be
(Font)              scaled to size 10.0pt on input line 116.

Package fontspec Info: latinmodern-math scale = 0.9999964596882403.


Package fontspec Info: latinmodern-math scale = 0.9999964596882403.


Package fontspec Info: latinmodern-math scale = 0.9999964596882403.


Package fontspec Info: latinmodern-math scale = 0.9999964596882403.


Package fontspec Info: latinmodern-math scale = 0.9999964596882403.


Package fontspec Info: Font family 'latinmodern-math.otf(1)' created for font
(fontspec)             'latinmodern-math.otf' with options
(fontspec)             [Ligatures=TeX,Scale=MatchLowercase,BoldItalicFont={},It
alicFont={},SmallCapsFont={},Script=Math,SizeFeatures={{Size=8.5-},{Size=6-8.5,
Font=latinmodern-math.otf,Style=MathScript},{Size=-6,Font=latinmodern-math.otf,
Style=MathScriptScript}},BoldFont={latinmodern-math.otf}].
(fontspec)              
(fontspec)              This font family consists of the following NFSS
(fontspec)             series/shapes:
(fontspec)              
(fontspec)             - 'normal' (m/n) with NFSS spec.:
(fontspec)             <8.5->s*[0.9999964596882403]"[latinmodern-math.otf]/OT:s
cript=math;language=dflt;mapping=tex-text;"<6-8.5>s*[0.9999964596882403]"[latin
modern-math.otf]/OT:script=math;language=dflt;+ssty=0;mapping=tex-text;"<-6>s*[
0.9999964596882403]"[latinmodern-math.otf]/OT:script=math;language=dflt;+ssty=1
;mapping=tex-text;"
(fontspec)             - 'small caps'  (m/sc) with NFSS spec.: 
(fontspec)             - 'bold' (b/n) with NFSS spec.:
(fontspec)             <->s*[0.9999964596882403]"[latinmodern-math.otf]/OT:scri
pt=math;language=dflt;mapping=tex-text;"
(fontspec)             - 'bold small caps'  (b/sc) with NFSS spec.: 

LaTeX Font Info:    Font shape `TU/latinmodern-math.otf(1)/m/n' will be
(Font)              scaled to size 10.0pt on input line 116.
LaTeX Font Info:    Encoding `OT1' has changed to `TU' for symbol font
(Font)              `operators' in the math version `normal' on input line 116.

LaTeX Font Info:    Overwriting symbol font `operators' in version `normal'
(Font)                  OT1/lmr/m/n --> TU/latinmodern-math.otf(1)/m/n on input
 line 116.
LaTeX Font Info:    Encoding `OT1' has changed to `TU' for symbol font
(Font)              `operators' in the math version `bold' on input line 116.
LaTeX Font Info:    Overwriting symbol font `operators' in version `bold'
(Font)                  OT1/lmr/bx/n --> TU/latinmodern-math.otf(1)/b/n on inpu
t line 116.

Package fontspec Info: latinmodern-math scale = 0.9999964596882403.


Package fontspec Info: latinmodern-math scale = 1.000096459334209.


Package fontspec Info: latinmodern-math scale = 0.9999964596882403.


Package fontspec Info: latinmodern-math scale = 1.000096459334209.


Package fontspec Info: latinmodern-math scale = 0.9999964596882403.


Package fontspec Info: latinmodern-math scale = 1.000096459334209.


Package fontspec Info: latinmodern-math scale = 0.9999964596882403.


Package fontspec Info: latinmodern-math scale = 1.000096459334209.


Package fontspec Info: latinmodern-math scale = 0.9999964596882403.


Package fontspec Info: latinmodern-math scale = 1.000096459334209.


Package fontspec Info: Font family 'latinmodern-math.otf(2)' created for font
(fontspec)             'latinmodern-math.otf' with options
(fontspec)             [Ligatures=TeX,Scale=MatchLowercase,BoldItalicFont={},It
alicFont={},SmallCapsFont={},Script=Math,SizeFeatures={{Size=8.5-},{Size=6-8.5,
Font=latinmodern-math.otf,Style=MathScript},{Size=-6,Font=latinmodern-math.otf,
Style=MathScriptScript}},BoldFont={latinmodern-math.otf},ScaleAgain=1.0001,Font
Adjustment={\fontdimen
(fontspec)             8\font =6.77pt\relax \fontdimen 9\font =3.94pt\relax
(fontspec)             \fontdimen 10\font =4.44pt\relax \fontdimen 11\font
(fontspec)             =6.86pt\relax \fontdimen 12\font =3.45pt\relax
(fontspec)             \fontdimen 13\font =3.63pt\relax \fontdimen 14\font
(fontspec)             =3.63pt\relax \fontdimen 15\font =2.89pt\relax
(fontspec)             \fontdimen 16\font =2.47pt\relax \fontdimen 17\font
(fontspec)             =2.47pt\relax \fontdimen 18\font =2.5pt\relax
(fontspec)             \fontdimen 19\font =2.0pt\relax \fontdimen 22\font
(fontspec)             =2.5pt\relax \fontdimen 20\font =0pt\relax \fontdimen
(fontspec)             21\font =0pt\relax }].
(fontspec)              
(fontspec)              This font family consists of the following NFSS
(fontspec)             series/shapes:
(fontspec)              
(fontspec)             - 'normal' (m/n) with NFSS spec.:
(fontspec)             <8.5->s*[1.000096459334209]"[latinmodern-math.otf]/OT:sc
ript=math;language=dflt;mapping=tex-text;"<6-8.5>s*[1.000096459334209]"[latinmo
dern-math.otf]/OT:script=math;language=dflt;+ssty=0;mapping=tex-text;"<-6>s*[1.
000096459334209]"[latinmodern-math.otf]/OT:script=math;language=dflt;+ssty=1;ma
pping=tex-text;"
(fontspec)             - 'small caps'  (m/sc) with NFSS spec.: 
(fontspec)             and font adjustment code:
(fontspec)             \fontdimen 8\font =6.77pt\relax \fontdimen 9\font
(fontspec)             =3.94pt\relax \fontdimen 10\font =4.44pt\relax
(fontspec)             \fontdimen 11\font =6.86pt\relax \fontdimen 12\font
(fontspec)             =3.45pt\relax \fontdimen 13\font =3.63pt\relax
(fontspec)             \fontdimen 14\font =3.63pt\relax \fontdimen 15\font
(fontspec)             =2.89pt\relax \fontdimen 16\font =2.47pt\relax
(fontspec)             \fontdimen 17\font =2.47pt\relax \fontdimen 18\font
(fontspec)             =2.5pt\relax \fontdimen 19\font =2.0pt\relax \fontdimen
(fontspec)             22\font =2.5pt\relax \fontdimen 20\font =0pt\relax
(fontspec)             \fontdimen 21\font =0pt\relax 
(fontspec)             - 'bold' (b/n) with NFSS spec.:
(fontspec)             <->s*[1.000096459334209]"[latinmodern-math.otf]/OT:scrip
t=math;language=dflt;mapping=tex-text;"
(fontspec)             - 'bold small caps'  (b/sc) with NFSS spec.: 
(fontspec)             and font adjustment code:
(fontspec)             \fontdimen 8\font =6.77pt\relax \fontdimen 9\font
(fontspec)             =3.94pt\relax \fontdimen 10\font =4.44pt\relax
(fontspec)             \fontdimen 11\font =6.86pt\relax \fontdimen 12\font
(fontspec)             =3.45pt\relax \fontdimen 13\font =3.63pt\relax
(fontspec)             \fontdimen 14\font =3.63pt\relax \fontdimen 15\font
(fontspec)             =2.89pt\relax \fontdimen 16\font =2.47pt\relax
(fontspec)             \fontdimen 17\font =2.47pt\relax \fontdimen 18\font
(fontspec)             =2.5pt\relax \fontdimen 19\font =2.0pt\relax \fontdimen
(fontspec)             22\font =2.5pt\relax \fontdimen 20\font =0pt\relax
(fontspec)             \fontdimen 21\font =0pt\relax 

LaTeX Font Info:    Encoding `OMS' has changed to `TU' for symbol font
(Font)              `symbols' in the math version `normal' on input line 116.
LaTeX Font Info:    Overwriting symbol font `symbols' in version `normal'
(Font)                  OMS/lmsy/m/n --> TU/latinmodern-math.otf(2)/m/n on inpu
t line 116.
LaTeX Font Info:    Encoding `OMS' has changed to `TU' for symbol font
(Font)              `symbols' in the math version `bold' on input line 116.
LaTeX Font Info:    Overwriting symbol font `symbols' in version `bold'
(Font)                  OMS/lmsy/b/n --> TU/latinmodern-math.otf(2)/b/n on inpu
t line 116.

Package fontspec Info: latinmodern-math scale = 0.9999964596882403.


Package fontspec Info: latinmodern-math scale = 0.9998964600422715.


Package fontspec Info: latinmodern-math scale = 0.9999964596882403.


Package fontspec Info: latinmodern-math scale = 0.9998964600422715.


Package fontspec Info: latinmodern-math scale = 0.9999964596882403.


Package fontspec Info: latinmodern-math scale = 0.9998964600422715.


Package fontspec Info: latinmodern-math scale = 0.9999964596882403.


Package fontspec Info: latinmodern-math scale = 0.9998964600422715.


Package fontspec Info: latinmodern-math scale = 0.9999964596882403.


Package fontspec Info: latinmodern-math scale = 0.9998964600422715.


Package fontspec Info: Font family 'latinmodern-math.otf(3)' created for font
(fontspec)             'latinmodern-math.otf' with options
(fontspec)             [Ligatures=TeX,Scale=MatchLowercase,BoldItalicFont={},It
alicFont={},SmallCapsFont={},Script=Math,SizeFeatures={{Size=8.5-},{Size=6-8.5,
Font=latinmodern-math.otf,Style=MathScript},{Size=-6,Font=latinmodern-math.otf,
Style=MathScriptScript}},BoldFont={latinmodern-math.otf},ScaleAgain=0.9999,Font
Adjustment={\fontdimen
(fontspec)             8\font =0.4pt\relax \fontdimen 9\font =2.0pt\relax
(fontspec)             \fontdimen 10\font =1.67pt\relax \fontdimen 11\font
(fontspec)             =1.11pt\relax \fontdimen 12\font =6.0pt\relax
(fontspec)             \fontdimen 13\font =0pt\relax }].
(fontspec)              
(fontspec)              This font family consists of the following NFSS
(fontspec)             series/shapes:
(fontspec)              
(fontspec)             - 'normal' (m/n) with NFSS spec.:
(fontspec)             <8.5->s*[0.9998964600422715]"[latinmodern-math.otf]/OT:s
cript=math;language=dflt;mapping=tex-text;"<6-8.5>s*[0.9998964600422715]"[latin
modern-math.otf]/OT:script=math;language=dflt;+ssty=0;mapping=tex-text;"<-6>s*[
0.9998964600422715]"[latinmodern-math.otf]/OT:script=math;language=dflt;+ssty=1
;mapping=tex-text;"
(fontspec)             - 'small caps'  (m/sc) with NFSS spec.: 
(fontspec)             and font adjustment code:
(fontspec)             \fontdimen 8\font =0.4pt\relax \fontdimen 9\font
(fontspec)             =2.0pt\relax \fontdimen 10\font =1.67pt\relax
(fontspec)             \fontdimen 11\font =1.11pt\relax \fontdimen 12\font
(fontspec)             =6.0pt\relax \fontdimen 13\font =0pt\relax 
(fontspec)             - 'bold' (b/n) with NFSS spec.:
(fontspec)             <->s*[0.9998964600422715]"[latinmodern-math.otf]/OT:scri
pt=math;language=dflt;mapping=tex-text;"
(fontspec)             - 'bold small caps'  (b/sc) with NFSS spec.: 
(fontspec)             and font adjustment code:
(fontspec)             \fontdimen 8\font =0.4pt\relax \fontdimen 9\font
(fontspec)             =2.0pt\relax \fontdimen 10\font =1.67pt\relax
(fontspec)             \fontdimen 11\font =1.11pt\relax \fontdimen 12\font
(fontspec)             =6.0pt\relax \fontdimen 13\font =0pt\relax 

LaTeX Font Info:    Encoding `OMX' has changed to `TU' for symbol font
(Font)              `largesymbols' in the math version `normal' on input line 1
16.
LaTeX Font Info:    Overwriting symbol font `largesymbols' in version `normal'
(Font)                  OMX/lmex/m/n --> TU/latinmodern-math.otf(3)/m/n on inpu
t line 116.
LaTeX Font Info:    Encoding `OMX' has changed to `TU' for symbol font
(Font)              `largesymbols' in the math version `bold' on input line 116
.
LaTeX Font Info:    Overwriting symbol font `largesymbols' in version `bold'
(Font)                  OMX/lmex/m/n --> TU/latinmodern-math.otf(3)/b/n on inpu
t line 116.
\AtBeginShipoutBox=\box55
Package hyperref Info: Link coloring OFF on input line 116.
(/Users/dls354/Library/TinyTeX/texmf-dist/tex/latex/hyperref/nameref.sty
Package: nameref 2019/09/16 v2.46 Cross-referencing by name of section
(/Users/dls354/Library/TinyTeX/texmf-dist/tex/latex/refcount/refcount.sty
Package: refcount 2019/12/15 v3.6 Data extraction from label references (HO)
)
(/Users/dls354/Library/TinyTeX/texmf-dist/tex/generic/gettitlestring/gettitlest
ring.sty
Package: gettitlestring 2019/12/15 v1.6 Cleanup title references (HO)
)
\c@section@level=\count297
)
LaTeX Info: Redefining \ref on input line 116.
LaTeX Info: Redefining \pageref on input line 116.
LaTeX Info: Redefining \nameref on input line 116.
(./Statsitical-Methods-II.out) (./Statsitical-Methods-II.out)
\@outlinefile=\write4
\openout4 = `Statsitical-Methods-II.out'.

LaTeX Font Info:    Font shape `TU/latinmodern-math.otf(1)/m/n' will be
(Font)              scaled to size 12.0pt on input line 118.
LaTeX Font Info:    Font shape `TU/latinmodern-math.otf(1)/m/n' will be
(Font)              scaled to size 8.0pt on input line 118.
LaTeX Font Info:    Font shape `TU/latinmodern-math.otf(1)/m/n' will be
(Font)              scaled to size 6.0pt on input line 118.
LaTeX Font Info:    Trying to load font information for OML+lmm on input line 1
18.
(/Users/dls354/Library/TinyTeX/texmf-dist/tex/latex/lm/omllmm.fd
File: omllmm.fd 2009/10/30 v1.6 Font defs for Latin Modern
)
LaTeX Font Info:    Font shape `TU/latinmodern-math.otf(2)/m/n' will be
(Font)              scaled to size 12.0011pt on input line 118.
LaTeX Font Info:    Font shape `TU/latinmodern-math.otf(2)/m/n' will be
(Font)              scaled to size 8.00073pt on input line 118.
LaTeX Font Info:    Font shape `TU/latinmodern-math.otf(2)/m/n' will be
(Font)              scaled to size 6.00055pt on input line 118.
LaTeX Font Info:    Font shape `TU/latinmodern-math.otf(3)/m/n' will be
(Font)              scaled to size 11.99872pt on input line 118.
LaTeX Font Info:    Font shape `TU/latinmodern-math.otf(3)/m/n' will be
(Font)              scaled to size 7.99915pt on input line 118.
LaTeX Font Info:    Font shape `TU/latinmodern-math.otf(3)/m/n' will be
(Font)              scaled to size 5.99936pt on input line 118.
LaTeX Font Info:    Trying to load font information for U+msa on input line 118
.
(/Users/dls354/Library/TinyTeX/texmf-dist/tex/latex/amsfonts/umsa.fd
File: umsa.fd 2013/01/14 v3.01 AMS symbols A
)
LaTeX Font Info:    Trying to load font information for U+msb on input line 118
.
(/Users/dls354/Library/TinyTeX/texmf-dist/tex/latex/amsfonts/umsb.fd
File: umsb.fd 2013/01/14 v3.01 AMS symbols B
) [1


] [2

] (./Statsitical-Methods-II.toc
LaTeX Font Info:    Font shape `TU/latinmodern-math.otf(1)/m/n' will be
(Font)              scaled to size 7.0pt on input line 5.
LaTeX Font Info:    Font shape `TU/latinmodern-math.otf(1)/m/n' will be
(Font)              scaled to size 5.0pt on input line 5.
LaTeX Font Info:    Font shape `TU/latinmodern-math.otf(2)/m/n' will be
(Font)              scaled to size 10.00092pt on input line 5.
LaTeX Font Info:    Font shape `TU/latinmodern-math.otf(2)/m/n' will be
(Font)              scaled to size 7.00064pt on input line 5.
LaTeX Font Info:    Font shape `TU/latinmodern-math.otf(2)/m/n' will be
(Font)              scaled to size 5.00046pt on input line 5.
LaTeX Font Info:    Font shape `TU/latinmodern-math.otf(3)/m/n' will be
(Font)              scaled to size 9.99893pt on input line 5.
LaTeX Font Info:    Font shape `TU/latinmodern-math.otf(3)/m/n' will be
(Font)              scaled to size 6.99925pt on input line 5.
LaTeX Font Info:    Font shape `TU/latinmodern-math.otf(3)/m/n' will be
(Font)              scaled to size 4.99947pt on input line 5.
[3] [4] [5])
\tf@toc=\write5
\openout5 = `Statsitical-Methods-II.toc'.

[6] [7

] [8

] [9] [10]
Chapter 1.
[11

]
LaTeX Font Info:    Font shape `TU/latinmodern-math.otf(1)/b/n' will be
(Font)              scaled to size 10.0pt on input line 182.
LaTeX Font Info:    Font shape `TU/latinmodern-math.otf(1)/b/n' will be
(Font)              scaled to size 7.0pt on input line 182.
LaTeX Font Info:    Font shape `TU/latinmodern-math.otf(1)/b/n' will be
(Font)              scaled to size 5.0pt on input line 182.
LaTeX Font Info:    Font shape `TU/latinmodern-math.otf(2)/b/n' will be
(Font)              scaled to size 10.00092pt on input line 182.
LaTeX Font Info:    Font shape `TU/latinmodern-math.otf(2)/b/n' will be
(Font)              scaled to size 7.00064pt on input line 182.
LaTeX Font Info:    Font shape `TU/latinmodern-math.otf(2)/b/n' will be
(Font)              scaled to size 5.00046pt on input line 182.
LaTeX Font Info:    Font shape `TU/latinmodern-math.otf(3)/b/n' will be
(Font)              scaled to size 9.99893pt on input line 182.
LaTeX Font Info:    Font shape `TU/latinmodern-math.otf(3)/b/n' will be
(Font)              scaled to size 6.99925pt on input line 182.
LaTeX Font Info:    Font shape `TU/latinmodern-math.otf(3)/b/n' will be
(Font)              scaled to size 4.99947pt on input line 182.
[12] [13] [14] [15] [16]
File: External_Images/determinant.png Graphic file (type bmp)
<External_Images/determinant.png>

Overfull \hbox (133.2795pt too wide) in paragraph at lines 559--559
 [] 
 []


Underfull \vbox (badness 10000) has occurred while \output is active []

[17] [18] [19]
Overfull \hbox (50.5518pt too wide) detected at line 666
[] [] []        [] [] []        [] [] []        [] [] []        [] [] []
 []

[20]
Chapter 2.
LaTeX Font Info:    Font shape `TU/lmtt/bx/n' in size <10> not available
(Font)              Font shape `TU/lmtt/b/n' tried instead on input line 691.
[21

]
File: Statsitical-Methods-II_files/figure-latex/unnamed-chunk-5-1.pdf Graphic f
ile (type pdf)
<use Statsitical-Methods-II_files/figure-latex/unnamed-chunk-5-1.pdf>
[22] [23]
Underfull \vbox (badness 3281) has occurred while \output is active []

[24] [25] [26]
LaTeX Font Info:    Font shape `TU/latinmodern-math.otf(1)/b/n' will be
(Font)              scaled to size 8.0pt on input line 1090.
LaTeX Font Info:    Font shape `TU/latinmodern-math.otf(1)/b/n' will be
(Font)              scaled to size 6.0pt on input line 1090.
LaTeX Font Info:    Font shape `TU/latinmodern-math.otf(2)/b/n' will be
(Font)              scaled to size 8.00073pt on input line 1090.
LaTeX Font Info:    Font shape `TU/latinmodern-math.otf(2)/b/n' will be
(Font)              scaled to size 6.00055pt on input line 1090.
LaTeX Font Info:    Font shape `TU/latinmodern-math.otf(3)/b/n' will be
(Font)              scaled to size 7.99915pt on input line 1090.
LaTeX Font Info:    Font shape `TU/latinmodern-math.otf(3)/b/n' will be
(Font)              scaled to size 5.99936pt on input line 1090.
[27] [28] [29]
File: Statsitical-Methods-II_files/figure-latex/unnamed-chunk-6-1.pdf Graphic f
ile (type pdf)
<use Statsitical-Methods-II_files/figure-latex/unnamed-chunk-6-1.pdf>
[30] [31] [32] [33]
Overfull \hbox (16.49385pt too wide) in alignment at lines 1382--1384
 [] [] [] [] [] [] [] [] [] [] [] 
 []


Overfull \hbox (16.49385pt too wide) in alignment at lines 1384--1455
 [] [] [] [] [] [] [] [] [] [] [] 
 []

[34]
Chapter 3.
[35

]
Overfull \hbox (27.75pt too wide) in paragraph at lines 1546--1546
[]\TU/lmtt/m/n/10 ##              Species Endemics  Area Elevation Nearest Scru
z Adjacent[] 
 []


Overfull \hbox (27.75pt too wide) in paragraph at lines 1546--1546
[]\TU/lmtt/m/n/10 ## Baltra            58       23 25.09       346     0.6   0.
6     1.84[] 
 []


Overfull \hbox (27.75pt too wide) in paragraph at lines 1546--1546
[]\TU/lmtt/m/n/10 ## Bartolome         31       21  1.24       109     0.6  26.
3   572.33[] 
 []


Overfull \hbox (27.75pt too wide) in paragraph at lines 1546--1546
[]\TU/lmtt/m/n/10 ## Caldwell           3        3  0.21       114     2.8  58.
7     0.78[] 
 []


Overfull \hbox (27.75pt too wide) in paragraph at lines 1546--1546
[]\TU/lmtt/m/n/10 ## Champion          25        9  0.10        46     1.9  47.
4     0.18[] 
 []


Overfull \hbox (27.75pt too wide) in paragraph at lines 1546--1546
[]\TU/lmtt/m/n/10 ## Coamano            2        1  0.05        77     1.9   1.
9   903.82[] 
 []


Overfull \hbox (27.75pt too wide) in paragraph at lines 1546--1546
[]\TU/lmtt/m/n/10 ## Daphne.Major      18       11  0.34       119     8.0   8.
0     1.84[] 
 []

[36] [37]
File: Statsitical-Methods-II_files/figure-latex/unnamed-chunk-17-1.pdf Graphic 
file (type pdf)
<use Statsitical-Methods-II_files/figure-latex/unnamed-chunk-17-1.pdf>
[38]
Overfull \hbox (27.75pt too wide) in paragraph at lines 1630--1630
[]\TU/lmtt/m/n/10 ##              Species Endemics  Area Elevation Nearest Scru
z Adjacent[] 
 []


Overfull \hbox (27.75pt too wide) in paragraph at lines 1630--1630
[]\TU/lmtt/m/n/10 ## Baltra            58       23 25.09       346     0.6   0.
6     1.84[] 
 []


Overfull \hbox (27.75pt too wide) in paragraph at lines 1630--1630
[]\TU/lmtt/m/n/10 ## Bartolome         31       21  1.24       109     0.6  26.
3   572.33[] 
 []


Overfull \hbox (27.75pt too wide) in paragraph at lines 1630--1630
[]\TU/lmtt/m/n/10 ## Caldwell           3        3  0.21       114     2.8  58.
7     0.78[] 
 []


Overfull \hbox (27.75pt too wide) in paragraph at lines 1630--1630
[]\TU/lmtt/m/n/10 ## Champion          25        9  0.10        46     1.9  47.
4     0.18[] 
 []


Overfull \hbox (27.75pt too wide) in paragraph at lines 1630--1630
[]\TU/lmtt/m/n/10 ## Coamano            2        1  0.05        77     1.9   1.
9   903.82[] 
 []


Overfull \hbox (27.75pt too wide) in paragraph at lines 1630--1630
[]\TU/lmtt/m/n/10 ## Daphne.Major      18       11  0.34       119     8.0   8.
0     1.84[] 
 []


Overfull \hbox (12.0pt too wide) in paragraph at lines 1679--1679
[]\TU/lmtt/m/n/10 ##              (Intercept)    Area Elevation Nearest Scruz A
djacent[] 
 []


Overfull \hbox (12.0pt too wide) in paragraph at lines 1679--1679
[]\TU/lmtt/m/n/10 ## Baltra                 1   25.09       346     0.6   0.6  
   1.84[] 
 []


Overfull \hbox (12.0pt too wide) in paragraph at lines 1679--1679
[]\TU/lmtt/m/n/10 ## Bartolome              1    1.24       109     0.6  26.3  
 572.33[] 
 []


Overfull \hbox (12.0pt too wide) in paragraph at lines 1679--1679
[]\TU/lmtt/m/n/10 ## Caldwell               1    0.21       114     2.8  58.7  
   0.78[] 
 []


Overfull \hbox (12.0pt too wide) in paragraph at lines 1679--1679
[]\TU/lmtt/m/n/10 ## Champion               1    0.10        46     1.9  47.4  
   0.18[] 
 []


Overfull \hbox (12.0pt too wide) in paragraph at lines 1679--1679
[]\TU/lmtt/m/n/10 ## Coamano                1    0.05        77     1.9   1.9  
 903.82[] 
 []


Overfull \hbox (12.0pt too wide) in paragraph at lines 1679--1679
[]\TU/lmtt/m/n/10 ## Daphne.Major           1    0.34       119     8.0   8.0  
   1.84[] 
 []


Overfull \hbox (12.0pt too wide) in paragraph at lines 1679--1679
[]\TU/lmtt/m/n/10 ## Daphne.Minor           1    0.08        93     6.0  12.0  
   0.34[] 
 []


Overfull \hbox (12.0pt too wide) in paragraph at lines 1679--1679
[]\TU/lmtt/m/n/10 ## Darwin                 1    2.33       168    34.1 290.2  
   2.85[] 
 []


Overfull \hbox (12.0pt too wide) in paragraph at lines 1679--1679
[]\TU/lmtt/m/n/10 ## Eden                   1    0.03        71     0.4   0.4  
  17.95[] 
 []


Overfull \hbox (12.0pt too wide) in paragraph at lines 1679--1679
[]\TU/lmtt/m/n/10 ## Enderby                1    0.18       112     2.6  50.2  
   0.10[] 
 []


Overfull \hbox (12.0pt too wide) in paragraph at lines 1679--1679
[]\TU/lmtt/m/n/10 ## Espanola               1   58.27       198     1.1  88.3  
   0.57[] 
 []


Overfull \hbox (12.0pt too wide) in paragraph at lines 1679--1679
[]\TU/lmtt/m/n/10 ## Fernandina             1  634.49      1494     4.3  95.3  
4669.32[] 
 []


Overfull \hbox (12.0pt too wide) in paragraph at lines 1679--1679
[]\TU/lmtt/m/n/10 ## Gardner1               1    0.57        49     1.1  93.1  
  58.27[] 
 []


Overfull \hbox (12.0pt too wide) in paragraph at lines 1679--1679
[]\TU/lmtt/m/n/10 ## Gardner2               1    0.78       227     4.6  62.2  
   0.21[] 
 []

[39]
Overfull \hbox (12.0pt too wide) in paragraph at lines 1679--1679
[]\TU/lmtt/m/n/10 ## Genovesa               1   17.35        76    47.4  92.2  
 129.49[] 
 []


Overfull \hbox (12.0pt too wide) in paragraph at lines 1679--1679
[]\TU/lmtt/m/n/10 ## Isabela                1 4669.32      1707     0.7  28.1  
 634.49[] 
 []


Overfull \hbox (12.0pt too wide) in paragraph at lines 1679--1679
[]\TU/lmtt/m/n/10 ## Marchena               1  129.49       343    29.1  85.9  
  59.56[] 
 []


Overfull \hbox (12.0pt too wide) in paragraph at lines 1679--1679
[]\TU/lmtt/m/n/10 ## Onslow                 1    0.01        25     3.3  45.9  
   0.10[] 
 []


Overfull \hbox (12.0pt too wide) in paragraph at lines 1679--1679
[]\TU/lmtt/m/n/10 ## Pinta                  1   59.56       777    29.1 119.6  
 129.49[] 
 []


Overfull \hbox (12.0pt too wide) in paragraph at lines 1679--1679
[]\TU/lmtt/m/n/10 ## Pinzon                 1   17.95       458    10.7  10.7  
   0.03[] 
 []


Overfull \hbox (12.0pt too wide) in paragraph at lines 1679--1679
[]\TU/lmtt/m/n/10 ## Las.Plazas             1    0.23        94     0.5   0.6  
  25.09[] 
 []


Overfull \hbox (12.0pt too wide) in paragraph at lines 1679--1679
[]\TU/lmtt/m/n/10 ## Rabida                 1    4.89       367     4.4  24.4  
 572.33[] 
 []


Overfull \hbox (12.0pt too wide) in paragraph at lines 1679--1679
[]\TU/lmtt/m/n/10 ## SanCristobal           1  551.62       716    45.2  66.6  
   0.57[] 
 []


Overfull \hbox (12.0pt too wide) in paragraph at lines 1679--1679
[]\TU/lmtt/m/n/10 ## SanSalvador            1  572.33       906     0.2  19.8  
   4.89[] 
 []


Overfull \hbox (12.0pt too wide) in paragraph at lines 1679--1679
[]\TU/lmtt/m/n/10 ## SantaCruz              1  903.82       864     0.6   0.0  
   0.52[] 
 []


Overfull \hbox (12.0pt too wide) in paragraph at lines 1679--1679
[]\TU/lmtt/m/n/10 ## SantaFe                1   24.08       259    16.5  16.5  
   0.52[] 
 []


Overfull \hbox (12.0pt too wide) in paragraph at lines 1679--1679
[]\TU/lmtt/m/n/10 ## SantaMaria             1  170.92       640     2.6  49.2  
   0.10[] 
 []


Overfull \hbox (12.0pt too wide) in paragraph at lines 1679--1679
[]\TU/lmtt/m/n/10 ## Seymour                1    1.84       147     0.6   9.6  
  25.09[] 
 []


Overfull \hbox (12.0pt too wide) in paragraph at lines 1679--1679
[]\TU/lmtt/m/n/10 ## Tortuga                1    1.24       186     6.8  50.9  
  17.95[] 
 []


Overfull \hbox (12.0pt too wide) in paragraph at lines 1679--1679
[]\TU/lmtt/m/n/10 ## Wolf                   1    2.85       253    34.1 254.7  
   2.33[] 
 []


Overfull \hbox (33.0pt too wide) in paragraph at lines 1713--1713
[]\TU/lmtt/m/n/10 ## lm(formula = Species ~ Area + Elevation + Nearest + Scruz 
+ Adjacent,[] 
 []

[40]
Overfull \hbox (1.35072pt too wide) in alignment at lines 1767--1783
 [] [] [] [] [] [] 
 []


Overfull \hbox (18.69034pt too wide) in paragraph at lines 1793--1794
[]$[][][][][][][][][]$|  
 []


Overfull \hbox (1.35072pt too wide) in alignment at lines 1783--1824
 [] [] [] [] [] [] 
 []

[41]
Overfull \hbox (6.75pt too wide) in paragraph at lines 1856--1856
[]\TU/lmtt/m/n/10 ## Model 2: Species ~ Area + Elevation + Nearest + Scruz + Ad
jacent[] 
 []


Underfull \vbox (badness 2368) has occurred while \output is active []

[42] [43]
Overfull \hbox (6.75pt too wide) in paragraph at lines 1969--1969
[]\TU/lmtt/m/n/10 ## Model 2: Species ~ Area + Elevation + Nearest + Scruz + Ad
jacent[] 
 []

[44]
Overfull \hbox (6.75pt too wide) in paragraph at lines 1994--1994
[]\TU/lmtt/m/n/10 ## Model 2: Species ~ Area + Elevation + Nearest + Scruz + Ad
jacent[] 
 []

[45] [46] [47] [48

]
Chapter 4.
[49]
Underfull \hbox (badness 10000) in paragraph at lines 2138--2139

 []

[50]
File: Statsitical-Methods-II_files/figure-latex/unnamed-chunk-35-1.pdf Graphic 
file (type pdf)
<use Statsitical-Methods-II_files/figure-latex/unnamed-chunk-35-1.pdf>
[51]
LaTeX Font Info:    Font shape `TU/lmtt/bx/n' in size <14.4> not available
(Font)              Font shape `TU/lmtt/b/n' tried instead on input line 2266.
[52] [53] [54]
File: Statsitical-Methods-II_files/figure-latex/unnamed-chunk-43-1.pdf Graphic 
file (type pdf)
<use Statsitical-Methods-II_files/figure-latex/unnamed-chunk-43-1.pdf>
[55] [56]
Overfull \hbox (38.25pt too wide) in paragraph at lines 2483--2483
[]\TU/lmtt/m/n/10 ## P value adjustment: tukey method for comparing a family of
 3 estimates[] 
 []

[57]
File: Statsitical-Methods-II_files/figure-latex/unnamed-chunk-48-1.pdf Graphic 
file (type pdf)
<use Statsitical-Methods-II_files/figure-latex/unnamed-chunk-48-1.pdf>
[58]
File: Statsitical-Methods-II_files/figure-latex/unnamed-chunk-50-1.pdf Graphic 
file (type pdf)
<use Statsitical-Methods-II_files/figure-latex/unnamed-chunk-50-1.pdf>

Overfull \hbox (54.0pt too wide) in paragraph at lines 2586--2586
[]\TU/lmtt/m/n/10 ## Conf-level adjustment: tukey method for comparing a family
 of 3 estimates[] 
 []


Overfull \hbox (38.25pt too wide) in paragraph at lines 2586--2586
[]\TU/lmtt/m/n/10 ## P value adjustment: tukey method for comparing a family of
 3 estimates[] 
 []

[59] [60] [61] [62

] [63] [64]
Chapter 5.
[65

]
File: Statsitical-Methods-II_files/figure-latex/unnamed-chunk-57-1.pdf Graphic 
file (type pdf)
<use Statsitical-Methods-II_files/figure-latex/unnamed-chunk-57-1.pdf>
[66]
Underfull \vbox (badness 1226) has occurred while \output is active []

[67]
File: Statsitical-Methods-II_files/figure-latex/unnamed-chunk-58-1.pdf Graphic 
file (type pdf)
<use Statsitical-Methods-II_files/figure-latex/unnamed-chunk-58-1.pdf>

Underfull \vbox (badness 10000) has occurred while \output is active []

[68]
Overfull \vbox (15.18826pt too high) has occurred while \output is active []

[69] [70]
Overfull \hbox (17.25pt too wide) in paragraph at lines 2990--2990
[]\TU/lmtt/m/n/10 ## NOTE: Results may be misleading due to involvement in inte
ractions[] 
 []

[71]
File: Statsitical-Methods-II_files/figure-latex/unnamed-chunk-64-1.pdf Graphic 
file (type pdf)
<use Statsitical-Methods-II_files/figure-latex/unnamed-chunk-64-1.pdf>
File: Statsitical-Methods-II_files/figure-latex/unnamed-chunk-66-1.pdf Graphic 
file (type pdf)
<use Statsitical-Methods-II_files/figure-latex/unnamed-chunk-66-1.pdf>
[72] [73]
Overfull \hbox (33.0pt too wide) in paragraph at lines 3103--3103
[]\TU/lmtt/m/n/10 ##   term                           estimate std.error statis
tic p.value[] 
 []


Overfull \hbox (33.0pt too wide) in paragraph at lines 3103--3103
[]\TU/lmtt/m/n/10 ##   <chr>                             <dbl>     <dbl>     <d
bl>   <dbl>[] 
 []


Overfull \hbox (12.0pt too wide) in paragraph at lines 3103--3103
[]\TU/lmtt/m/n/10 ## 1 (Intercept)                       1.45      0.405     3.
57    0[] 
 []


Overfull \hbox (12.0pt too wide) in paragraph at lines 3103--3103
[]\TU/lmtt/m/n/10 ## 2 Sepal.Length                      0.232     0.061     3.
79    0[] 
 []


Overfull \hbox (33.0pt too wide) in paragraph at lines 3103--3103
[]\TU/lmtt/m/n/10 ## 3 Speciessetosa                    -2.02      0.686    -2.
94    0.004[] 
 []


Overfull \hbox (33.0pt too wide) in paragraph at lines 3103--3103
[]\TU/lmtt/m/n/10 ## 4 Speciesversicolor                -0.574     0.605    -0.
95    0.344[] 
 []


Overfull \hbox (12.0pt too wide) in paragraph at lines 3103--3103
[]\TU/lmtt/m/n/10 ## 5 Sepal.Length:Speciessetosa        0.567     0.126     4.
49    0[] 
 []


Overfull \hbox (33.0pt too wide) in paragraph at lines 3103--3103
[]\TU/lmtt/m/n/10 ## 6 Sepal.Length:Speciesversicolor    0.088     0.097     0.
905   0.367[] 
 []


Underfull \vbox (badness 10000) has occurred while \output is active []

[74] [75]
Underfull \hbox (badness 1028) in paragraph at lines 3181--3183
[]\TU/lmr/m/n/10 Log transform the \TU/lmtt/m/n/10 time \TU/lmr/m/n/10 and \TU/
lmtt/m/n/10 conc \TU/lmr/m/n/10 variable and plot the log-
 []

[76]
Chapter 6.
[77

]
File: Statsitical-Methods-II_files/figure-latex/unnamed-chunk-76-1.pdf Graphic 
file (type pdf)
<use Statsitical-Methods-II_files/figure-latex/unnamed-chunk-76-1.pdf>
[78] [79]
File: Statsitical-Methods-II_files/figure-latex/unnamed-chunk-78-1.pdf Graphic 
file (type pdf)
<use Statsitical-Methods-II_files/figure-latex/unnamed-chunk-78-1.pdf>
File: Statsitical-Methods-II_files/figure-latex/unnamed-chunk-79-1.pdf Graphic 
file (type pdf)
<use Statsitical-Methods-II_files/figure-latex/unnamed-chunk-79-1.pdf>
File: Statsitical-Methods-II_files/figure-latex/unnamed-chunk-79-2.pdf Graphic 
file (type pdf)
<use Statsitical-Methods-II_files/figure-latex/unnamed-chunk-79-2.pdf>

Underfull \vbox (badness 1132) has occurred while \output is active []

[80]
File: Statsitical-Methods-II_files/figure-latex/unnamed-chunk-80-1.pdf Graphic 
file (type pdf)
<use Statsitical-Methods-II_files/figure-latex/unnamed-chunk-80-1.pdf>
[81]
Overfull \hbox (38.25pt too wide) in paragraph at lines 3391--3391
[]\TU/lmtt/m/n/10 ## P value adjustment: tukey method for comparing a family of
 4 estimates[] 
 []

[82]
Overfull \hbox (38.25pt too wide) in paragraph at lines 3416--3416
[]\TU/lmtt/m/n/10 ## P value adjustment: tukey method for comparing a family of
 4 estimates[] 
 []

File: Statsitical-Methods-II_files/figure-latex/unnamed-chunk-83-1.pdf Graphic 
file (type pdf)
<use Statsitical-Methods-II_files/figure-latex/unnamed-chunk-83-1.pdf>
[83]
File: Statsitical-Methods-II_files/figure-latex/unnamed-chunk-84-1.pdf Graphic 
file (type pdf)
<use Statsitical-Methods-II_files/figure-latex/unnamed-chunk-84-1.pdf>

Underfull \vbox (badness 10000) has occurred while \output is active []

[84]
Overfull \hbox (6.45453pt too wide) in alignment at lines 3515--3517
 [] [] [] [] [] [] [] 
 []


Overfull \hbox (3.58127pt too wide) in paragraph at lines 3523--3524
[]\TU/lmr/m/n/10 Females|  
 []


Overfull \hbox (1.17747pt too wide) in paragraph at lines 3529--3530
[]\TU/lmr/m/n/10 Males|  
 []


Overfull \hbox (3.58127pt too wide) in paragraph at lines 3531--3532
[]\TU/lmr/m/n/10 Females|  
 []


Overfull \hbox (0.72832pt too wide) in paragraph at lines 3534--3535
[]\TU/lmr/m/n/10 Treatment 
 []


Overfull \hbox (0.72832pt too wide) in paragraph at lines 3542--3543
[]\TU/lmr/m/n/10 Treatment 
 []


Overfull \hbox (0.72832pt too wide) in paragraph at lines 3549--3550
[]\TU/lmr/m/n/10 Treatment 
 []


Overfull \hbox (0.72832pt too wide) in paragraph at lines 3557--3558
[]\TU/lmr/m/n/10 Treatment 
 []


Overfull \hbox (6.45453pt too wide) in alignment at lines 3517--3564
 [] [] [] [] [] [] [] 
 []


Overfull \hbox (6.45453pt too wide) in alignment at lines 3566--3568
 [] [] [] [] [] [] [] 
 []


Overfull \hbox (3.58127pt too wide) in paragraph at lines 3574--3575
[]\TU/lmr/m/n/10 Females|  
 []


Overfull \hbox (1.17747pt too wide) in paragraph at lines 3580--3581
[]\TU/lmr/m/n/10 Males|  
 []


Overfull \hbox (3.58127pt too wide) in paragraph at lines 3582--3583
[]\TU/lmr/m/n/10 Females|  
 []


Overfull \hbox (0.72832pt too wide) in paragraph at lines 3585--3586
[]\TU/lmr/m/n/10 Treatment 
 []


Overfull \hbox (0.72832pt too wide) in paragraph at lines 3593--3594
[]\TU/lmr/m/n/10 Treatment 
 []


Overfull \hbox (0.72832pt too wide) in paragraph at lines 3600--3601
[]\TU/lmr/m/n/10 Treatment 
 []


Overfull \hbox (0.72832pt too wide) in paragraph at lines 3608--3609
[]\TU/lmr/m/n/10 Treatment 
 []


Overfull \hbox (6.45453pt too wide) in alignment at lines 3568--3615
 [] [] [] [] [] [] [] 
 []

[85] [86]
File: Statsitical-Methods-II_files/figure-latex/unnamed-chunk-86-1.pdf Graphic 
file (type pdf)
<use Statsitical-Methods-II_files/figure-latex/unnamed-chunk-86-1.pdf>
[87]
File: Statsitical-Methods-II_files/figure-latex/unnamed-chunk-87-1.pdf Graphic 
file (type pdf)
<use Statsitical-Methods-II_files/figure-latex/unnamed-chunk-87-1.pdf>
[88]
Overfull \hbox (4.76747pt too wide) in paragraph at lines 3803--3804
[]\TU/lmr/m/n/10 Source|  
 []


Overfull \hbox (1.35599pt too wide) in alignment at lines 3800--3816
 [] [] [] [] [] [] 
 []


Overfull \hbox (22.68428pt too wide) in paragraph at lines 3826--3827
[]$[][][][][][][]$|  
 []


Overfull \hbox (22.71228pt too wide) in paragraph at lines 3839--3840
[]$[][][][][][][]$|  
 []


Overfull \hbox (3.37747pt too wide) in paragraph at lines 3844--3845
[]\TU/lmr/bx/n/10 Error|  
 []


Overfull \hbox (3.12276pt too wide) in paragraph at lines 3850--3851
[][][][][][][][]$|  
 []


Overfull \hbox (1.35599pt too wide) in alignment at lines 3816--3857
 [] [] [] [] [] [] 
 []

[89] [90]
Overfull \hbox (38.25pt too wide) in paragraph at lines 3957--3957
[]\TU/lmtt/m/n/10 ## P value adjustment: tukey method for comparing a family of
 3 estimates[] 
 []

[91]
Overfull \hbox (38.25pt too wide) in paragraph at lines 3987--3987
[]\TU/lmtt/m/n/10 ## P value adjustment: tukey method for comparing a family of
 4 estimates[] 
 []


Overfull \hbox (38.25pt too wide) in paragraph at lines 4008--4008
[]\TU/lmtt/m/n/10 ## P value adjustment: tukey method for comparing a family of
 3 estimates[] 
 []


Overfull \hbox (38.25pt too wide) in paragraph at lines 4027--4027
[]\TU/lmtt/m/n/10 ## P value adjustment: tukey method for comparing a family of
 4 estimates[] 
 []

[92]
Overfull \hbox (6.01231pt too wide) in paragraph at lines 4079--4080
[]\TU/lmr/bx/n/10 10C|  
 []


Overfull \hbox (6.01231pt too wide) in paragraph at lines 4090--4091
[]\TU/lmr/bx/n/10 30C|  
 []

[93]
Overfull \hbox (26.13239pt too wide) in paragraph at lines 4140--4141
[]$[][][][][][][]$|  
 []


Overfull \hbox (26.16039pt too wide) in paragraph at lines 4153--4154
[]$[][][][][][][]$|  
 []


Overfull \hbox (32.17339pt too wide) in paragraph at lines 4166--4167
[]$[][][][][][][]$|  
 []


Overfull \hbox (6.83084pt too wide) in paragraph at lines 4171--4172
[]\TU/lmr/bx/n/10 Error|  
 []

[94]
File: Statsitical-Methods-II_files/figure-latex/unnamed-chunk-93-1.pdf Graphic 
file (type pdf)
<use Statsitical-Methods-II_files/figure-latex/unnamed-chunk-93-1.pdf>
File: Statsitical-Methods-II_files/figure-latex/unnamed-chunk-93-2.pdf Graphic 
file (type pdf)
<use Statsitical-Methods-II_files/figure-latex/unnamed-chunk-93-2.pdf>

Underfull \vbox (badness 10000) has occurred while \output is active []

[95] [96]
File: Statsitical-Methods-II_files/figure-latex/unnamed-chunk-95-1.pdf Graphic 
file (type pdf)
<use Statsitical-Methods-II_files/figure-latex/unnamed-chunk-95-1.pdf>
File: Statsitical-Methods-II_files/figure-latex/unnamed-chunk-96-1.pdf Graphic 
file (type pdf)
<use Statsitical-Methods-II_files/figure-latex/unnamed-chunk-96-1.pdf>
File: Statsitical-Methods-II_files/figure-latex/unnamed-chunk-97-1.pdf Graphic 
file (type pdf)
<use Statsitical-Methods-II_files/figure-latex/unnamed-chunk-97-1.pdf>
[97]
File: Statsitical-Methods-II_files/figure-latex/unnamed-chunk-98-1.pdf Graphic 
file (type pdf)
<use Statsitical-Methods-II_files/figure-latex/unnamed-chunk-98-1.pdf>
File: Statsitical-Methods-II_files/figure-latex/unnamed-chunk-99-1.pdf Graphic 
file (type pdf)
<use Statsitical-Methods-II_files/figure-latex/unnamed-chunk-99-1.pdf>

Underfull \vbox (badness 10000) has occurred while \output is active []

[98] [99]
File: Statsitical-Methods-II_files/figure-latex/unnamed-chunk-101-1.pdf Graphic
 file (type pdf)
<use Statsitical-Methods-II_files/figure-latex/unnamed-chunk-101-1.pdf>
[100] [101]
Overfull \hbox (38.25pt too wide) in paragraph at lines 4439--4439
[]\TU/lmtt/m/n/10 ## P value adjustment: tukey method for comparing a family of
 6 estimates[] 
 []

[102]
Overfull \hbox (17.25pt too wide) in paragraph at lines 4477--4477
[]\TU/lmtt/m/n/10 ## NOTE: Results may be misleading due to involvement in inte
ractions[] 
 []


Overfull \hbox (38.25pt too wide) in paragraph at lines 4499--4499
[]\TU/lmtt/m/n/10 ## P value adjustment: tukey method for comparing a family of
 3 estimates[] 
 []


Overfull \hbox (17.25pt too wide) in paragraph at lines 4509--4509
[]\TU/lmtt/m/n/10 ## NOTE: Results may be misleading due to involvement in inte
ractions[] 
 []

[103]
Overfull \hbox (17.25pt too wide) in paragraph at lines 4542--4542
[]\TU/lmtt/m/n/10 ## []summarise()[] ungrouping output (override with [].groups
[] argument)[] 
 []

[104] [105] [106

]
Chapter 7.
[107] [108

]
Chapter 8.
[109] [110]
Overfull \hbox (33.0pt too wide) in paragraph at lines 4691--4691
[]\TU/lmtt/m/n/10 ##  $ Murder    : num  15.1 11.3 7.8 10.1 10.3 6.8 3.1 6.2 10
.7 13.9 ...[] 
 []


Overfull \hbox (43.5pt too wide) in paragraph at lines 4691--4691
[]\TU/lmtt/m/n/10 ##  $ HS.Grad   : num  41.3 66.7 58.1 39.9 62.6 63.9 56 54.6 
52.6 40.6 ...[] 
 []

File: Statsitical-Methods-II_files/figure-latex/unnamed-chunk-110-1.pdf Graphic
 file (type pdf)
<use Statsitical-Methods-II_files/figure-latex/unnamed-chunk-110-1.pdf>

Underfull \vbox (badness 10000) has occurred while \output is active []

[111] [112] [113] [114]
Overfull \hbox (43.5pt too wide) in paragraph at lines 4864--4864
[]\TU/lmtt/m/n/10 ## lm(formula = Life.Exp ~ Illiteracy + Murder + Frost, data 
= state.data)[] 
 []

[115] [116]
LaTeX Font Info:    Font shape `TU/lmtt/bx/n' in size <12> not available
(Font)              Font shape `TU/lmtt/b/n' tried instead on input line 4938.
[117] [118] [119] [120]
Overfull \hbox (17.25pt too wide) in paragraph at lines 5123--5123
[]\TU/lmtt/m/n/10 ## lm(formula = Life.Exp ~ Murder + Frost + HS.Grad + Log.Pop
ulation,[] 
 []


Overfull \hbox (80.25pt too wide) in paragraph at lines 5123--5123
[]\TU/lmtt/m/n/10 ##    (Intercept)          Murder           Frost         HS.
Grad  Log.Population[] 
 []


Overfull \hbox (80.25pt too wide) in paragraph at lines 5123--5123
[]\TU/lmtt/m/n/10 ##      68.720810       -0.290016       -0.005174        0.05
4550        0.246836[] 
 []

[121] [122] [123] [124

]
Chapter 9.

Underfull \vbox (badness 10000) has occurred while \output is active []

[125]
File: Statsitical-Methods-II_files/figure-latex/unnamed-chunk-125-1.pdf Graphic
 file (type pdf)
<use Statsitical-Methods-II_files/figure-latex/unnamed-chunk-125-1.pdf>

Overfull \hbox (1.5pt too wide) in paragraph at lines 5331--5331
[]\TU/lmtt/m/n/10 ## lm(formula = Weight ~ Length.1 + Length.2 + Length.3 + Hei
ght +[] 
 []

[126] [127] [128]
Chapter 10.
[129

]
File: Statsitical-Methods-II_files/figure-latex/unnamed-chunk-130-1.pdf Graphic
 file (type pdf)
<use Statsitical-Methods-II_files/figure-latex/unnamed-chunk-130-1.pdf>
[130] [131]
File: Statsitical-Methods-II_files/figure-latex/unnamed-chunk-131-1.pdf Graphic
 file (type pdf)
<use Statsitical-Methods-II_files/figure-latex/unnamed-chunk-131-1.pdf>
[132]
File: Statsitical-Methods-II_files/figure-latex/unnamed-chunk-132-1.pdf Graphic
 file (type pdf)
<use Statsitical-Methods-II_files/figure-latex/unnamed-chunk-132-1.pdf>
[133]
Overfull \hbox (1.5pt too wide) in paragraph at lines 5536--5536
[]\TU/lmtt/m/n/10 ## Warning: Removed 1 rows containing missing values (geom_po
int).[] 
 []

File: Statsitical-Methods-II_files/figure-latex/unnamed-chunk-133-1.pdf Graphic
 file (type pdf)
<use Statsitical-Methods-II_files/figure-latex/unnamed-chunk-133-1.pdf>
[134] [135]
File: Statsitical-Methods-II_files/figure-latex/unnamed-chunk-135-1.pdf Graphic
 file (type pdf)
<use Statsitical-Methods-II_files/figure-latex/unnamed-chunk-135-1.pdf>
File: Statsitical-Methods-II_files/figure-latex/unnamed-chunk-136-1.pdf Graphic
 file (type pdf)
<use Statsitical-Methods-II_files/figure-latex/unnamed-chunk-136-1.pdf>
File: Statsitical-Methods-II_files/figure-latex/unnamed-chunk-137-1.pdf Graphic
 file (type pdf)
<use Statsitical-Methods-II_files/figure-latex/unnamed-chunk-137-1.pdf>

Underfull \vbox (badness 1694) has occurred while \output is active []

[136] [137]
File: Statsitical-Methods-II_files/figure-latex/unnamed-chunk-138-1.pdf Graphic
 file (type pdf)
<use Statsitical-Methods-II_files/figure-latex/unnamed-chunk-138-1.pdf>
File: Statsitical-Methods-II_files/figure-latex/unnamed-chunk-139-1.pdf Graphic
 file (type pdf)
<use Statsitical-Methods-II_files/figure-latex/unnamed-chunk-139-1.pdf>

Underfull \vbox (badness 10000) has occurred while \output is active []

[138]
File: Statsitical-Methods-II_files/figure-latex/unnamed-chunk-140-1.pdf Graphic
 file (type pdf)
<use Statsitical-Methods-II_files/figure-latex/unnamed-chunk-140-1.pdf>
[139]
File: Statsitical-Methods-II_files/figure-latex/unnamed-chunk-141-1.pdf Graphic
 file (type pdf)
<use Statsitical-Methods-II_files/figure-latex/unnamed-chunk-141-1.pdf>
File: Statsitical-Methods-II_files/figure-latex/unnamed-chunk-142-1.pdf Graphic
 file (type pdf)
<use Statsitical-Methods-II_files/figure-latex/unnamed-chunk-142-1.pdf>

Underfull \vbox (badness 7256) has occurred while \output is active []

[140]
File: Statsitical-Methods-II_files/figure-latex/unnamed-chunk-143-1.pdf Graphic
 file (type pdf)
<use Statsitical-Methods-II_files/figure-latex/unnamed-chunk-143-1.pdf>
[141]
File: Statsitical-Methods-II_files/figure-latex/unnamed-chunk-144-1.pdf Graphic
 file (type pdf)
<use Statsitical-Methods-II_files/figure-latex/unnamed-chunk-144-1.pdf>
[142]
File: Statsitical-Methods-II_files/figure-latex/unnamed-chunk-146-1.pdf Graphic
 file (type pdf)
<use Statsitical-Methods-II_files/figure-latex/unnamed-chunk-146-1.pdf>
File: Statsitical-Methods-II_files/figure-latex/unnamed-chunk-147-1.pdf Graphic
 file (type pdf)
<use Statsitical-Methods-II_files/figure-latex/unnamed-chunk-147-1.pdf>

Underfull \vbox (badness 10000) has occurred while \output is active []

[143]
File: Statsitical-Methods-II_files/figure-latex/unnamed-chunk-148-1.pdf Graphic
 file (type pdf)
<use Statsitical-Methods-II_files/figure-latex/unnamed-chunk-148-1.pdf>
[144]
File: Statsitical-Methods-II_files/figure-latex/unnamed-chunk-149-1.pdf Graphic
 file (type pdf)
<use Statsitical-Methods-II_files/figure-latex/unnamed-chunk-149-1.pdf>

Overfull \hbox (40.07376pt too wide) in paragraph at lines 5851--5853
\TU/lmr/m/n/10 like this: [] 
 []

[145]
File: Statsitical-Methods-II_files/figure-latex/unnamed-chunk-150-1.pdf Graphic
 file (type pdf)
<use Statsitical-Methods-II_files/figure-latex/unnamed-chunk-150-1.pdf>
[146]
File: Statsitical-Methods-II_files/figure-latex/unnamed-chunk-151-1.pdf Graphic
 file (type pdf)
<use Statsitical-Methods-II_files/figure-latex/unnamed-chunk-151-1.pdf>
[147] [148]
File: Statsitical-Methods-II_files/figure-latex/unnamed-chunk-152-1.pdf Graphic
 file (type pdf)
<use Statsitical-Methods-II_files/figure-latex/unnamed-chunk-152-1.pdf>

Underfull \vbox (badness 3219) has occurred while \output is active []

[149]
Overfull \hbox (12.0pt too wide) in paragraph at lines 5999--5999
[]\TU/lmtt/m/n/10 ##     Species            Area            Elevation          
Nearest[] 
 []


Overfull \hbox (27.75pt too wide) in paragraph at lines 5999--5999
[]\TU/lmtt/m/n/10 ##  Min.   :  2.00   Min.   :   0.010   Min.   :  25.00   Min
.   : 0.20[] 
 []


Overfull \hbox (27.75pt too wide) in paragraph at lines 5999--5999
[]\TU/lmtt/m/n/10 ##  1st Qu.: 13.00   1st Qu.:   0.258   1st Qu.:  97.75   1st
 Qu.: 0.80[] 
 []


Overfull \hbox (27.75pt too wide) in paragraph at lines 5999--5999
[]\TU/lmtt/m/n/10 ##  Median : 42.00   Median :   2.590   Median : 192.00   Med
ian : 3.05[] 
 []


Overfull \hbox (27.75pt too wide) in paragraph at lines 5999--5999
[]\TU/lmtt/m/n/10 ##  Mean   : 85.23   Mean   : 261.709   Mean   : 368.03   Mea
n   :10.06[] 
 []


Overfull \hbox (27.75pt too wide) in paragraph at lines 5999--5999
[]\TU/lmtt/m/n/10 ##  3rd Qu.: 96.00   3rd Qu.:  59.237   3rd Qu.: 435.25   3rd
 Qu.:10.03[] 
 []


Overfull \hbox (27.75pt too wide) in paragraph at lines 5999--5999
[]\TU/lmtt/m/n/10 ##  Max.   :444.00   Max.   :4669.320   Max.   :1707.00   Max
.   :47.40[] 
 []

[150]
File: Statsitical-Methods-II_files/figure-latex/unnamed-chunk-154-1.pdf Graphic
 file (type pdf)
<use Statsitical-Methods-II_files/figure-latex/unnamed-chunk-154-1.pdf>

Overfull \hbox (80.25pt too wide) in paragraph at lines 6050--6050
[]\TU/lmtt/m/n/10 ## Model 2: log(Species) ~ log(Area) + log(Nearest) + sqrt(Sc
ruz) + log(Adjacent)[] 
 []

[151] [152]
File: Statsitical-Methods-II_files/figure-latex/unnamed-chunk-159-1.pdf Graphic
 file (type pdf)
<use Statsitical-Methods-II_files/figure-latex/unnamed-chunk-159-1.pdf>
File: Statsitical-Methods-II_files/figure-latex/unnamed-chunk-160-1.pdf Graphic
 file (type pdf)
<use Statsitical-Methods-II_files/figure-latex/unnamed-chunk-160-1.pdf>

Underfull \vbox (badness 7540) has occurred while \output is active []

[153] [154]
Overfull \hbox (17.25pt too wide) in paragraph at lines 6175--6175
[]\TU/lmtt/m/n/10 ## []stat_bin()[] using []bins = 30[]. Pick better value with
 []binwidth[].[] 
 []


Overfull \hbox (17.25pt too wide) in paragraph at lines 6175--6175
[]\TU/lmtt/m/n/10 ## []stat_bin()[] using []bins = 30[]. Pick better value with
 []binwidth[].[] 
 []


Overfull \hbox (17.25pt too wide) in paragraph at lines 6175--6175
[]\TU/lmtt/m/n/10 ## []stat_bin()[] using []bins = 30[]. Pick better value with
 []binwidth[].[] 
 []

File: Statsitical-Methods-II_files/figure-latex/unnamed-chunk-161-1.pdf Graphic
 file (type pdf)
<use Statsitical-Methods-II_files/figure-latex/unnamed-chunk-161-1.pdf>
[155] [156] [157] [158] [159] [160] [161]
Underfull \hbox (badness 10000) in paragraph at lines 6539--6541

 []

[162]
Chapter 11.
[163

] [164

]
Chapter 12.
[165]
Overfull \hbox (63.25673pt too wide) has occurred while \output is active
\TU/lmr/m/n/10 166 \TU/lmr/m/sl/10 CHAPTER 12.  TOO MANY PREDICTORS {#TOOMANYPR
EDICTORS_CHAPTER
 []

[166

]
Chapter 13.
[167]
Underfull \hbox (badness 10000) in paragraph at lines 6632--6632
[]\TU/lmr/bx/n/14.4 Randomized Complete Block Design
 []

[168]
File: Statsitical-Methods-II_files/figure-latex/unnamed-chunk-174-1.pdf Graphic
 file (type pdf)
<use Statsitical-Methods-II_files/figure-latex/unnamed-chunk-174-1.pdf>
[169]
File: Statsitical-Methods-II_files/figure-latex/unnamed-chunk-176-1.pdf Graphic
 file (type pdf)
<use Statsitical-Methods-II_files/figure-latex/unnamed-chunk-176-1.pdf>

Underfull \vbox (badness 7851) has occurred while \output is active []

[170] [171] [172] [173] [174]
Overfull \hbox (78.96355pt too wide) detected at line 6821
[] [] []
 []

[175]
File: Statsitical-Methods-II_files/figure-latex/unnamed-chunk-178-1.pdf Graphic
 file (type pdf)
<use Statsitical-Methods-II_files/figure-latex/unnamed-chunk-178-1.pdf>
[176]
Overfull \hbox (27.75pt too wide) in paragraph at lines 6928--6928
[]\TU/lmtt/m/n/10 ## Linear mixed model fit by REML. t-tests use Satterthwaite[
]s method [[] 
 []

[177] [178]
File: Statsitical-Methods-II_files/figure-latex/unnamed-chunk-183-1.pdf Graphic
 file (type pdf)
<use Statsitical-Methods-II_files/figure-latex/unnamed-chunk-183-1.pdf>

Overfull \hbox (1.5pt too wide) in paragraph at lines 7002--7002
[]\TU/lmtt/m/n/10 ##         npar    AIC    BIC  logLik deviance Chisq Df Pr(>C
hisq)[] 
 []


Overfull \hbox (22.5pt too wide) in paragraph at lines 7002--7002
[]\TU/lmtt/m/n/10 ## model.1   10 421.67 438.56 -200.84   401.67 39.27  7  1.73
6e-06 ***[] 
 []

[179]
Overfull \hbox (1.5pt too wide) in paragraph at lines 7021--7021
[]\TU/lmtt/m/n/10 ## Type III Analysis of Variance Table with Satterthwaite[]s 
method[] 
 []


Overfull \hbox (27.75pt too wide) in paragraph at lines 7095--7095
[]\TU/lmtt/m/n/10 ## Linear mixed model fit by REML. t-tests use Satterthwaite[
]s method [[] 
 []

[180] [181]
Overfull \hbox (38.25pt too wide) in paragraph at lines 7128--7128
[]\TU/lmtt/m/n/10 ## P value adjustment: tukey method for comparing a family of
 8 estimates[] 
 []

File: Statsitical-Methods-II_files/figure-latex/unnamed-chunk-189-1.pdf Graphic
 file (type pdf)
<use Statsitical-Methods-II_files/figure-latex/unnamed-chunk-189-1.pdf>
[182]
File: Statsitical-Methods-II_files/figure-latex/unnamed-chunk-190-1.pdf Graphic
 file (type pdf)
<use Statsitical-Methods-II_files/figure-latex/unnamed-chunk-190-1.pdf>
[183]
Overfull \hbox (6.75pt too wide) in paragraph at lines 7185--7185
[]\TU/lmtt/m/n/10 ##         npar    AIC    BIC  logLik deviance  Chisq Df Pr(>
Chisq)[] 
 []


Overfull \hbox (6.75pt too wide) in paragraph at lines 7185--7185
[]\TU/lmtt/m/n/10 ## model.1    6 129.28 135.25 -58.639   117.28 4.0474  3     
0.2564[] 
 []


Overfull \hbox (1.5pt too wide) in paragraph at lines 7197--7197
[]\TU/lmtt/m/n/10 ## Type III Analysis of Variance Table with Satterthwaite[]s 
method[] 
 []

[184]
Overfull \hbox (27.75pt too wide) in paragraph at lines 7250--7250
[]\TU/lmtt/m/n/10 ## Linear mixed model fit by REML. t-tests use Satterthwaite[
]s method [[] 
 []

File: Statsitical-Methods-II_files/figure-latex/unnamed-chunk-195-1.pdf Graphic
 file (type pdf)
<use Statsitical-Methods-II_files/figure-latex/unnamed-chunk-195-1.pdf>
[185]
Overfull \hbox (1.5pt too wide) in paragraph at lines 7281--7281
[]\TU/lmtt/m/n/10 ## Type III Analysis of Variance Table with Satterthwaite[]s 
method[] 
 []


Overfull \hbox (27.75pt too wide) in paragraph at lines 7321--7321
[]\TU/lmtt/m/n/10 ## Linear mixed model fit by REML. t-tests use Satterthwaite[
]s method [[] 
 []

[186]
Overfull \hbox (1.5pt too wide) in paragraph at lines 7321--7321
[]\TU/lmtt/m/n/10 ## (Intercept)     21.0211     1.2056  8.9744  17.436 3.14e-0
8 ***[] 
 []


Overfull \hbox (1.5pt too wide) in paragraph at lines 7321--7321
[]\TU/lmtt/m/n/10 ## FertilizerHigh   4.6323     0.8328 23.0000   5.563 1.17e-0
5 ***[] 
 []

[187]
File: Statsitical-Methods-II_files/figure-latex/unnamed-chunk-199-1.pdf Graphic
 file (type pdf)
<use Statsitical-Methods-II_files/figure-latex/unnamed-chunk-199-1.pdf>

Overfull \hbox (1.5pt too wide) in paragraph at lines 7365--7365
[]\TU/lmtt/m/n/10 ## Type III Analysis of Variance Table with Satterthwaite[]s 
method[] 
 []

[188]
Overfull \hbox (85.5pt too wide) in paragraph at lines 7396--7396
[]\TU/lmtt/m/n/10 ## 1 A     1         1  364.  312. paste([][],[][],hat(paste(
[]y[])),[][],[] = 311[],[]. 78[])[] 
 []


Overfull \hbox (85.5pt too wide) in paragraph at lines 7396--7396
[]\TU/lmtt/m/n/10 ## 2 A     2         1  269.  312. paste([][],[][],hat(paste(
[]y[])),[][],[] = 311[],[]. 78[])[] 
 []


Overfull \hbox (85.5pt too wide) in paragraph at lines 7396--7396
[]\TU/lmtt/m/n/10 ## 3 A     3         1  321.  312. paste([][],[][],hat(paste(
[]y[])),[][],[] = 311[],[]. 78[])[] 
 []


Overfull \hbox (85.5pt too wide) in paragraph at lines 7396--7396
[]\TU/lmtt/m/n/10 ## 4 B     4         1  189.  235. paste([][],[][],hat(paste(
[]y[])),[][],[] = 234[],[]. 53[])[] 
 []


Overfull \hbox (85.5pt too wide) in paragraph at lines 7396--7396
[]\TU/lmtt/m/n/10 ## 5 B     5         1  265.  235. paste([][],[][],hat(paste(
[]y[])),[][],[] = 234[],[]. 53[])[] 
 []


Overfull \hbox (85.5pt too wide) in paragraph at lines 7396--7396
[]\TU/lmtt/m/n/10 ## 6 B     6         1  251.  235. paste([][],[][],hat(paste(
[]y[])),[][],[] = 234[],[]. 53[])[] 
 []

File: Statsitical-Methods-II_files/figure-latex/unnamed-chunk-202-1.pdf Graphic
 file (type pdf)
<use Statsitical-Methods-II_files/figure-latex/unnamed-chunk-202-1.pdf>
[189]
File: Statsitical-Methods-II_files/figure-latex/unnamed-chunk-205-1.pdf Graphic
 file (type pdf)
<use Statsitical-Methods-II_files/figure-latex/unnamed-chunk-205-1.pdf>

Underfull \vbox (badness 10000) has occurred while \output is active []

[190] [191]
File: Statsitical-Methods-II_files/figure-latex/unnamed-chunk-207-1.pdf Graphic
 file (type pdf)
<use Statsitical-Methods-II_files/figure-latex/unnamed-chunk-207-1.pdf>
File: Statsitical-Methods-II_files/figure-latex/unnamed-chunk-208-1.pdf Graphic
 file (type pdf)
<use Statsitical-Methods-II_files/figure-latex/unnamed-chunk-208-1.pdf>
[192]
File: Statsitical-Methods-II_files/figure-latex/unnamed-chunk-209-1.pdf Graphic
 file (type pdf)
<use Statsitical-Methods-II_files/figure-latex/unnamed-chunk-209-1.pdf>
File: Statsitical-Methods-II_files/figure-latex/unnamed-chunk-210-1.pdf Graphic
 file (type pdf)
<use Statsitical-Methods-II_files/figure-latex/unnamed-chunk-210-1.pdf>

Underfull \vbox (badness 2134) has occurred while \output is active []

[193]
Overfull \hbox (27.75pt too wide) in paragraph at lines 7558--7558
[]\TU/lmtt/m/n/10 ## Linear mixed model fit by REML. t-tests use Satterthwaite[
]s method [[] 
 []

[194]
Overfull \hbox (43.5pt too wide) in paragraph at lines 7581--7581
[]\TU/lmtt/m/n/10 ##                               npar logLik     AIC     LRT 
Df Pr(>Chisq)[] 
 []


Overfull \hbox (43.5pt too wide) in paragraph at lines 7581--7581
[]\TU/lmtt/m/n/10 ## (1 | Sample:(Technician:Lab))    4 31.316 -54.632 1.60342 
 1    0.20542[] 
 []


Overfull \hbox (54.0pt too wide) in paragraph at lines 7581--7581
[]\TU/lmtt/m/n/10 ## (1 | Technician:Lab)             4 30.740 -53.480 2.75552 
 1    0.09692 .[] 
 []


Overfull \hbox (43.5pt too wide) in paragraph at lines 7581--7581
[]\TU/lmtt/m/n/10 ## (1 | Lab)                        4 31.719 -55.439 0.79649 
 1    0.37215[] 
 []

[195]
File: Statsitical-Methods-II_files/figure-latex/unnamed-chunk-214-1.pdf Graphic
 file (type pdf)
<use Statsitical-Methods-II_files/figure-latex/unnamed-chunk-214-1.pdf>

Overfull \hbox (1.5pt too wide) in paragraph at lines 7682--7682
[]\TU/lmtt/m/n/10 ## Type III Analysis of Variance Table with Satterthwaite[]s 
method[] 
 []

[196]
Overfull \hbox (38.25pt too wide) in paragraph at lines 7714--7714
[]\TU/lmtt/m/n/10 ## P value adjustment: tukey method for comparing a family of
 4 estimates[] 
 []


Overfull \hbox (38.25pt too wide) in paragraph at lines 7733--7733
[]\TU/lmtt/m/n/10 ## P value adjustment: tukey method for comparing a family of
 4 estimates[] 
 []


Overfull \hbox (27.75pt too wide) in paragraph at lines 7776--7776
[]\TU/lmtt/m/n/10 ## Linear mixed model fit by REML. t-tests use Satterthwaite[
]s method [[] 
 []

[197] [198] [199]
Underfull \hbox (badness 1043) in paragraph at lines 7856--7857
[]\TU/lmr/m/n/10 In this case the correlation structure is that observations on
 the same
 []

File: Statsitical-Methods-II_files/figure-latex/unnamed-chunk-220-1.pdf Graphic
 file (type pdf)
<use Statsitical-Methods-II_files/figure-latex/unnamed-chunk-220-1.pdf>
[200]
Overfull \hbox (27.75pt too wide) in paragraph at lines 7909--7909
[]\TU/lmtt/m/n/10 ## Linear mixed model fit by REML. t-tests use Satterthwaite[
]s method [[] 
 []

[201]
File: Statsitical-Methods-II_files/figure-latex/unnamed-chunk-222-1.pdf Graphic
 file (type pdf)
<use Statsitical-Methods-II_files/figure-latex/unnamed-chunk-222-1.pdf>
File: Statsitical-Methods-II_files/figure-latex/unnamed-chunk-223-1.pdf Graphic
 file (type pdf)
<use Statsitical-Methods-II_files/figure-latex/unnamed-chunk-223-1.pdf>

Underfull \vbox (badness 10000) has occurred while \output is active []

[202]
Overfull \hbox (33.0pt too wide) in paragraph at lines 7983--7983
[]\TU/lmtt/m/n/10 ##                              npar  logLik    AIC    LRT Df
 Pr(>Chisq)[] 
 []


Overfull \hbox (54.0pt too wide) in paragraph at lines 7983--7983
[]\TU/lmtt/m/n/10 ## Days in (1 + Days | Subject)    4 -893.23 1794.5 42.837  2
   4.99e-10 ***[] 
 []

File: Statsitical-Methods-II_files/figure-latex/unnamed-chunk-225-1.pdf Graphic
 file (type pdf)
<use Statsitical-Methods-II_files/figure-latex/unnamed-chunk-225-1.pdf>

Underfull \vbox (badness 1253) has occurred while \output is active []

[203]
File: Statsitical-Methods-II_files/figure-latex/unnamed-chunk-226-1.pdf Graphic
 file (type pdf)
<use Statsitical-Methods-II_files/figure-latex/unnamed-chunk-226-1.pdf>
File: Statsitical-Methods-II_files/figure-latex/unnamed-chunk-227-1.pdf Graphic
 file (type pdf)
<use Statsitical-Methods-II_files/figure-latex/unnamed-chunk-227-1.pdf>

Underfull \vbox (badness 2150) has occurred while \output is active []

[204]
Overfull \hbox (27.75pt too wide) in paragraph at lines 8067--8067
[]\TU/lmtt/m/n/10 ## Linear mixed model fit by REML. t-tests use Satterthwaite[
]s method [[] 
 []

[205]
File: Statsitical-Methods-II_files/figure-latex/unnamed-chunk-229-1.pdf Graphic
 file (type pdf)
<use Statsitical-Methods-II_files/figure-latex/unnamed-chunk-229-1.pdf>
[206] [207]
File: Statsitical-Methods-II_files/figure-latex/unnamed-chunk-230-1.pdf Graphic
 file (type pdf)
<use Statsitical-Methods-II_files/figure-latex/unnamed-chunk-230-1.pdf>
[208]
File: Statsitical-Methods-II_files/figure-latex/unnamed-chunk-231-1.pdf Graphic
 file (type pdf)
<use Statsitical-Methods-II_files/figure-latex/unnamed-chunk-231-1.pdf>

Overfull \hbox (85.5pt too wide) in paragraph at lines 8213--8213
[]\TU/lmtt/m/n/10 ## []summarise()[] regrouping output by []Subject[] (override
 with [].groups[] argument)[] 
 []

[209]
File: Statsitical-Methods-II_files/figure-latex/unnamed-chunk-233-1.pdf Graphic
 file (type pdf)
<use Statsitical-Methods-II_files/figure-latex/unnamed-chunk-233-1.pdf>
[210]
Underfull \hbox (badness 10000) in paragraph at lines 8291--8293

 []

[211] [212]
Chapter 14.
[213

] [214]
File: Statsitical-Methods-II_files/figure-latex/unnamed-chunk-237-1.pdf Graphic
 file (type pdf)
<use Statsitical-Methods-II_files/figure-latex/unnamed-chunk-237-1.pdf>
File: Statsitical-Methods-II_files/figure-latex/unnamed-chunk-238-1.pdf Graphic
 file (type pdf)
<use Statsitical-Methods-II_files/figure-latex/unnamed-chunk-238-1.pdf>

Underfull \vbox (badness 5302) has occurred while \output is active []

[215]
File: Statsitical-Methods-II_files/figure-latex/unnamed-chunk-239-1.pdf Graphic
 file (type pdf)
<use Statsitical-Methods-II_files/figure-latex/unnamed-chunk-239-1.pdf>

Overfull \hbox (102.82378pt too wide) in paragraph at lines 8416--8418
\TU/lmr/m/n/10 more like the following: [] 
 []


Underfull \vbox (badness 3240) has occurred while \output is active []

[216] [217] [218]
Overfull \hbox (17.25pt too wide) in paragraph at lines 8558--8558
[]\TU/lmtt/m/n/10 ## glm(formula = Occupancy ~ CCU, family = binomial, data = M
ayflies)[] 
 []

[219] [220]
File: Statsitical-Methods-II_files/figure-latex/unnamed-chunk-244-1.pdf Graphic
 file (type pdf)
<use Statsitical-Methods-II_files/figure-latex/unnamed-chunk-244-1.pdf>

Underfull \vbox (badness 2961) has occurred while \output is active []

[221] [222] [223]
File: Statsitical-Methods-II_files/figure-latex/Profile_CI2-1.pdf Graphic file 
(type pdf)
<use Statsitical-Methods-II_files/figure-latex/Profile_CI2-1.pdf>
[224] [225] [226]
Overfull \hbox (54.0pt too wide) in paragraph at lines 8967--8967
[]\TU/lmtt/m/n/10 ## glm(formula = cbind(disease, nondisease) ~ sex * food, fam
ily = binomial,[] 
 []

[227] [228] [229] [230] [231]
Overfull \hbox (38.25pt too wide) in paragraph at lines 9176--9176
[]\TU/lmtt/m/n/10 ## P value adjustment: tukey method for comparing a family of
 3 estimates[] 
 []

[232]
Overfull \hbox (38.25pt too wide) in paragraph at lines 9204--9204
[]\TU/lmtt/m/n/10 ## P value adjustment: tukey method for comparing a family of
 3 estimates[] 
 []

[233]
File: Statsitical-Methods-II_files/figure-latex/unnamed-chunk-263-1.pdf Graphic
 file (type pdf)
<use Statsitical-Methods-II_files/figure-latex/unnamed-chunk-263-1.pdf>
[234]
Overfull \hbox (17.25pt too wide) in paragraph at lines 9327--9327
[]\TU/lmtt/m/n/10 ##  - attr(*, "names")= chr [1:3] "p = 0.25:" "p = 0.50:" "p 
= 0.75:"[] 
 []

[235]
File: Statsitical-Methods-II_files/figure-latex/unnamed-chunk-267-1.pdf Graphic
 file (type pdf)
<use Statsitical-Methods-II_files/figure-latex/unnamed-chunk-267-1.pdf>

Underfull \vbox (badness 10000) has occurred while \output is active []

[236]
Underfull \hbox (badness 10000) in paragraph at lines 9389--9390

 []

[237]
File: Statsitical-Methods-II_files/figure-latex/unnamed-chunk-269-1.pdf Graphic
 file (type pdf)
<use Statsitical-Methods-II_files/figure-latex/unnamed-chunk-269-1.pdf>

Underfull \vbox (badness 5607) has occurred while \output is active []

[238]
Overfull \hbox (69.75pt too wide) in paragraph at lines 9496--9496
[]\TU/lmtt/m/n/10 ## glm(formula = cbind(survive, perish) ~ location * period, 
family = binomial,[] 
 []


Overfull \hbox (6.75pt too wide) in paragraph at lines 9496--9496
[]\TU/lmtt/m/n/10 ##  [1]  0  0  0  0  0  0  0  0  0  0  0  0  0  0  0  0  0  0
  0  0[] 
 []

[239]
Overfull \hbox (22.5pt too wide) in paragraph at lines 9534--9534
[]\TU/lmtt/m/n/10 ## Warning in drop1.glm(m, scale = sigma2, test = "F"): F tes
t assumes[] 
 []

[240]
Overfull \hbox (96.0pt too wide) in paragraph at lines 9595--9595
[]\TU/lmtt/m/n/10 ## glm(formula = cbind(survive, perish) ~ location + period, 
family = quasibinomial,[] 
 []


Overfull \hbox (27.75pt too wide) in paragraph at lines 9595--9595
[]\TU/lmtt/m/n/10 ## (Dispersion parameter for quasibinomial family taken to be
 5.330358)[] 
 []

[241] [242]
Overfull \hbox (38.25pt too wide) in paragraph at lines 9654--9654
[]\TU/lmtt/m/n/10 ## P value adjustment: tukey method for comparing a family of
 4 estimates[] 
 []


Overfull \hbox (38.25pt too wide) in paragraph at lines 9675--9675
[]\TU/lmtt/m/n/10 ## P value adjustment: tukey method for comparing a family of
 4 estimates[] 
 []


Overfull \hbox (69.75pt too wide) in paragraph at lines 9727--9727
[]\TU/lmtt/m/n/10 ## glm(formula = cbind(survive, perish) ~ period * location, 
family = binomial,[] 
 []


Overfull \hbox (6.75pt too wide) in paragraph at lines 9727--9727
[]\TU/lmtt/m/n/10 ##  [1]  0  0  0  0  0  0  0  0  0  0  0  0  0  0  0  0  0  0
  0  0[] 
 []

[243] [244]
Overfull \hbox (38.25pt too wide) in paragraph at lines 9780--9780
[]\TU/lmtt/m/n/10 ## P value adjustment: tukey method for comparing a family of
 4 estimates[] 
 []


Overfull \hbox (12.0pt too wide) in paragraph at lines 9828--9828
[]\TU/lmtt/m/n/10 ## Generalized linear mixed model fit by maximum likelihood (
Laplace[] 
 []

[245]
Overfull \hbox (38.25pt too wide) in paragraph at lines 9848--9848
[]\TU/lmtt/m/n/10 ## P value adjustment: tukey method for comparing a family of
 4 estimates[] 
 []

[246]
Overfull \hbox (80.25pt too wide) in paragraph at lines 9861--9861
[]\TU/lmtt/m/n/10 ## Warning in checkConv(attr(opt, "derivs"), opt$par, ctrl = 
control$checkConv, :[] 
 []


Overfull \hbox (80.25pt too wide) in paragraph at lines 9861--9861
[]\TU/lmtt/m/n/10 ## Model failed to converge with max|grad| = 0.0184817 (tol =
 0.002, component 1)[] 
 []

[247] [248] [249]
File: Statsitical-Methods-II_files/figure-latex/unnamed-chunk-284-1.pdf Graphic
 file (type pdf)
<use Statsitical-Methods-II_files/figure-latex/unnamed-chunk-284-1.pdf>
[250]
File: Statsitical-Methods-II_files/figure-latex/unnamed-chunk-285-1.pdf Graphic
 file (type pdf)
<use Statsitical-Methods-II_files/figure-latex/unnamed-chunk-285-1.pdf>
[251] [252] [253]
Underfull \hbox (badness 10000) in paragraph at lines 10245--10247

 []

[254]
Chapter 15.
[255

] [256

] [257] [258]
Chapter 16.
[259

]
Underfull \hbox (badness 10000) in paragraph at lines 10328--10328
[]\TU/lmr/bx/n/14.4 Randomized Complete Block Design
 []

File: Statsitical-Methods-II_files/figure-latex/unnamed-chunk-292-1.pdf Graphic
 file (type pdf)
<use Statsitical-Methods-II_files/figure-latex/unnamed-chunk-292-1.pdf>

Underfull \vbox (badness 10000) has occurred while \output is active []

[260] [261]
File: Statsitical-Methods-II_files/figure-latex/unnamed-chunk-294-1.pdf Graphic
 file (type pdf)
<use Statsitical-Methods-II_files/figure-latex/unnamed-chunk-294-1.pdf>
[262]
Overfull \hbox (201.0pt too wide) in paragraph at lines 10433--10433
[]\TU/lmtt/m/n/10 ## []summarise()[] regrouping output by []plot[], []subplot[]
, []Fertilizer[] (override with [].groups[] argument)[] 
 []

[263]
File: Statsitical-Methods-II_files/figure-latex/unnamed-chunk-297-1.pdf Graphic
 file (type pdf)
<use Statsitical-Methods-II_files/figure-latex/unnamed-chunk-297-1.pdf>

Overfull \hbox (69.75pt too wide) in paragraph at lines 10471--10471
[]\TU/lmtt/m/n/10 ## []summarise()[] regrouping output by []plot[] (override wi
th [].groups[] argument)[] 
 []

[264] [265] [266]
File: Statsitical-Methods-II_files/figure-latex/unnamed-chunk-303-1.pdf Graphic
 file (type pdf)
<use Statsitical-Methods-II_files/figure-latex/unnamed-chunk-303-1.pdf>

Underfull \vbox (badness 2970) has occurred while \output is active []

[267] [268] [269] [270]
Chapter 17.

Overfull \hbox (27.75pt too wide) in paragraph at lines 10739--10739
[]\TU/lmtt/m/n/10 ## Warning in is.na(x): is.na() applied to non-(list or vecto
r) of type[] 
 []

[271

]
File: Statsitical-Methods-II_files/figure-latex/unnamed-chunk-309-1.pdf Graphic
 file (type pdf)
<use Statsitical-Methods-II_files/figure-latex/unnamed-chunk-309-1.pdf>
[272]
Overfull \hbox (27.75pt too wide) in paragraph at lines 10763--10763
[]\TU/lmtt/m/n/10 ## Warning in is.na(x): is.na() applied to non-(list or vecto
r) of type[] 
 []

File: Statsitical-Methods-II_files/figure-latex/unnamed-chunk-310-1.pdf Graphic
 file (type pdf)
<use Statsitical-Methods-II_files/figure-latex/unnamed-chunk-310-1.pdf>

Overfull \hbox (27.75pt too wide) in paragraph at lines 10779--10779
[]\TU/lmtt/m/n/10 ## Warning in is.na(x): is.na() applied to non-(list or vecto
r) of type[] 
 []

File: Statsitical-Methods-II_files/figure-latex/unnamed-chunk-311-1.pdf Graphic
 file (type pdf)
<use Statsitical-Methods-II_files/figure-latex/unnamed-chunk-311-1.pdf>
[273]
Overfull \hbox (27.75pt too wide) in paragraph at lines 10799--10799
[]\TU/lmtt/m/n/10 ## Warning in is.na(x): is.na() applied to non-(list or vecto
r) of type[] 
 []


Overfull \hbox (27.75pt too wide) in paragraph at lines 10799--10799
[]\TU/lmtt/m/n/10 ## Warning in is.na(x): is.na() applied to non-(list or vecto
r) of type[] 
 []

File: Statsitical-Methods-II_files/figure-latex/unnamed-chunk-312-1.pdf Graphic
 file (type pdf)
<use Statsitical-Methods-II_files/figure-latex/unnamed-chunk-312-1.pdf>

Underfull \vbox (badness 10000) has occurred while \output is active []

[274]
Overfull \hbox (27.75pt too wide) in paragraph at lines 10831--10831
[]\TU/lmtt/m/n/10 ## Warning in is.na(x): is.na() applied to non-(list or vecto
r) of type[] 
 []

[275]
Overfull \hbox (27.75pt too wide) in paragraph at lines 10831--10831
[]\TU/lmtt/m/n/10 ## Warning in is.na(x): is.na() applied to non-(list or vecto
r) of type[] 
 []

File: Statsitical-Methods-II_files/figure-latex/unnamed-chunk-313-1.pdf Graphic
 file (type pdf)
<use Statsitical-Methods-II_files/figure-latex/unnamed-chunk-313-1.pdf>
[276]
Overfull \hbox (17.25pt too wide) in paragraph at lines 10873--10873
[]\TU/lmtt/m/n/10 ## []summarise()[] ungrouping output (override with [].groups
[] argument)[] 
 []


Overfull \hbox (27.75pt too wide) in paragraph at lines 10881--10881
[]\TU/lmtt/m/n/10 ## Warning in is.na(x): is.na() applied to non-(list or vecto
r) of type[] 
 []


Overfull \hbox (27.75pt too wide) in paragraph at lines 10881--10881
[]\TU/lmtt/m/n/10 ## Warning in is.na(x): is.na() applied to non-(list or vecto
r) of type[] 
 []

File: Statsitical-Methods-II_files/figure-latex/unnamed-chunk-315-1.pdf Graphic
 file (type pdf)
<use Statsitical-Methods-II_files/figure-latex/unnamed-chunk-315-1.pdf>

Underfull \vbox (badness 4927) has occurred while \output is active []

[277] [278]
Overfull \hbox (17.25pt too wide) in paragraph at lines 10931--10931
[]\TU/lmtt/m/n/10 ## []summarise()[] ungrouping output (override with [].groups
[] argument)[] 
 []


Overfull \hbox (6.75pt too wide) in paragraph at lines 10935--10935
[]\TU/lmtt/m/n/10 ## Warning: Removed 1 row(s) containing missing values (geom_
path).[] 
 []


Overfull \hbox (27.75pt too wide) in paragraph at lines 10940--10940
[]\TU/lmtt/m/n/10 ## Warning in is.na(x): is.na() applied to non-(list or vecto
r) of type[] 
 []


Overfull \hbox (6.75pt too wide) in paragraph at lines 10944--10944
[]\TU/lmtt/m/n/10 ## Warning: Removed 1 row(s) containing missing values (geom_
path).[] 
 []


Overfull \hbox (27.75pt too wide) in paragraph at lines 10949--10949
[]\TU/lmtt/m/n/10 ## Warning in is.na(x): is.na() applied to non-(list or vecto
r) of type[] 
 []

File: Statsitical-Methods-II_files/figure-latex/unnamed-chunk-317-1.pdf Graphic
 file (type pdf)
<use Statsitical-Methods-II_files/figure-latex/unnamed-chunk-317-1.pdf>

Underfull \vbox (badness 10000) has occurred while \output is active []

[279] [280]
Overfull \hbox (59.25pt too wide) in paragraph at lines 10998--10998
[]\TU/lmtt/m/n/10 ## []summarise()[] regrouping output by []mu[] (override with
 [].groups[] argument)[] 
 []


Overfull \hbox (48.75pt too wide) in paragraph at lines 11002--11002
[]\TU/lmtt/m/n/10 ## Warning: Removed 35050 rows containing non-finite values (
stat_contour).[] 
 []


Overfull \hbox (27.75pt too wide) in paragraph at lines 11010--11010
[]\TU/lmtt/m/n/10 ## Warning in is.na(x): is.na() applied to non-(list or vecto
r) of type[] 
 []


Overfull \hbox (27.75pt too wide) in paragraph at lines 11010--11010
[]\TU/lmtt/m/n/10 ## Warning in is.na(x): is.na() applied to non-(list or vecto
r) of type[] 
 []

File: Statsitical-Methods-II_files/figure-latex/unnamed-chunk-320-1.pdf Graphic
 file (type pdf)
<use Statsitical-Methods-II_files/figure-latex/unnamed-chunk-320-1.pdf>

Underfull \vbox (badness 10000) has occurred while \output is active []

[281] [282] [283] [284] [285

]
No file Statsitical-Methods-II.bbl.
Package atveryend Info: Empty hook `BeforeClearDocument' on input line 11130.
[286]
Package atveryend Info: Empty hook `AfterLastShipout' on input line 11130.
(./Statsitical-Methods-II.aux)
Package atveryend Info: Empty hook `AtVeryEndDocument' on input line 11130.
Package atveryend Info: Executing hook `AtEndAfterFileList' on input line 11130
.
Package rerunfilecheck Info: File `Statsitical-Methods-II.out' has not changed.

(rerunfilecheck)             Checksum: 89FD543D28F16055B61732946D575DE2;13770.

LaTeX Warning: There were multiply-defined labels.

Package atveryend Info: Empty hook `AtVeryVeryEnd' on input line 11130.
 ) 
Here is how much of TeX's memory you used:
 17622 strings out of 481691
 344752 string characters out of 5929786
 755100 words of memory out of 5000000
 34335 multiletter control sequences out of 15000+600000
 544246 words of font info for 118 fonts, out of 8000000 for 9000
 14 hyphenation exceptions out of 8191
 52i,15n,118p,1089b,526s stack positions out of 5000i,500n,10000p,200000b,80000s

Output written on Statsitical-Methods-II.pdf (286 pages).
