This is XeTeX, Version 3.14159265-2.6-0.999992 (TeX Live 2020) (preloaded format=xelatex 2020.9.2)  10 SEP 2020 15:54
entering extended mode
 restricted \write18 enabled.
 %&-line parsing enabled.
**Statistical-Methods-II.tex
(./Statistical-Methods-II.tex
LaTeX2e <2020-02-02> patch level 5
L3 programming layer <2020-08-07> (/Users/dls354/Library/TinyTeX/texmf-dist/tex
/latex/base/book.cls
Document Class: book 2019/12/20 v1.4l Standard LaTeX document class
(/Users/dls354/Library/TinyTeX/texmf-dist/tex/latex/base/bk10.clo
File: bk10.clo 2019/12/20 v1.4l Standard LaTeX file (size option)
)
\c@part=\count164
\c@chapter=\count165
\c@section=\count166
\c@subsection=\count167
\c@subsubsection=\count168
\c@paragraph=\count169
\c@subparagraph=\count170
\c@figure=\count171
\c@table=\count172
\abovecaptionskip=\skip47
\belowcaptionskip=\skip48
\bibindent=\dimen134
) (/Users/dls354/Library/TinyTeX/texmf-dist/tex/latex/lm/lmodern.sty
Package: lmodern 2009/10/30 v1.6 Latin Modern Fonts
LaTeX Font Info:    Overwriting symbol font `operators' in version `normal'
(Font)                  OT1/cmr/m/n --> OT1/lmr/m/n on input line 22.
LaTeX Font Info:    Overwriting symbol font `letters' in version `normal'
(Font)                  OML/cmm/m/it --> OML/lmm/m/it on input line 23.
LaTeX Font Info:    Overwriting symbol font `symbols' in version `normal'
(Font)                  OMS/cmsy/m/n --> OMS/lmsy/m/n on input line 24.
LaTeX Font Info:    Overwriting symbol font `largesymbols' in version `normal'
(Font)                  OMX/cmex/m/n --> OMX/lmex/m/n on input line 25.
LaTeX Font Info:    Overwriting symbol font `operators' in version `bold'
(Font)                  OT1/cmr/bx/n --> OT1/lmr/bx/n on input line 26.
LaTeX Font Info:    Overwriting symbol font `letters' in version `bold'
(Font)                  OML/cmm/b/it --> OML/lmm/b/it on input line 27.
LaTeX Font Info:    Overwriting symbol font `symbols' in version `bold'
(Font)                  OMS/cmsy/b/n --> OMS/lmsy/b/n on input line 28.
LaTeX Font Info:    Overwriting symbol font `largesymbols' in version `bold'
(Font)                  OMX/cmex/m/n --> OMX/lmex/m/n on input line 29.
LaTeX Font Info:    Overwriting math alphabet `\mathbf' in version `normal'
(Font)                  OT1/cmr/bx/n --> OT1/lmr/bx/n on input line 31.
LaTeX Font Info:    Overwriting math alphabet `\mathsf' in version `normal'
(Font)                  OT1/cmss/m/n --> OT1/lmss/m/n on input line 32.
LaTeX Font Info:    Overwriting math alphabet `\mathit' in version `normal'
(Font)                  OT1/cmr/m/it --> OT1/lmr/m/it on input line 33.
LaTeX Font Info:    Overwriting math alphabet `\mathtt' in version `normal'
(Font)                  OT1/cmtt/m/n --> OT1/lmtt/m/n on input line 34.
LaTeX Font Info:    Overwriting math alphabet `\mathbf' in version `bold'
(Font)                  OT1/cmr/bx/n --> OT1/lmr/bx/n on input line 35.
LaTeX Font Info:    Overwriting math alphabet `\mathsf' in version `bold'
(Font)                  OT1/cmss/bx/n --> OT1/lmss/bx/n on input line 36.
LaTeX Font Info:    Overwriting math alphabet `\mathit' in version `bold'
(Font)                  OT1/cmr/bx/it --> OT1/lmr/bx/it on input line 37.
LaTeX Font Info:    Overwriting math alphabet `\mathtt' in version `bold'
(Font)                  OT1/cmtt/m/n --> OT1/lmtt/m/n on input line 38.
) (/Users/dls354/Library/TinyTeX/texmf-dist/tex/latex/amsfonts/amssymb.sty
Package: amssymb 2013/01/14 v3.01 AMS font symbols
(/Users/dls354/Library/TinyTeX/texmf-dist/tex/latex/amsfonts/amsfonts.sty
Package: amsfonts 2013/01/14 v3.01 Basic AMSFonts support
\@emptytoks=\toks15
\symAMSa=\mathgroup4
\symAMSb=\mathgroup5
LaTeX Font Info:    Redeclaring math symbol \hbar on input line 98.
LaTeX Font Info:    Overwriting math alphabet `\mathfrak' in version `bold'
(Font)                  U/euf/m/n --> U/euf/b/n on input line 106.
)) (/Users/dls354/Library/TinyTeX/texmf-dist/tex/latex/amsmath/amsmath.sty
Package: amsmath 2020/01/20 v2.17e AMS math features
\@mathmargin=\skip49
For additional information on amsmath, use the `?' option.
(/Users/dls354/Library/TinyTeX/texmf-dist/tex/latex/amsmath/amstext.sty
Package: amstext 2000/06/29 v2.01 AMS text
(/Users/dls354/Library/TinyTeX/texmf-dist/tex/latex/amsmath/amsgen.sty
File: amsgen.sty 1999/11/30 v2.0 generic functions
\@emptytoks=\toks16
\ex@=\dimen135
)) (/Users/dls354/Library/TinyTeX/texmf-dist/tex/latex/amsmath/amsbsy.sty
Package: amsbsy 1999/11/29 v1.2d Bold Symbols
\pmbraise@=\dimen136
) (/Users/dls354/Library/TinyTeX/texmf-dist/tex/latex/amsmath/amsopn.sty
Package: amsopn 2016/03/08 v2.02 operator names
)
\inf@bad=\count173
LaTeX Info: Redefining \frac on input line 227.
\uproot@=\count174
\leftroot@=\count175
LaTeX Info: Redefining \overline on input line 389.
\classnum@=\count176
\DOTSCASE@=\count177
LaTeX Info: Redefining \ldots on input line 486.
LaTeX Info: Redefining \dots on input line 489.
LaTeX Info: Redefining \cdots on input line 610.
\Mathstrutbox@=\box45
\strutbox@=\box46
\big@size=\dimen137
LaTeX Font Info:    Redeclaring font encoding OML on input line 733.
LaTeX Font Info:    Redeclaring font encoding OMS on input line 734.
\macc@depth=\count178
\c@MaxMatrixCols=\count179
\dotsspace@=\muskip16
\c@parentequation=\count180
\dspbrk@lvl=\count181
\tag@help=\toks17
\row@=\count182
\column@=\count183
\maxfields@=\count184
\andhelp@=\toks18
\eqnshift@=\dimen138
\alignsep@=\dimen139
\tagshift@=\dimen140
\tagwidth@=\dimen141
\totwidth@=\dimen142
\lineht@=\dimen143
\@envbody=\toks19
\multlinegap=\skip50
\multlinetaggap=\skip51
\mathdisplay@stack=\toks20
LaTeX Info: Redefining \[ on input line 2859.
LaTeX Info: Redefining \] on input line 2860.
) (/Users/dls354/Library/TinyTeX/texmf-dist/tex/generic/iftex/ifxetex.sty
Package: ifxetex 2019/10/25 v0.7 ifxetex legacy package. Use iftex instead.
(/Users/dls354/Library/TinyTeX/texmf-dist/tex/generic/iftex/iftex.sty
Package: iftex 2020/03/06 v1.0d TeX engine tests
)) (/Users/dls354/Library/TinyTeX/texmf-dist/tex/generic/iftex/ifluatex.sty
Package: ifluatex 2019/10/25 v1.5 ifluatex legacy package. Use iftex instead.
) (/Users/dls354/Library/TinyTeX/texmf-dist/tex/latex/base/fixltx2e.sty
Package: fixltx2e 2016/12/29 v2.1a fixes to LaTeX (obsolete)
Applying: [2015/01/01] Old fixltx2e package on input line 46.

Package fixltx2e Warning: fixltx2e is not required with releases after 2015
(fixltx2e)                All fixes are now in the LaTeX kernel.
(fixltx2e)                See the latexrelease package for details.

Already applied: [0000/00/00] Old fixltx2e package on input line 53.
)
(/Users/dls354/Library/TinyTeX/texmf-dist/tex/latex/unicode-math/unicode-math.s
ty (/Users/dls354/Library/TinyTeX/texmf-dist/tex/latex/l3kernel/expl3.sty
Package: expl3 2020-08-07 L3 programming layer (loader) 

(/Users/dls354/Library/TinyTeX/texmf-dist/tex/latex/l3backend/l3backend-xdvipdf
mx.def
File: l3backend-xdvipdfmx.def 2020-08-07 L3 backend support: xdvipdfmx
\g__graphics_track_int=\count185
\l__pdf_internal_box=\box47
\g__pdf_backend_object_int=\count186
\g__pdf_backend_annotation_int=\count187
))
Package: unicode-math 2020/01/31 v0.8q Unicode maths in XeLaTeX and LuaLaTeX

(/Users/dls354/Library/TinyTeX/texmf-dist/tex/latex/unicode-math/unicode-math-x
etex.sty
Package: unicode-math-xetex 2020/01/31 v0.8q Unicode maths in XeLaTeX and LuaLa
TeX

(/Users/dls354/Library/TinyTeX/texmf-dist/tex/latex/l3packages/xparse/xparse.st
y
Package: xparse 2020-05-15 L3 Experimental document command parser

(/Users/dls354/Library/TinyTeX/texmf-dist/tex/latex/l3packages/xparse/xparse-ge
neric.tex
\l__xparse_current_arg_int=\count188
\g__xparse_grabber_int=\count189
\l__xparse_m_args_int=\count190
\l__xparse_v_nesting_int=\count191
))
(/Users/dls354/Library/TinyTeX/texmf-dist/tex/latex/l3packages/l3keys2e/l3keys2
e.sty
Package: l3keys2e 2020-05-15 LaTeX2e option processing using LaTeX3 keys
) (/Users/dls354/Library/TinyTeX/texmf-dist/tex/latex/fontspec/fontspec.sty
Package: fontspec 2020/02/21 v2.7i Font selection for XeLaTeX and LuaLaTeX

(/Users/dls354/Library/TinyTeX/texmf-dist/tex/latex/fontspec/fontspec-xetex.sty
Package: fontspec-xetex 2020/02/21 v2.7i Font selection for XeLaTeX and LuaLaTe
X
\l__fontspec_script_int=\count192
\l__fontspec_language_int=\count193
\l__fontspec_strnum_int=\count194
\l__fontspec_tmp_int=\count195
\l__fontspec_tmpa_int=\count196
\l__fontspec_tmpb_int=\count197
\l__fontspec_tmpc_int=\count198
\l__fontspec_em_int=\count199
\l__fontspec_emdef_int=\count266
\l__fontspec_strong_int=\count267
\l__fontspec_strongdef_int=\count268
\l__fontspec_tmpa_dim=\dimen144
\l__fontspec_tmpb_dim=\dimen145
\l__fontspec_tmpc_dim=\dimen146
(/Users/dls354/Library/TinyTeX/texmf-dist/tex/latex/base/fontenc.sty
Package: fontenc 2020/02/11 v2.0o Standard LaTeX package
) (/Users/dls354/Library/TinyTeX/texmf-dist/tex/latex/fontspec/fontspec.cfg))) 
(/Users/dls354/Library/TinyTeX/texmf-dist/tex/latex/base/fix-cm.sty
Package: fix-cm 2015/01/14 v1.1t fixes to LaTeX
(/Users/dls354/Library/TinyTeX/texmf-dist/tex/latex/base/ts1enc.def
File: ts1enc.def 2001/06/05 v3.0e (jk/car/fm) Standard LaTeX file
LaTeX Font Info:    Redeclaring font encoding TS1 on input line 47.
))
\g__um_fam_int=\count269
\g__um_fonts_used_int=\count270
\l__um_primecount_int=\count271
\g__um_primekern_muskip=\muskip17

(/Users/dls354/Library/TinyTeX/texmf-dist/tex/latex/unicode-math/unicode-math-t
able.tex))) (/Users/dls354/Library/TinyTeX/texmf-dist/tex/latex/upquote/upquote
.sty
Package: upquote 2012/04/19 v1.3 upright-quote and grave-accent glyphs in verba
tim
(/Users/dls354/Library/TinyTeX/texmf-dist/tex/latex/base/textcomp.sty
Package: textcomp 2020/02/02 v2.0n Standard LaTeX package
)) (/Users/dls354/Library/TinyTeX/texmf-dist/tex/latex/hyperref/hyperref.sty
Package: hyperref 2020-05-15 v7.00e Hypertext links for LaTeX
(/Users/dls354/Library/TinyTeX/texmf-dist/tex/generic/ltxcmds/ltxcmds.sty
Package: ltxcmds 2019/12/15 v1.24 LaTeX kernel commands for general use (HO)
)
(/Users/dls354/Library/TinyTeX/texmf-dist/tex/generic/pdftexcmds/pdftexcmds.sty
Package: pdftexcmds 2020-06-27 v0.33 Utility functions of pdfTeX for LuaTeX (HO
)
(/Users/dls354/Library/TinyTeX/texmf-dist/tex/generic/infwarerr/infwarerr.sty
Package: infwarerr 2019/12/03 v1.5 Providing info/warning/error messages (HO)
)
Package pdftexcmds Info: \pdf@primitive is available.
Package pdftexcmds Info: \pdf@ifprimitive is available.
Package pdftexcmds Info: \pdfdraftmode not found.
) (/Users/dls354/Library/TinyTeX/texmf-dist/tex/latex/graphics/keyval.sty
Package: keyval 2014/10/28 v1.15 key=value parser (DPC)
\KV@toks@=\toks21
) (/Users/dls354/Library/TinyTeX/texmf-dist/tex/generic/kvsetkeys/kvsetkeys.sty
Package: kvsetkeys 2019/12/15 v1.18 Key value parser (HO)
)
(/Users/dls354/Library/TinyTeX/texmf-dist/tex/generic/kvdefinekeys/kvdefinekeys
.sty
Package: kvdefinekeys 2019-12-19 v1.6 Define keys (HO)
) (/Users/dls354/Library/TinyTeX/texmf-dist/tex/generic/pdfescape/pdfescape.sty
Package: pdfescape 2019/12/09 v1.15 Implements pdfTeX's escape features (HO)
) (/Users/dls354/Library/TinyTeX/texmf-dist/tex/latex/hycolor/hycolor.sty
Package: hycolor 2020-01-27 v1.10 Color options for hyperref/bookmark (HO)
)
(/Users/dls354/Library/TinyTeX/texmf-dist/tex/latex/letltxmacro/letltxmacro.sty
Package: letltxmacro 2019/12/03 v1.6 Let assignment for LaTeX macros (HO)
) (/Users/dls354/Library/TinyTeX/texmf-dist/tex/latex/auxhook/auxhook.sty
Package: auxhook 2019-12-17 v1.6 Hooks for auxiliary files (HO)
) (/Users/dls354/Library/TinyTeX/texmf-dist/tex/latex/kvoptions/kvoptions.sty
Package: kvoptions 2019/11/29 v3.13 Key value format for package options (HO)
)
\@linkdim=\dimen147
\Hy@linkcounter=\count272
\Hy@pagecounter=\count273
(/Users/dls354/Library/TinyTeX/texmf-dist/tex/latex/hyperref/pd1enc.def
File: pd1enc.def 2020-05-15 v7.00e Hyperref: PDFDocEncoding definition (HO)
) (/Users/dls354/Library/TinyTeX/texmf-dist/tex/generic/intcalc/intcalc.sty
Package: intcalc 2019/12/15 v1.3 Expandable calculations with integers (HO)
) (/Users/dls354/Library/TinyTeX/texmf-dist/tex/generic/etexcmds/etexcmds.sty
Package: etexcmds 2019/12/15 v1.7 Avoid name clashes with e-TeX commands (HO)
)
\Hy@SavedSpaceFactor=\count274
Package hyperref Info: Option `unicode' set `true' on input line 4338.
(/Users/dls354/Library/TinyTeX/texmf-dist/tex/latex/hyperref/puenc.def
File: puenc.def 2020-05-15 v7.00e Hyperref: PDF Unicode definition (HO)
)
Package hyperref Info: Hyper figures OFF on input line 4464.
Package hyperref Info: Link nesting OFF on input line 4469.
Package hyperref Info: Hyper index ON on input line 4472.
Package hyperref Info: Plain pages OFF on input line 4479.
Package hyperref Info: Backreferencing OFF on input line 4484.
Package hyperref Info: Implicit mode ON; LaTeX internals redefined.
Package hyperref Info: Bookmarks ON on input line 4717.
\c@Hy@tempcnt=\count275
(/Users/dls354/Library/TinyTeX/texmf-dist/tex/latex/url/url.sty
\Urlmuskip=\muskip18
Package: url 2013/09/16  ver 3.4  Verb mode for urls, etc.
)
LaTeX Info: Redefining \url on input line 5076.
\XeTeXLinkMargin=\dimen148
(/Users/dls354/Library/TinyTeX/texmf-dist/tex/generic/bitset/bitset.sty
Package: bitset 2019/12/09 v1.3 Handle bit-vector datatype (HO)

(/Users/dls354/Library/TinyTeX/texmf-dist/tex/generic/bigintcalc/bigintcalc.sty
Package: bigintcalc 2019/12/15 v1.5 Expandable calculations on big integers (HO
)
))
\Fld@menulength=\count276
\Field@Width=\dimen149
\Fld@charsize=\dimen150
Package hyperref Info: Hyper figures OFF on input line 6347.
Package hyperref Info: Link nesting OFF on input line 6352.
Package hyperref Info: Hyper index ON on input line 6355.
Package hyperref Info: backreferencing OFF on input line 6362.
Package hyperref Info: Link coloring OFF on input line 6367.
Package hyperref Info: Link coloring with OCG OFF on input line 6372.
Package hyperref Info: PDF/A mode OFF on input line 6377.
LaTeX Info: Redefining \ref on input line 6417.
LaTeX Info: Redefining \pageref on input line 6421.
(/Users/dls354/Library/TinyTeX/texmf-dist/tex/generic/atbegshi/atbegshi.sty
Package: atbegshi 2019/12/05 v1.19 At begin shipout hook (HO)
)
\Hy@abspage=\count277
\c@Item=\count278
\c@Hfootnote=\count279
)
Package hyperref Info: Driver (autodetected): hxetex.
(/Users/dls354/Library/TinyTeX/texmf-dist/tex/latex/hyperref/hxetex.def
File: hxetex.def 2020-05-15 v7.00e Hyperref driver for XeTeX
(/Users/dls354/Library/TinyTeX/texmf-dist/tex/generic/stringenc/stringenc.sty
Package: stringenc 2019/11/29 v1.12 Convert strings between diff. encodings (HO
)
)
\pdfm@box=\box48
\c@Hy@AnnotLevel=\count280
\HyField@AnnotCount=\count281
\Fld@listcount=\count282
\c@bookmark@seq@number=\count283

(/Users/dls354/Library/TinyTeX/texmf-dist/tex/latex/rerunfilecheck/rerunfileche
ck.sty
Package: rerunfilecheck 2019/12/05 v1.9 Rerun checks for auxiliary files (HO)
(/Users/dls354/Library/TinyTeX/texmf-dist/tex/latex/atveryend/atveryend.sty
Package: atveryend 2019-12-11 v1.11 Hooks at the very end of document (HO)
Package atveryend Info: \enddocument detected (standard20110627).
)
(/Users/dls354/Library/TinyTeX/texmf-dist/tex/generic/uniquecounter/uniquecount
er.sty
Package: uniquecounter 2019/12/15 v1.4 Provide unlimited unique counter (HO)
)
Package uniquecounter Info: New unique counter `rerunfilecheck' on input line 2
86.
)
\Hy@SectionHShift=\skip52
)
Package hyperref Info: Option `breaklinks' set `true' on input line 35.
(/Users/dls354/Library/TinyTeX/texmf-dist/tex/latex/graphics/color.sty
Package: color 2019/11/23 v1.2a Standard LaTeX Color (DPC)
(/Users/dls354/Library/TinyTeX/texmf-dist/tex/latex/graphics-cfg/color.cfg
File: color.cfg 2016/01/02 v1.6 sample color configuration
)
Package color Info: Driver file: xetex.def on input line 147.
(/Users/dls354/Library/TinyTeX/texmf-dist/tex/latex/graphics-def/xetex.def
File: xetex.def 2020/08/26 v5.0i Graphics/color driver for xetex
)) (/Users/dls354/Library/TinyTeX/texmf-dist/tex/latex/fancyvrb/fancyvrb.sty
Package: fancyvrb 2020/05/03 v3.6 verbatim text (tvz,hv)
\FV@CodeLineNo=\count284
\FV@InFile=\read2
\FV@TabBox=\box49
\c@FancyVerbLine=\count285
\FV@StepNumber=\count286
\FV@OutFile=\write3
) (/Users/dls354/Library/TinyTeX/texmf-dist/tex/latex/framed/framed.sty
Package: framed 2011/10/22 v 0.96: framed or shaded text with page breaks
\OuterFrameSep=\skip53
\fb@frw=\dimen151
\fb@frh=\dimen152
\FrameRule=\dimen153
\FrameSep=\dimen154
) (/Users/dls354/Library/TinyTeX/texmf-dist/tex/latex/tools/longtable.sty
Package: longtable 2020/01/07 v4.13 Multi-page Table package (DPC)
\LTleft=\skip54
\LTright=\skip55
\LTpre=\skip56
\LTpost=\skip57
\LTchunksize=\count287
\LTcapwidth=\dimen155
\LT@head=\box50
\LT@firsthead=\box51
\LT@foot=\box52
\LT@lastfoot=\box53
\LT@cols=\count288
\LT@rows=\count289
\c@LT@tables=\count290
\c@LT@chunks=\count291
\LT@p@ftn=\toks22
) (/Users/dls354/Library/TinyTeX/texmf-dist/tex/latex/booktabs/booktabs.sty
Package: booktabs 2020/01/12 v1.61803398 Publication quality tables
\heavyrulewidth=\dimen156
\lightrulewidth=\dimen157
\cmidrulewidth=\dimen158
\belowrulesep=\dimen159
\belowbottomsep=\dimen160
\aboverulesep=\dimen161
\abovetopsep=\dimen162
\cmidrulesep=\dimen163
\cmidrulekern=\dimen164
\defaultaddspace=\dimen165
\@cmidla=\count292
\@cmidlb=\count293
\@aboverulesep=\dimen166
\@belowrulesep=\dimen167
\@thisruleclass=\count294
\@lastruleclass=\count295
\@thisrulewidth=\dimen168
) (/Users/dls354/Library/TinyTeX/texmf-dist/tex/latex/mdwtools/footnote.sty
Package: footnote 1997/01/28 1.13 Save footnotes around boxes
\fn@notes=\box54
\fn@width=\dimen169
) (/Users/dls354/Library/TinyTeX/texmf-dist/tex/latex/graphics/graphicx.sty
Package: graphicx 2019/11/30 v1.2a Enhanced LaTeX Graphics (DPC,SPQR)
(/Users/dls354/Library/TinyTeX/texmf-dist/tex/latex/graphics/graphics.sty
Package: graphics 2019/11/30 v1.4a Standard LaTeX Graphics (DPC,SPQR)
(/Users/dls354/Library/TinyTeX/texmf-dist/tex/latex/graphics/trig.sty
Package: trig 2016/01/03 v1.10 sin cos tan (DPC)
) (/Users/dls354/Library/TinyTeX/texmf-dist/tex/latex/graphics-cfg/graphics.cfg
File: graphics.cfg 2016/06/04 v1.11 sample graphics configuration
)
Package graphics Info: Driver file: xetex.def on input line 105.
)
\Gin@req@height=\dimen170
\Gin@req@width=\dimen171
) (/Users/dls354/Library/TinyTeX/texmf-dist/tex/latex/grffile/grffile.sty
Package: grffile 2019/11/11 v2.1 Extended file name support for graphics (legac
y)
Package grffile Info: This package is an empty stub for compatibility on input 
line 40.
) (/Users/dls354/Library/TinyTeX/texmf-dist/tex/latex/natbib/natbib.sty
Package: natbib 2010/09/13 8.31b (PWD, AO)
\bibhang=\skip58
\bibsep=\skip59
LaTeX Info: Redefining \cite on input line 694.
\c@NAT@ctr=\count296
) (./Statistical-Methods-II.aux

LaTeX Warning: Label `example' multiply defined.


LaTeX Warning: Label `confidence-intervals' multiply defined.


LaTeX Warning: Label `block-designs' multiply defined.


LaTeX Warning: Label `randomized-complete-block-design-rcbd' multiply defined.


LaTeX Warning: Label `learning-outcomes' multiply defined.


LaTeX Warning: Label `introduction' multiply defined.


LaTeX Warning: Label `exercises' multiply defined.

)
\openout1 = `Statistical-Methods-II.aux'.

LaTeX Font Info:    Checking defaults for OML/cmm/m/it on input line 116.
LaTeX Font Info:    ... okay on input line 116.
LaTeX Font Info:    Checking defaults for OMS/cmsy/m/n on input line 116.
LaTeX Font Info:    ... okay on input line 116.
LaTeX Font Info:    Checking defaults for OT1/cmr/m/n on input line 116.
LaTeX Font Info:    ... okay on input line 116.
LaTeX Font Info:    Checking defaults for T1/cmr/m/n on input line 116.
LaTeX Font Info:    ... okay on input line 116.
LaTeX Font Info:    Checking defaults for TS1/cmr/m/n on input line 116.
LaTeX Font Info:    ... okay on input line 116.
LaTeX Font Info:    Checking defaults for TU/lmr/m/n on input line 116.
LaTeX Font Info:    ... okay on input line 116.
LaTeX Font Info:    Checking defaults for OMX/cmex/m/n on input line 116.
LaTeX Font Info:    ... okay on input line 116.
LaTeX Font Info:    Checking defaults for U/cmr/m/n on input line 116.
LaTeX Font Info:    ... okay on input line 116.
LaTeX Font Info:    Checking defaults for PD1/pdf/m/n on input line 116.
LaTeX Font Info:    ... okay on input line 116.
LaTeX Font Info:    Checking defaults for PU/pdf/m/n on input line 116.
LaTeX Font Info:    ... okay on input line 116.
LaTeX Font Info:    Overwriting math alphabet `\mathrm' in version `normal'
(Font)                  OT1/lmr/m/n --> TU/lmr/m/n on input line 116.
LaTeX Font Info:    Overwriting math alphabet `\mathit' in version `normal'
(Font)                  OT1/lmr/m/it --> TU/lmr/m/it on input line 116.
LaTeX Font Info:    Overwriting math alphabet `\mathbf' in version `normal'
(Font)                  OT1/lmr/bx/n --> TU/lmr/bx/n on input line 116.
LaTeX Font Info:    Overwriting math alphabet `\mathsf' in version `normal'
(Font)                  OT1/lmss/m/n --> TU/lmss/m/n on input line 116.
LaTeX Font Info:    Overwriting math alphabet `\mathsf' in version `bold'
(Font)                  OT1/lmss/bx/n --> TU/lmss/bx/n on input line 116.
LaTeX Font Info:    Overwriting math alphabet `\mathtt' in version `normal'
(Font)                  OT1/lmtt/m/n --> TU/lmtt/m/n on input line 116.
LaTeX Font Info:    Overwriting math alphabet `\mathtt' in version `bold'
(Font)                  OT1/lmtt/m/n --> TU/lmtt/bx/n on input line 116.

Package fontspec Info: latinmodern-math scale = 0.9999964596882403.


Package fontspec Info: latinmodern-math scale = 0.9999964596882403.


Package fontspec Info: latinmodern-math scale = 0.9999964596882403.


Package fontspec Info: Font family 'latinmodern-math.otf(0)' created for font
(fontspec)             'latinmodern-math.otf' with options
(fontspec)             [Ligatures=TeX,Scale=MatchLowercase,BoldItalicFont={},It
alicFont={},SmallCapsFont={},Script=Math,BoldFont={latinmodern-math.otf}].
(fontspec)              
(fontspec)              This font family consists of the following NFSS
(fontspec)             series/shapes:
(fontspec)              
(fontspec)             - 'normal' (m/n) with NFSS spec.:
(fontspec)             <->s*[0.9999964596882403]"[latinmodern-math.otf]/OT:scri
pt=math;language=dflt;mapping=tex-text;"
(fontspec)             - 'small caps'  (m/sc) with NFSS spec.: 
(fontspec)             - 'bold' (b/n) with NFSS spec.:
(fontspec)             <->s*[0.9999964596882403]"[latinmodern-math.otf]/OT:scri
pt=math;language=dflt;mapping=tex-text;"
(fontspec)             - 'bold small caps'  (b/sc) with NFSS spec.: 

LaTeX Font Info:    Font shape `TU/latinmodern-math.otf(0)/m/n' will be
(Font)              scaled to size 10.0pt on input line 116.

Package fontspec Info: latinmodern-math scale = 0.9999964596882403.


Package fontspec Info: latinmodern-math scale = 0.9999964596882403.


Package fontspec Info: latinmodern-math scale = 0.9999964596882403.


Package fontspec Info: latinmodern-math scale = 0.9999964596882403.


Package fontspec Info: latinmodern-math scale = 0.9999964596882403.


Package fontspec Info: Font family 'latinmodern-math.otf(1)' created for font
(fontspec)             'latinmodern-math.otf' with options
(fontspec)             [Ligatures=TeX,Scale=MatchLowercase,BoldItalicFont={},It
alicFont={},SmallCapsFont={},Script=Math,SizeFeatures={{Size=8.5-},{Size=6-8.5,
Font=latinmodern-math.otf,Style=MathScript},{Size=-6,Font=latinmodern-math.otf,
Style=MathScriptScript}},BoldFont={latinmodern-math.otf}].
(fontspec)              
(fontspec)              This font family consists of the following NFSS
(fontspec)             series/shapes:
(fontspec)              
(fontspec)             - 'normal' (m/n) with NFSS spec.:
(fontspec)             <8.5->s*[0.9999964596882403]"[latinmodern-math.otf]/OT:s
cript=math;language=dflt;mapping=tex-text;"<6-8.5>s*[0.9999964596882403]"[latin
modern-math.otf]/OT:script=math;language=dflt;+ssty=0;mapping=tex-text;"<-6>s*[
0.9999964596882403]"[latinmodern-math.otf]/OT:script=math;language=dflt;+ssty=1
;mapping=tex-text;"
(fontspec)             - 'small caps'  (m/sc) with NFSS spec.: 
(fontspec)             - 'bold' (b/n) with NFSS spec.:
(fontspec)             <->s*[0.9999964596882403]"[latinmodern-math.otf]/OT:scri
pt=math;language=dflt;mapping=tex-text;"
(fontspec)             - 'bold small caps'  (b/sc) with NFSS spec.: 

LaTeX Font Info:    Font shape `TU/latinmodern-math.otf(1)/m/n' will be
(Font)              scaled to size 10.0pt on input line 116.
LaTeX Font Info:    Encoding `OT1' has changed to `TU' for symbol font
(Font)              `operators' in the math version `normal' on input line 116.

LaTeX Font Info:    Overwriting symbol font `operators' in version `normal'
(Font)                  OT1/lmr/m/n --> TU/latinmodern-math.otf(1)/m/n on input
 line 116.
LaTeX Font Info:    Encoding `OT1' has changed to `TU' for symbol font
(Font)              `operators' in the math version `bold' on input line 116.
LaTeX Font Info:    Overwriting symbol font `operators' in version `bold'
(Font)                  OT1/lmr/bx/n --> TU/latinmodern-math.otf(1)/b/n on inpu
t line 116.

Package fontspec Info: latinmodern-math scale = 0.9999964596882403.


Package fontspec Info: latinmodern-math scale = 1.000096459334209.


Package fontspec Info: latinmodern-math scale = 0.9999964596882403.


Package fontspec Info: latinmodern-math scale = 1.000096459334209.


Package fontspec Info: latinmodern-math scale = 0.9999964596882403.


Package fontspec Info: latinmodern-math scale = 1.000096459334209.


Package fontspec Info: latinmodern-math scale = 0.9999964596882403.


Package fontspec Info: latinmodern-math scale = 1.000096459334209.


Package fontspec Info: latinmodern-math scale = 0.9999964596882403.


Package fontspec Info: latinmodern-math scale = 1.000096459334209.


Package fontspec Info: Font family 'latinmodern-math.otf(2)' created for font
(fontspec)             'latinmodern-math.otf' with options
(fontspec)             [Ligatures=TeX,Scale=MatchLowercase,BoldItalicFont={},It
alicFont={},SmallCapsFont={},Script=Math,SizeFeatures={{Size=8.5-},{Size=6-8.5,
Font=latinmodern-math.otf,Style=MathScript},{Size=-6,Font=latinmodern-math.otf,
Style=MathScriptScript}},BoldFont={latinmodern-math.otf},ScaleAgain=1.0001,Font
Adjustment={\fontdimen
(fontspec)             8\font =6.77pt\relax \fontdimen 9\font =3.94pt\relax
(fontspec)             \fontdimen 10\font =4.44pt\relax \fontdimen 11\font
(fontspec)             =6.86pt\relax \fontdimen 12\font =3.45pt\relax
(fontspec)             \fontdimen 13\font =3.63pt\relax \fontdimen 14\font
(fontspec)             =3.63pt\relax \fontdimen 15\font =2.89pt\relax
(fontspec)             \fontdimen 16\font =2.47pt\relax \fontdimen 17\font
(fontspec)             =2.47pt\relax \fontdimen 18\font =2.5pt\relax
(fontspec)             \fontdimen 19\font =2.0pt\relax \fontdimen 22\font
(fontspec)             =2.5pt\relax \fontdimen 20\font =0pt\relax \fontdimen
(fontspec)             21\font =0pt\relax }].
(fontspec)              
(fontspec)              This font family consists of the following NFSS
(fontspec)             series/shapes:
(fontspec)              
(fontspec)             - 'normal' (m/n) with NFSS spec.:
(fontspec)             <8.5->s*[1.000096459334209]"[latinmodern-math.otf]/OT:sc
ript=math;language=dflt;mapping=tex-text;"<6-8.5>s*[1.000096459334209]"[latinmo
dern-math.otf]/OT:script=math;language=dflt;+ssty=0;mapping=tex-text;"<-6>s*[1.
000096459334209]"[latinmodern-math.otf]/OT:script=math;language=dflt;+ssty=1;ma
pping=tex-text;"
(fontspec)             - 'small caps'  (m/sc) with NFSS spec.: 
(fontspec)             and font adjustment code:
(fontspec)             \fontdimen 8\font =6.77pt\relax \fontdimen 9\font
(fontspec)             =3.94pt\relax \fontdimen 10\font =4.44pt\relax
(fontspec)             \fontdimen 11\font =6.86pt\relax \fontdimen 12\font
(fontspec)             =3.45pt\relax \fontdimen 13\font =3.63pt\relax
(fontspec)             \fontdimen 14\font =3.63pt\relax \fontdimen 15\font
(fontspec)             =2.89pt\relax \fontdimen 16\font =2.47pt\relax
(fontspec)             \fontdimen 17\font =2.47pt\relax \fontdimen 18\font
(fontspec)             =2.5pt\relax \fontdimen 19\font =2.0pt\relax \fontdimen
(fontspec)             22\font =2.5pt\relax \fontdimen 20\font =0pt\relax
(fontspec)             \fontdimen 21\font =0pt\relax 
(fontspec)             - 'bold' (b/n) with NFSS spec.:
(fontspec)             <->s*[1.000096459334209]"[latinmodern-math.otf]/OT:scrip
t=math;language=dflt;mapping=tex-text;"
(fontspec)             - 'bold small caps'  (b/sc) with NFSS spec.: 
(fontspec)             and font adjustment code:
(fontspec)             \fontdimen 8\font =6.77pt\relax \fontdimen 9\font
(fontspec)             =3.94pt\relax \fontdimen 10\font =4.44pt\relax
(fontspec)             \fontdimen 11\font =6.86pt\relax \fontdimen 12\font
(fontspec)             =3.45pt\relax \fontdimen 13\font =3.63pt\relax
(fontspec)             \fontdimen 14\font =3.63pt\relax \fontdimen 15\font
(fontspec)             =2.89pt\relax \fontdimen 16\font =2.47pt\relax
(fontspec)             \fontdimen 17\font =2.47pt\relax \fontdimen 18\font
(fontspec)             =2.5pt\relax \fontdimen 19\font =2.0pt\relax \fontdimen
(fontspec)             22\font =2.5pt\relax \fontdimen 20\font =0pt\relax
(fontspec)             \fontdimen 21\font =0pt\relax 

LaTeX Font Info:    Encoding `OMS' has changed to `TU' for symbol font
(Font)              `symbols' in the math version `normal' on input line 116.
LaTeX Font Info:    Overwriting symbol font `symbols' in version `normal'
(Font)                  OMS/lmsy/m/n --> TU/latinmodern-math.otf(2)/m/n on inpu
t line 116.
LaTeX Font Info:    Encoding `OMS' has changed to `TU' for symbol font
(Font)              `symbols' in the math version `bold' on input line 116.
LaTeX Font Info:    Overwriting symbol font `symbols' in version `bold'
(Font)                  OMS/lmsy/b/n --> TU/latinmodern-math.otf(2)/b/n on inpu
t line 116.

Package fontspec Info: latinmodern-math scale = 0.9999964596882403.


Package fontspec Info: latinmodern-math scale = 0.9998964600422715.


Package fontspec Info: latinmodern-math scale = 0.9999964596882403.


Package fontspec Info: latinmodern-math scale = 0.9998964600422715.


Package fontspec Info: latinmodern-math scale = 0.9999964596882403.


Package fontspec Info: latinmodern-math scale = 0.9998964600422715.


Package fontspec Info: latinmodern-math scale = 0.9999964596882403.


Package fontspec Info: latinmodern-math scale = 0.9998964600422715.


Package fontspec Info: latinmodern-math scale = 0.9999964596882403.


Package fontspec Info: latinmodern-math scale = 0.9998964600422715.


Package fontspec Info: Font family 'latinmodern-math.otf(3)' created for font
(fontspec)             'latinmodern-math.otf' with options
(fontspec)             [Ligatures=TeX,Scale=MatchLowercase,BoldItalicFont={},It
alicFont={},SmallCapsFont={},Script=Math,SizeFeatures={{Size=8.5-},{Size=6-8.5,
Font=latinmodern-math.otf,Style=MathScript},{Size=-6,Font=latinmodern-math.otf,
Style=MathScriptScript}},BoldFont={latinmodern-math.otf},ScaleAgain=0.9999,Font
Adjustment={\fontdimen
(fontspec)             8\font =0.4pt\relax \fontdimen 9\font =2.0pt\relax
(fontspec)             \fontdimen 10\font =1.67pt\relax \fontdimen 11\font
(fontspec)             =1.11pt\relax \fontdimen 12\font =6.0pt\relax
(fontspec)             \fontdimen 13\font =0pt\relax }].
(fontspec)              
(fontspec)              This font family consists of the following NFSS
(fontspec)             series/shapes:
(fontspec)              
(fontspec)             - 'normal' (m/n) with NFSS spec.:
(fontspec)             <8.5->s*[0.9998964600422715]"[latinmodern-math.otf]/OT:s
cript=math;language=dflt;mapping=tex-text;"<6-8.5>s*[0.9998964600422715]"[latin
modern-math.otf]/OT:script=math;language=dflt;+ssty=0;mapping=tex-text;"<-6>s*[
0.9998964600422715]"[latinmodern-math.otf]/OT:script=math;language=dflt;+ssty=1
;mapping=tex-text;"
(fontspec)             - 'small caps'  (m/sc) with NFSS spec.: 
(fontspec)             and font adjustment code:
(fontspec)             \fontdimen 8\font =0.4pt\relax \fontdimen 9\font
(fontspec)             =2.0pt\relax \fontdimen 10\font =1.67pt\relax
(fontspec)             \fontdimen 11\font =1.11pt\relax \fontdimen 12\font
(fontspec)             =6.0pt\relax \fontdimen 13\font =0pt\relax 
(fontspec)             - 'bold' (b/n) with NFSS spec.:
(fontspec)             <->s*[0.9998964600422715]"[latinmodern-math.otf]/OT:scri
pt=math;language=dflt;mapping=tex-text;"
(fontspec)             - 'bold small caps'  (b/sc) with NFSS spec.: 
(fontspec)             and font adjustment code:
(fontspec)             \fontdimen 8\font =0.4pt\relax \fontdimen 9\font
(fontspec)             =2.0pt\relax \fontdimen 10\font =1.67pt\relax
(fontspec)             \fontdimen 11\font =1.11pt\relax \fontdimen 12\font
(fontspec)             =6.0pt\relax \fontdimen 13\font =0pt\relax 

LaTeX Font Info:    Encoding `OMX' has changed to `TU' for symbol font
(Font)              `largesymbols' in the math version `normal' on input line 1
16.
LaTeX Font Info:    Overwriting symbol font `largesymbols' in version `normal'
(Font)                  OMX/lmex/m/n --> TU/latinmodern-math.otf(3)/m/n on inpu
t line 116.
LaTeX Font Info:    Encoding `OMX' has changed to `TU' for symbol font
(Font)              `largesymbols' in the math version `bold' on input line 116
.
LaTeX Font Info:    Overwriting symbol font `largesymbols' in version `bold'
(Font)                  OMX/lmex/m/n --> TU/latinmodern-math.otf(3)/b/n on inpu
t line 116.
\AtBeginShipoutBox=\box55
Package hyperref Info: Link coloring OFF on input line 116.
(/Users/dls354/Library/TinyTeX/texmf-dist/tex/latex/hyperref/nameref.sty
Package: nameref 2019/09/16 v2.46 Cross-referencing by name of section
(/Users/dls354/Library/TinyTeX/texmf-dist/tex/latex/refcount/refcount.sty
Package: refcount 2019/12/15 v3.6 Data extraction from label references (HO)
)
(/Users/dls354/Library/TinyTeX/texmf-dist/tex/generic/gettitlestring/gettitlest
ring.sty
Package: gettitlestring 2019/12/15 v1.6 Cleanup title references (HO)
)
\c@section@level=\count297
)
LaTeX Info: Redefining \ref on input line 116.
LaTeX Info: Redefining \pageref on input line 116.
LaTeX Info: Redefining \nameref on input line 116.
(./Statistical-Methods-II.out) (./Statistical-Methods-II.out)
\@outlinefile=\write4
\openout4 = `Statistical-Methods-II.out'.

LaTeX Font Info:    Font shape `TU/latinmodern-math.otf(1)/m/n' will be
(Font)              scaled to size 12.0pt on input line 118.
LaTeX Font Info:    Font shape `TU/latinmodern-math.otf(1)/m/n' will be
(Font)              scaled to size 8.0pt on input line 118.
LaTeX Font Info:    Font shape `TU/latinmodern-math.otf(1)/m/n' will be
(Font)              scaled to size 6.0pt on input line 118.
LaTeX Font Info:    Trying to load font information for OML+lmm on input line 1
18.
(/Users/dls354/Library/TinyTeX/texmf-dist/tex/latex/lm/omllmm.fd
File: omllmm.fd 2009/10/30 v1.6 Font defs for Latin Modern
)
LaTeX Font Info:    Font shape `TU/latinmodern-math.otf(2)/m/n' will be
(Font)              scaled to size 12.0011pt on input line 118.
LaTeX Font Info:    Font shape `TU/latinmodern-math.otf(2)/m/n' will be
(Font)              scaled to size 8.00073pt on input line 118.
LaTeX Font Info:    Font shape `TU/latinmodern-math.otf(2)/m/n' will be
(Font)              scaled to size 6.00055pt on input line 118.
LaTeX Font Info:    Font shape `TU/latinmodern-math.otf(3)/m/n' will be
(Font)              scaled to size 11.99872pt on input line 118.
LaTeX Font Info:    Font shape `TU/latinmodern-math.otf(3)/m/n' will be
(Font)              scaled to size 7.99915pt on input line 118.
LaTeX Font Info:    Font shape `TU/latinmodern-math.otf(3)/m/n' will be
(Font)              scaled to size 5.99936pt on input line 118.
LaTeX Font Info:    Trying to load font information for U+msa on input line 118
.
(/Users/dls354/Library/TinyTeX/texmf-dist/tex/latex/amsfonts/umsa.fd
File: umsa.fd 2013/01/14 v3.01 AMS symbols A
)
LaTeX Font Info:    Trying to load font information for U+msb on input line 118
.
(/Users/dls354/Library/TinyTeX/texmf-dist/tex/latex/amsfonts/umsb.fd
File: umsb.fd 2013/01/14 v3.01 AMS symbols B
) [1


] [2

] (./Statistical-Methods-II.toc
LaTeX Font Info:    Font shape `TU/latinmodern-math.otf(1)/m/n' will be
(Font)              scaled to size 7.0pt on input line 5.
LaTeX Font Info:    Font shape `TU/latinmodern-math.otf(1)/m/n' will be
(Font)              scaled to size 5.0pt on input line 5.
LaTeX Font Info:    Font shape `TU/latinmodern-math.otf(2)/m/n' will be
(Font)              scaled to size 10.00092pt on input line 5.
LaTeX Font Info:    Font shape `TU/latinmodern-math.otf(2)/m/n' will be
(Font)              scaled to size 7.00064pt on input line 5.
LaTeX Font Info:    Font shape `TU/latinmodern-math.otf(2)/m/n' will be
(Font)              scaled to size 5.00046pt on input line 5.
LaTeX Font Info:    Font shape `TU/latinmodern-math.otf(3)/m/n' will be
(Font)              scaled to size 9.99893pt on input line 5.
LaTeX Font Info:    Font shape `TU/latinmodern-math.otf(3)/m/n' will be
(Font)              scaled to size 6.99925pt on input line 5.
LaTeX Font Info:    Font shape `TU/latinmodern-math.otf(3)/m/n' will be
(Font)              scaled to size 4.99947pt on input line 5.
[3] [4] [5])
\tf@toc=\write5
\openout5 = `Statistical-Methods-II.toc'.

[6] [7

] [8

] [9] [10]
Chapter 1.
[11

]
LaTeX Font Info:    Font shape `TU/latinmodern-math.otf(1)/b/n' will be
(Font)              scaled to size 10.0pt on input line 182.
LaTeX Font Info:    Font shape `TU/latinmodern-math.otf(1)/b/n' will be
(Font)              scaled to size 7.0pt on input line 182.
LaTeX Font Info:    Font shape `TU/latinmodern-math.otf(1)/b/n' will be
(Font)              scaled to size 5.0pt on input line 182.
LaTeX Font Info:    Font shape `TU/latinmodern-math.otf(2)/b/n' will be
(Font)              scaled to size 10.00092pt on input line 182.
LaTeX Font Info:    Font shape `TU/latinmodern-math.otf(2)/b/n' will be
(Font)              scaled to size 7.00064pt on input line 182.
LaTeX Font Info:    Font shape `TU/latinmodern-math.otf(2)/b/n' will be
(Font)              scaled to size 5.00046pt on input line 182.
LaTeX Font Info:    Font shape `TU/latinmodern-math.otf(3)/b/n' will be
(Font)              scaled to size 9.99893pt on input line 182.
LaTeX Font Info:    Font shape `TU/latinmodern-math.otf(3)/b/n' will be
(Font)              scaled to size 6.99925pt on input line 182.
LaTeX Font Info:    Font shape `TU/latinmodern-math.otf(3)/b/n' will be
(Font)              scaled to size 4.99947pt on input line 182.
[12] [13] [14] [15] [16]
File: External_Images/determinant.png Graphic file (type bmp)
<External_Images/determinant.png>

Overfull \hbox (133.2795pt too wide) in paragraph at lines 559--559
 [] 
 []


Underfull \vbox (badness 10000) has occurred while \output is active []

[17] [18] [19]
Overfull \hbox (50.5518pt too wide) detected at line 666
[] [] []        [] [] []        [] [] []        [] [] []        [] [] []
 []

[20]
Chapter 2.
LaTeX Font Info:    Font shape `TU/lmtt/bx/n' in size <10> not available
(Font)              Font shape `TU/lmtt/b/n' tried instead on input line 691.
[21

]
File: Statistical-Methods-II_files/figure-latex/unnamed-chunk-5-1.pdf Graphic f
ile (type pdf)
<use Statistical-Methods-II_files/figure-latex/unnamed-chunk-5-1.pdf>
[22] [23]
Underfull \vbox (badness 3281) has occurred while \output is active []

[24] [25] [26]
LaTeX Font Info:    Font shape `TU/latinmodern-math.otf(1)/b/n' will be
(Font)              scaled to size 8.0pt on input line 1090.
LaTeX Font Info:    Font shape `TU/latinmodern-math.otf(1)/b/n' will be
(Font)              scaled to size 6.0pt on input line 1090.
LaTeX Font Info:    Font shape `TU/latinmodern-math.otf(2)/b/n' will be
(Font)              scaled to size 8.00073pt on input line 1090.
LaTeX Font Info:    Font shape `TU/latinmodern-math.otf(2)/b/n' will be
(Font)              scaled to size 6.00055pt on input line 1090.
LaTeX Font Info:    Font shape `TU/latinmodern-math.otf(3)/b/n' will be
(Font)              scaled to size 7.99915pt on input line 1090.
LaTeX Font Info:    Font shape `TU/latinmodern-math.otf(3)/b/n' will be
(Font)              scaled to size 5.99936pt on input line 1090.
[27] [28] [29]
File: Statistical-Methods-II_files/figure-latex/unnamed-chunk-6-1.pdf Graphic f
ile (type pdf)
<use Statistical-Methods-II_files/figure-latex/unnamed-chunk-6-1.pdf>
[30] [31] [32] [33]
Overfull \hbox (16.49385pt too wide) in alignment at lines 1382--1384
 [] [] [] [] [] [] [] [] [] [] [] 
 []


Overfull \hbox (16.49385pt too wide) in alignment at lines 1384--1455
 [] [] [] [] [] [] [] [] [] [] [] 
 []

[34]
Chapter 3.
[35

]
Overfull \hbox (27.75pt too wide) in paragraph at lines 1546--1546
[]\TU/lmtt/m/n/10 ##              Species Endemics  Area Elevation Nearest Scru
z Adjacent[] 
 []


Overfull \hbox (27.75pt too wide) in paragraph at lines 1546--1546
[]\TU/lmtt/m/n/10 ## Baltra            58       23 25.09       346     0.6   0.
6     1.84[] 
 []


Overfull \hbox (27.75pt too wide) in paragraph at lines 1546--1546
[]\TU/lmtt/m/n/10 ## Bartolome         31       21  1.24       109     0.6  26.
3   572.33[] 
 []


Overfull \hbox (27.75pt too wide) in paragraph at lines 1546--1546
[]\TU/lmtt/m/n/10 ## Caldwell           3        3  0.21       114     2.8  58.
7     0.78[] 
 []


Overfull \hbox (27.75pt too wide) in paragraph at lines 1546--1546
[]\TU/lmtt/m/n/10 ## Champion          25        9  0.10        46     1.9  47.
4     0.18[] 
 []


Overfull \hbox (27.75pt too wide) in paragraph at lines 1546--1546
[]\TU/lmtt/m/n/10 ## Coamano            2        1  0.05        77     1.9   1.
9   903.82[] 
 []


Overfull \hbox (27.75pt too wide) in paragraph at lines 1546--1546
[]\TU/lmtt/m/n/10 ## Daphne.Major      18       11  0.34       119     8.0   8.
0     1.84[] 
 []

[36] [37]
File: Statistical-Methods-II_files/figure-latex/unnamed-chunk-17-1.pdf Graphic 
file (type pdf)
<use Statistical-Methods-II_files/figure-latex/unnamed-chunk-17-1.pdf>
[38]
Overfull \hbox (27.75pt too wide) in paragraph at lines 1630--1630
[]\TU/lmtt/m/n/10 ##              Species Endemics  Area Elevation Nearest Scru
z Adjacent[] 
 []


Overfull \hbox (27.75pt too wide) in paragraph at lines 1630--1630
[]\TU/lmtt/m/n/10 ## Baltra            58       23 25.09       346     0.6   0.
6     1.84[] 
 []


Overfull \hbox (27.75pt too wide) in paragraph at lines 1630--1630
[]\TU/lmtt/m/n/10 ## Bartolome         31       21  1.24       109     0.6  26.
3   572.33[] 
 []


Overfull \hbox (27.75pt too wide) in paragraph at lines 1630--1630
[]\TU/lmtt/m/n/10 ## Caldwell           3        3  0.21       114     2.8  58.
7     0.78[] 
 []


Overfull \hbox (27.75pt too wide) in paragraph at lines 1630--1630
[]\TU/lmtt/m/n/10 ## Champion          25        9  0.10        46     1.9  47.
4     0.18[] 
 []


Overfull \hbox (27.75pt too wide) in paragraph at lines 1630--1630
[]\TU/lmtt/m/n/10 ## Coamano            2        1  0.05        77     1.9   1.
9   903.82[] 
 []


Overfull \hbox (27.75pt too wide) in paragraph at lines 1630--1630
[]\TU/lmtt/m/n/10 ## Daphne.Major      18       11  0.34       119     8.0   8.
0     1.84[] 
 []


Overfull \hbox (12.0pt too wide) in paragraph at lines 1679--1679
[]\TU/lmtt/m/n/10 ##              (Intercept)    Area Elevation Nearest Scruz A
djacent[] 
 []


Overfull \hbox (12.0pt too wide) in paragraph at lines 1679--1679
[]\TU/lmtt/m/n/10 ## Baltra                 1   25.09       346     0.6   0.6  
   1.84[] 
 []


Overfull \hbox (12.0pt too wide) in paragraph at lines 1679--1679
[]\TU/lmtt/m/n/10 ## Bartolome              1    1.24       109     0.6  26.3  
 572.33[] 
 []


Overfull \hbox (12.0pt too wide) in paragraph at lines 1679--1679
[]\TU/lmtt/m/n/10 ## Caldwell               1    0.21       114     2.8  58.7  
   0.78[] 
 []


Overfull \hbox (12.0pt too wide) in paragraph at lines 1679--1679
[]\TU/lmtt/m/n/10 ## Champion               1    0.10        46     1.9  47.4  
   0.18[] 
 []


Overfull \hbox (12.0pt too wide) in paragraph at lines 1679--1679
[]\TU/lmtt/m/n/10 ## Coamano                1    0.05        77     1.9   1.9  
 903.82[] 
 []


Overfull \hbox (12.0pt too wide) in paragraph at lines 1679--1679
[]\TU/lmtt/m/n/10 ## Daphne.Major           1    0.34       119     8.0   8.0  
   1.84[] 
 []


Overfull \hbox (12.0pt too wide) in paragraph at lines 1679--1679
[]\TU/lmtt/m/n/10 ## Daphne.Minor           1    0.08        93     6.0  12.0  
   0.34[] 
 []


Overfull \hbox (12.0pt too wide) in paragraph at lines 1679--1679
[]\TU/lmtt/m/n/10 ## Darwin                 1    2.33       168    34.1 290.2  
   2.85[] 
 []


Overfull \hbox (12.0pt too wide) in paragraph at lines 1679--1679
[]\TU/lmtt/m/n/10 ## Eden                   1    0.03        71     0.4   0.4  
  17.95[] 
 []


Overfull \hbox (12.0pt too wide) in paragraph at lines 1679--1679
[]\TU/lmtt/m/n/10 ## Enderby                1    0.18       112     2.6  50.2  
   0.10[] 
 []


Overfull \hbox (12.0pt too wide) in paragraph at lines 1679--1679
[]\TU/lmtt/m/n/10 ## Espanola               1   58.27       198     1.1  88.3  
   0.57[] 
 []


Overfull \hbox (12.0pt too wide) in paragraph at lines 1679--1679
[]\TU/lmtt/m/n/10 ## Fernandina             1  634.49      1494     4.3  95.3  
4669.32[] 
 []


Overfull \hbox (12.0pt too wide) in paragraph at lines 1679--1679
[]\TU/lmtt/m/n/10 ## Gardner1               1    0.57        49     1.1  93.1  
  58.27[] 
 []


Overfull \hbox (12.0pt too wide) in paragraph at lines 1679--1679
[]\TU/lmtt/m/n/10 ## Gardner2               1    0.78       227     4.6  62.2  
   0.21[] 
 []

[39]
Overfull \hbox (12.0pt too wide) in paragraph at lines 1679--1679
[]\TU/lmtt/m/n/10 ## Genovesa               1   17.35        76    47.4  92.2  
 129.49[] 
 []


Overfull \hbox (12.0pt too wide) in paragraph at lines 1679--1679
[]\TU/lmtt/m/n/10 ## Isabela                1 4669.32      1707     0.7  28.1  
 634.49[] 
 []


Overfull \hbox (12.0pt too wide) in paragraph at lines 1679--1679
[]\TU/lmtt/m/n/10 ## Marchena               1  129.49       343    29.1  85.9  
  59.56[] 
 []


Overfull \hbox (12.0pt too wide) in paragraph at lines 1679--1679
[]\TU/lmtt/m/n/10 ## Onslow                 1    0.01        25     3.3  45.9  
   0.10[] 
 []


Overfull \hbox (12.0pt too wide) in paragraph at lines 1679--1679
[]\TU/lmtt/m/n/10 ## Pinta                  1   59.56       777    29.1 119.6  
 129.49[] 
 []


Overfull \hbox (12.0pt too wide) in paragraph at lines 1679--1679
[]\TU/lmtt/m/n/10 ## Pinzon                 1   17.95       458    10.7  10.7  
   0.03[] 
 []


Overfull \hbox (12.0pt too wide) in paragraph at lines 1679--1679
[]\TU/lmtt/m/n/10 ## Las.Plazas             1    0.23        94     0.5   0.6  
  25.09[] 
 []


Overfull \hbox (12.0pt too wide) in paragraph at lines 1679--1679
[]\TU/lmtt/m/n/10 ## Rabida                 1    4.89       367     4.4  24.4  
 572.33[] 
 []


Overfull \hbox (12.0pt too wide) in paragraph at lines 1679--1679
[]\TU/lmtt/m/n/10 ## SanCristobal           1  551.62       716    45.2  66.6  
   0.57[] 
 []


Overfull \hbox (12.0pt too wide) in paragraph at lines 1679--1679
[]\TU/lmtt/m/n/10 ## SanSalvador            1  572.33       906     0.2  19.8  
   4.89[] 
 []


Overfull \hbox (12.0pt too wide) in paragraph at lines 1679--1679
[]\TU/lmtt/m/n/10 ## SantaCruz              1  903.82       864     0.6   0.0  
   0.52[] 
 []


Overfull \hbox (12.0pt too wide) in paragraph at lines 1679--1679
[]\TU/lmtt/m/n/10 ## SantaFe                1   24.08       259    16.5  16.5  
   0.52[] 
 []


Overfull \hbox (12.0pt too wide) in paragraph at lines 1679--1679
[]\TU/lmtt/m/n/10 ## SantaMaria             1  170.92       640     2.6  49.2  
   0.10[] 
 []


Overfull \hbox (12.0pt too wide) in paragraph at lines 1679--1679
[]\TU/lmtt/m/n/10 ## Seymour                1    1.84       147     0.6   9.6  
  25.09[] 
 []


Overfull \hbox (12.0pt too wide) in paragraph at lines 1679--1679
[]\TU/lmtt/m/n/10 ## Tortuga                1    1.24       186     6.8  50.9  
  17.95[] 
 []


Overfull \hbox (12.0pt too wide) in paragraph at lines 1679--1679
[]\TU/lmtt/m/n/10 ## Wolf                   1    2.85       253    34.1 254.7  
   2.33[] 
 []


Overfull \hbox (33.0pt too wide) in paragraph at lines 1713--1713
[]\TU/lmtt/m/n/10 ## lm(formula = Species ~ Area + Elevation + Nearest + Scruz 
+ Adjacent,[] 
 []

[40]
Overfull \hbox (1.35072pt too wide) in alignment at lines 1767--1783
 [] [] [] [] [] [] 
 []


Overfull \hbox (18.69034pt too wide) in paragraph at lines 1793--1794
[]$[][][][][][][][][]$|  
 []


Overfull \hbox (1.35072pt too wide) in alignment at lines 1783--1824
 [] [] [] [] [] [] 
 []

[41]
Overfull \hbox (6.75pt too wide) in paragraph at lines 1856--1856
[]\TU/lmtt/m/n/10 ## Model 2: Species ~ Area + Elevation + Nearest + Scruz + Ad
jacent[] 
 []


Underfull \vbox (badness 2368) has occurred while \output is active []

[42] [43]
Overfull \hbox (6.75pt too wide) in paragraph at lines 1969--1969
[]\TU/lmtt/m/n/10 ## Model 2: Species ~ Area + Elevation + Nearest + Scruz + Ad
jacent[] 
 []

[44]
Overfull \hbox (6.75pt too wide) in paragraph at lines 1994--1994
[]\TU/lmtt/m/n/10 ## Model 2: Species ~ Area + Elevation + Nearest + Scruz + Ad
jacent[] 
 []

[45] [46] [47] [48

]
Chapter 4.
[49]
Underfull \hbox (badness 10000) in paragraph at lines 2138--2139

 []

[50]
File: Statistical-Methods-II_files/figure-latex/unnamed-chunk-35-1.pdf Graphic 
file (type pdf)
<use Statistical-Methods-II_files/figure-latex/unnamed-chunk-35-1.pdf>
[51]
LaTeX Font Info:    Font shape `TU/lmtt/bx/n' in size <14.4> not available
(Font)              Font shape `TU/lmtt/b/n' tried instead on input line 2266.
[52] [53] [54]
File: Statistical-Methods-II_files/figure-latex/unnamed-chunk-43-1.pdf Graphic 
file (type pdf)
<use Statistical-Methods-II_files/figure-latex/unnamed-chunk-43-1.pdf>
[55] [56]
Overfull \hbox (38.25pt too wide) in paragraph at lines 2483--2483
[]\TU/lmtt/m/n/10 ## P value adjustment: tukey method for comparing a family of
 3 estimates[] 
 []

[57]
File: Statistical-Methods-II_files/figure-latex/unnamed-chunk-48-1.pdf Graphic 
file (type pdf)
<use Statistical-Methods-II_files/figure-latex/unnamed-chunk-48-1.pdf>
[58]
File: Statistical-Methods-II_files/figure-latex/unnamed-chunk-50-1.pdf Graphic 
file (type pdf)
<use Statistical-Methods-II_files/figure-latex/unnamed-chunk-50-1.pdf>

Overfull \hbox (54.0pt too wide) in paragraph at lines 2586--2586
[]\TU/lmtt/m/n/10 ## Conf-level adjustment: tukey method for comparing a family
 of 3 estimates[] 
 []


Overfull \hbox (38.25pt too wide) in paragraph at lines 2586--2586
[]\TU/lmtt/m/n/10 ## P value adjustment: tukey method for comparing a family of
 3 estimates[] 
 []

[59] [60] [61] [62

] [63] [64]
Chapter 5.
[65

]
File: Statistical-Methods-II_files/figure-latex/unnamed-chunk-57-1.pdf Graphic 
file (type pdf)
<use Statistical-Methods-II_files/figure-latex/unnamed-chunk-57-1.pdf>
[66]
Underfull \vbox (badness 1226) has occurred while \output is active []

[67]
File: Statistical-Methods-II_files/figure-latex/unnamed-chunk-58-1.pdf Graphic 
file (type pdf)
<use Statistical-Methods-II_files/figure-latex/unnamed-chunk-58-1.pdf>

Underfull \vbox (badness 10000) has occurred while \output is active []

[68]
Overfull \vbox (15.18826pt too high) has occurred while \output is active []

[69] [70]
Overfull \hbox (17.25pt too wide) in paragraph at lines 2991--2991
[]\TU/lmtt/m/n/10 ## NOTE: Results may be misleading due to involvement in inte
ractions[] 
 []

[71]
File: Statistical-Methods-II_files/figure-latex/unnamed-chunk-64-1.pdf Graphic 
file (type pdf)
<use Statistical-Methods-II_files/figure-latex/unnamed-chunk-64-1.pdf>
File: Statistical-Methods-II_files/figure-latex/unnamed-chunk-66-1.pdf Graphic 
file (type pdf)
<use Statistical-Methods-II_files/figure-latex/unnamed-chunk-66-1.pdf>
[72] [73]
Overfull \hbox (33.0pt too wide) in paragraph at lines 3104--3104
[]\TU/lmtt/m/n/10 ##   term                           estimate std.error statis
tic p.value[] 
 []


Overfull \hbox (33.0pt too wide) in paragraph at lines 3104--3104
[]\TU/lmtt/m/n/10 ##   <chr>                             <dbl>     <dbl>     <d
bl>   <dbl>[] 
 []


Overfull \hbox (12.0pt too wide) in paragraph at lines 3104--3104
[]\TU/lmtt/m/n/10 ## 1 (Intercept)                       1.45      0.405     3.
57    0[] 
 []


Overfull \hbox (12.0pt too wide) in paragraph at lines 3104--3104
[]\TU/lmtt/m/n/10 ## 2 Sepal.Length                      0.232     0.061     3.
79    0[] 
 []


Overfull \hbox (33.0pt too wide) in paragraph at lines 3104--3104
[]\TU/lmtt/m/n/10 ## 3 Speciessetosa                    -2.02      0.686    -2.
94    0.004[] 
 []


Overfull \hbox (33.0pt too wide) in paragraph at lines 3104--3104
[]\TU/lmtt/m/n/10 ## 4 Speciesversicolor                -0.574     0.605    -0.
95    0.344[] 
 []


Overfull \hbox (12.0pt too wide) in paragraph at lines 3104--3104
[]\TU/lmtt/m/n/10 ## 5 Sepal.Length:Speciessetosa        0.567     0.126     4.
49    0[] 
 []


Overfull \hbox (33.0pt too wide) in paragraph at lines 3104--3104
[]\TU/lmtt/m/n/10 ## 6 Sepal.Length:Speciesversicolor    0.088     0.097     0.
905   0.367[] 
 []


Underfull \vbox (badness 10000) has occurred while \output is active []

[74] [75]
Underfull \hbox (badness 1028) in paragraph at lines 3182--3184
[]\TU/lmr/m/n/10 Log transform the \TU/lmtt/m/n/10 time \TU/lmr/m/n/10 and \TU/
lmtt/m/n/10 conc \TU/lmr/m/n/10 variable and plot the log-
 []

[76]
Chapter 6.
[77

]
File: Statistical-Methods-II_files/figure-latex/unnamed-chunk-74-1.pdf Graphic 
file (type pdf)
<use Statistical-Methods-II_files/figure-latex/unnamed-chunk-74-1.pdf>
[78] [79]
Overfull \hbox (38.25pt too wide) in paragraph at lines 3340--3340
[]\TU/lmtt/m/n/10 ## P value adjustment: tukey method for comparing a family of
 4 estimates[] 
 []

[80]
Overfull \hbox (38.25pt too wide) in paragraph at lines 3366--3366
[]\TU/lmtt/m/n/10 ## P value adjustment: tukey method for comparing a family of
 4 estimates[] 
 []

File: Statistical-Methods-II_files/figure-latex/unnamed-chunk-78-1.pdf Graphic 
file (type pdf)
<use Statistical-Methods-II_files/figure-latex/unnamed-chunk-78-1.pdf>
[81]
File: Statistical-Methods-II_files/figure-latex/unnamed-chunk-79-1.pdf Graphic 
file (type pdf)
<use Statistical-Methods-II_files/figure-latex/unnamed-chunk-79-1.pdf>

Underfull \vbox (badness 10000) has occurred while \output is active []

[82]
Overfull \hbox (6.45453pt too wide) in alignment at lines 3465--3467
 [] [] [] [] [] [] [] 
 []


Overfull \hbox (3.58127pt too wide) in paragraph at lines 3473--3474
[]\TU/lmr/m/n/10 Females|  
 []


Overfull \hbox (1.17747pt too wide) in paragraph at lines 3479--3480
[]\TU/lmr/m/n/10 Males|  
 []


Overfull \hbox (3.58127pt too wide) in paragraph at lines 3481--3482
[]\TU/lmr/m/n/10 Females|  
 []


Overfull \hbox (0.72832pt too wide) in paragraph at lines 3484--3485
[]\TU/lmr/m/n/10 Treatment 
 []


Overfull \hbox (0.72832pt too wide) in paragraph at lines 3492--3493
[]\TU/lmr/m/n/10 Treatment 
 []


Overfull \hbox (0.72832pt too wide) in paragraph at lines 3499--3500
[]\TU/lmr/m/n/10 Treatment 
 []


Overfull \hbox (0.72832pt too wide) in paragraph at lines 3507--3508
[]\TU/lmr/m/n/10 Treatment 
 []


Overfull \hbox (6.45453pt too wide) in alignment at lines 3467--3514
 [] [] [] [] [] [] [] 
 []


Overfull \hbox (6.45453pt too wide) in alignment at lines 3516--3518
 [] [] [] [] [] [] [] 
 []


Overfull \hbox (3.58127pt too wide) in paragraph at lines 3524--3525
[]\TU/lmr/m/n/10 Females|  
 []


Overfull \hbox (1.17747pt too wide) in paragraph at lines 3530--3531
[]\TU/lmr/m/n/10 Males|  
 []


Overfull \hbox (3.58127pt too wide) in paragraph at lines 3532--3533
[]\TU/lmr/m/n/10 Females|  
 []


Overfull \hbox (0.72832pt too wide) in paragraph at lines 3535--3536
[]\TU/lmr/m/n/10 Treatment 
 []


Overfull \hbox (0.72832pt too wide) in paragraph at lines 3543--3544
[]\TU/lmr/m/n/10 Treatment 
 []


Overfull \hbox (0.72832pt too wide) in paragraph at lines 3550--3551
[]\TU/lmr/m/n/10 Treatment 
 []


Overfull \hbox (0.72832pt too wide) in paragraph at lines 3558--3559
[]\TU/lmr/m/n/10 Treatment 
 []


Overfull \hbox (6.45453pt too wide) in alignment at lines 3518--3565
 [] [] [] [] [] [] [] 
 []

[83] [84]
File: Statistical-Methods-II_files/figure-latex/unnamed-chunk-81-1.pdf Graphic 
file (type pdf)
<use Statistical-Methods-II_files/figure-latex/unnamed-chunk-81-1.pdf>
[85]
File: Statistical-Methods-II_files/figure-latex/unnamed-chunk-82-1.pdf Graphic 
file (type pdf)
<use Statistical-Methods-II_files/figure-latex/unnamed-chunk-82-1.pdf>
[86]
Overfull \hbox (4.76747pt too wide) in paragraph at lines 3753--3754
[]\TU/lmr/m/n/10 Source|  
 []


Overfull \hbox (1.35599pt too wide) in alignment at lines 3750--3766
 [] [] [] [] [] [] 
 []


Overfull \hbox (22.68428pt too wide) in paragraph at lines 3776--3777
[]$[][][][][][][]$|  
 []


Overfull \hbox (22.71228pt too wide) in paragraph at lines 3789--3790
[]$[][][][][][][]$|  
 []


Overfull \hbox (3.37747pt too wide) in paragraph at lines 3794--3795
[]\TU/lmr/bx/n/10 Error|  
 []


Overfull \hbox (3.12276pt too wide) in paragraph at lines 3800--3801
[][][][][][][][]$|  
 []


Overfull \hbox (1.35599pt too wide) in alignment at lines 3766--3807
 [] [] [] [] [] [] 
 []

[87] [88]
Overfull \hbox (38.25pt too wide) in paragraph at lines 3907--3907
[]\TU/lmtt/m/n/10 ## P value adjustment: tukey method for comparing a family of
 3 estimates[] 
 []

[89]
Overfull \hbox (38.25pt too wide) in paragraph at lines 3937--3937
[]\TU/lmtt/m/n/10 ## P value adjustment: tukey method for comparing a family of
 4 estimates[] 
 []


Overfull \hbox (38.25pt too wide) in paragraph at lines 3958--3958
[]\TU/lmtt/m/n/10 ## P value adjustment: tukey method for comparing a family of
 3 estimates[] 
 []


Overfull \hbox (38.25pt too wide) in paragraph at lines 3977--3977
[]\TU/lmtt/m/n/10 ## P value adjustment: tukey method for comparing a family of
 4 estimates[] 
 []

[90]
Overfull \hbox (6.01231pt too wide) in paragraph at lines 4029--4030
[]\TU/lmr/bx/n/10 10C|  
 []


Overfull \hbox (6.01231pt too wide) in paragraph at lines 4040--4041
[]\TU/lmr/bx/n/10 30C|  
 []

[91]
Overfull \hbox (26.13239pt too wide) in paragraph at lines 4090--4091
[]$[][][][][][][]$|  
 []


Overfull \hbox (26.16039pt too wide) in paragraph at lines 4103--4104
[]$[][][][][][][]$|  
 []


Overfull \hbox (32.17339pt too wide) in paragraph at lines 4116--4117
[]$[][][][][][][]$|  
 []


Overfull \hbox (6.83084pt too wide) in paragraph at lines 4121--4122
[]\TU/lmr/bx/n/10 Error|  
 []

[92]
File: Statistical-Methods-II_files/figure-latex/unnamed-chunk-88-1.pdf Graphic 
file (type pdf)
<use Statistical-Methods-II_files/figure-latex/unnamed-chunk-88-1.pdf>
File: Statistical-Methods-II_files/figure-latex/unnamed-chunk-88-2.pdf Graphic 
file (type pdf)
<use Statistical-Methods-II_files/figure-latex/unnamed-chunk-88-2.pdf>

Underfull \vbox (badness 10000) has occurred while \output is active []

[93] [94]
File: Statistical-Methods-II_files/figure-latex/unnamed-chunk-90-1.pdf Graphic 
file (type pdf)
<use Statistical-Methods-II_files/figure-latex/unnamed-chunk-90-1.pdf>
File: Statistical-Methods-II_files/figure-latex/unnamed-chunk-91-1.pdf Graphic 
file (type pdf)
<use Statistical-Methods-II_files/figure-latex/unnamed-chunk-91-1.pdf>
File: Statistical-Methods-II_files/figure-latex/unnamed-chunk-92-1.pdf Graphic 
file (type pdf)
<use Statistical-Methods-II_files/figure-latex/unnamed-chunk-92-1.pdf>
[95]
File: Statistical-Methods-II_files/figure-latex/unnamed-chunk-93-1.pdf Graphic 
file (type pdf)
<use Statistical-Methods-II_files/figure-latex/unnamed-chunk-93-1.pdf>
File: Statistical-Methods-II_files/figure-latex/unnamed-chunk-94-1.pdf Graphic 
file (type pdf)
<use Statistical-Methods-II_files/figure-latex/unnamed-chunk-94-1.pdf>

Underfull \vbox (badness 10000) has occurred while \output is active []

[96] [97]
File: Statistical-Methods-II_files/figure-latex/unnamed-chunk-96-1.pdf Graphic 
file (type pdf)
<use Statistical-Methods-II_files/figure-latex/unnamed-chunk-96-1.pdf>
[98] [99]
Overfull \hbox (38.25pt too wide) in paragraph at lines 4389--4389
[]\TU/lmtt/m/n/10 ## P value adjustment: tukey method for comparing a family of
 6 estimates[] 
 []

[100]
Overfull \hbox (17.25pt too wide) in paragraph at lines 4427--4427
[]\TU/lmtt/m/n/10 ## NOTE: Results may be misleading due to involvement in inte
ractions[] 
 []


Overfull \hbox (38.25pt too wide) in paragraph at lines 4449--4449
[]\TU/lmtt/m/n/10 ## P value adjustment: tukey method for comparing a family of
 3 estimates[] 
 []


Overfull \hbox (17.25pt too wide) in paragraph at lines 4459--4459
[]\TU/lmtt/m/n/10 ## NOTE: Results may be misleading due to involvement in inte
ractions[] 
 []

[101]
Overfull \hbox (17.25pt too wide) in paragraph at lines 4492--4492
[]\TU/lmtt/m/n/10 ## []summarise()[] ungrouping output (override with [].groups
[] argument)[] 
 []

[102] [103] [104

]
Chapter 7.
[105]
File: Statistical-Methods-II_files/figure-latex/unnamed-chunk-104-1.pdf Graphic
 file (type pdf)
<use Statistical-Methods-II_files/figure-latex/unnamed-chunk-104-1.pdf>
[106] [107]
File: Statistical-Methods-II_files/figure-latex/unnamed-chunk-105-1.pdf Graphic
 file (type pdf)
<use Statistical-Methods-II_files/figure-latex/unnamed-chunk-105-1.pdf>
[108]
File: Statistical-Methods-II_files/figure-latex/unnamed-chunk-106-1.pdf Graphic
 file (type pdf)
<use Statistical-Methods-II_files/figure-latex/unnamed-chunk-106-1.pdf>
[109]
Overfull \hbox (1.5pt too wide) in paragraph at lines 4718--4718
[]\TU/lmtt/m/n/10 ## Warning: Removed 1 rows containing missing values (geom_po
int).[] 
 []

File: Statistical-Methods-II_files/figure-latex/unnamed-chunk-107-1.pdf Graphic
 file (type pdf)
<use Statistical-Methods-II_files/figure-latex/unnamed-chunk-107-1.pdf>
[110] [111]
File: Statistical-Methods-II_files/figure-latex/unnamed-chunk-109-1.pdf Graphic
 file (type pdf)
<use Statistical-Methods-II_files/figure-latex/unnamed-chunk-109-1.pdf>
File: Statistical-Methods-II_files/figure-latex/unnamed-chunk-110-1.pdf Graphic
 file (type pdf)
<use Statistical-Methods-II_files/figure-latex/unnamed-chunk-110-1.pdf>
File: Statistical-Methods-II_files/figure-latex/unnamed-chunk-111-1.pdf Graphic
 file (type pdf)
<use Statistical-Methods-II_files/figure-latex/unnamed-chunk-111-1.pdf>

Underfull \vbox (badness 1694) has occurred while \output is active []

[112] [113]
File: Statistical-Methods-II_files/figure-latex/unnamed-chunk-112-1.pdf Graphic
 file (type pdf)
<use Statistical-Methods-II_files/figure-latex/unnamed-chunk-112-1.pdf>
File: Statistical-Methods-II_files/figure-latex/unnamed-chunk-113-1.pdf Graphic
 file (type pdf)
<use Statistical-Methods-II_files/figure-latex/unnamed-chunk-113-1.pdf>

Underfull \vbox (badness 10000) has occurred while \output is active []

[114]
File: Statistical-Methods-II_files/figure-latex/unnamed-chunk-114-1.pdf Graphic
 file (type pdf)
<use Statistical-Methods-II_files/figure-latex/unnamed-chunk-114-1.pdf>
[115]
File: Statistical-Methods-II_files/figure-latex/unnamed-chunk-115-1.pdf Graphic
 file (type pdf)
<use Statistical-Methods-II_files/figure-latex/unnamed-chunk-115-1.pdf>
File: Statistical-Methods-II_files/figure-latex/unnamed-chunk-116-1.pdf Graphic
 file (type pdf)
<use Statistical-Methods-II_files/figure-latex/unnamed-chunk-116-1.pdf>

Underfull \vbox (badness 7256) has occurred while \output is active []

[116]
File: Statistical-Methods-II_files/figure-latex/unnamed-chunk-117-1.pdf Graphic
 file (type pdf)
<use Statistical-Methods-II_files/figure-latex/unnamed-chunk-117-1.pdf>
[117]
File: Statistical-Methods-II_files/figure-latex/unnamed-chunk-118-1.pdf Graphic
 file (type pdf)
<use Statistical-Methods-II_files/figure-latex/unnamed-chunk-118-1.pdf>
[118]
File: Statistical-Methods-II_files/figure-latex/unnamed-chunk-120-1.pdf Graphic
 file (type pdf)
<use Statistical-Methods-II_files/figure-latex/unnamed-chunk-120-1.pdf>
File: Statistical-Methods-II_files/figure-latex/unnamed-chunk-121-1.pdf Graphic
 file (type pdf)
<use Statistical-Methods-II_files/figure-latex/unnamed-chunk-121-1.pdf>

Underfull \vbox (badness 10000) has occurred while \output is active []

[119] [120] [121]
Underfull \hbox (badness 10000) in paragraph at lines 5077--5079

 []

[122]
Chapter 8.
File: Statistical-Methods-II_files/figure-latex/unnamed-chunk-125-1.pdf Graphic
 file (type pdf)
<use Statistical-Methods-II_files/figure-latex/unnamed-chunk-125-1.pdf>
[123

]
File: Statistical-Methods-II_files/figure-latex/unnamed-chunk-126-1.pdf Graphic
 file (type pdf)
<use Statistical-Methods-II_files/figure-latex/unnamed-chunk-126-1.pdf>

Overfull \hbox (40.07376pt too wide) in paragraph at lines 5130--5132
\TU/lmr/m/n/10 like this: [] 
 []

[124]
File: Statistical-Methods-II_files/figure-latex/unnamed-chunk-127-1.pdf Graphic
 file (type pdf)
<use Statistical-Methods-II_files/figure-latex/unnamed-chunk-127-1.pdf>
[125] [126]
File: Statistical-Methods-II_files/figure-latex/unnamed-chunk-128-1.pdf Graphic
 file (type pdf)
<use Statistical-Methods-II_files/figure-latex/unnamed-chunk-128-1.pdf>
[127]
File: Statistical-Methods-II_files/figure-latex/unnamed-chunk-129-1.pdf Graphic
 file (type pdf)
<use Statistical-Methods-II_files/figure-latex/unnamed-chunk-129-1.pdf>
[128]
Overfull \hbox (12.0pt too wide) in paragraph at lines 5278--5278
[]\TU/lmtt/m/n/10 ##     Species            Area            Elevation          
Nearest[] 
 []


Overfull \hbox (27.75pt too wide) in paragraph at lines 5278--5278
[]\TU/lmtt/m/n/10 ##  Min.   :  2.00   Min.   :   0.010   Min.   :  25.00   Min
.   : 0.20[] 
 []


Overfull \hbox (27.75pt too wide) in paragraph at lines 5278--5278
[]\TU/lmtt/m/n/10 ##  1st Qu.: 13.00   1st Qu.:   0.258   1st Qu.:  97.75   1st
 Qu.: 0.80[] 
 []


Overfull \hbox (27.75pt too wide) in paragraph at lines 5278--5278
[]\TU/lmtt/m/n/10 ##  Median : 42.00   Median :   2.590   Median : 192.00   Med
ian : 3.05[] 
 []


Overfull \hbox (27.75pt too wide) in paragraph at lines 5278--5278
[]\TU/lmtt/m/n/10 ##  Mean   : 85.23   Mean   : 261.709   Mean   : 368.03   Mea
n   :10.06[] 
 []


Overfull \hbox (27.75pt too wide) in paragraph at lines 5278--5278
[]\TU/lmtt/m/n/10 ##  3rd Qu.: 96.00   3rd Qu.:  59.237   3rd Qu.: 435.25   3rd
 Qu.:10.03[] 
 []


Overfull \hbox (27.75pt too wide) in paragraph at lines 5278--5278
[]\TU/lmtt/m/n/10 ##  Max.   :444.00   Max.   :4669.320   Max.   :1707.00   Max
.   :47.40[] 
 []

[129]
File: Statistical-Methods-II_files/figure-latex/unnamed-chunk-131-1.pdf Graphic
 file (type pdf)
<use Statistical-Methods-II_files/figure-latex/unnamed-chunk-131-1.pdf>

Overfull \hbox (80.25pt too wide) in paragraph at lines 5329--5329
[]\TU/lmtt/m/n/10 ## Model 2: log(Species) ~ log(Area) + log(Nearest) + sqrt(Sc
ruz) + log(Adjacent)[] 
 []

[130] [131]
File: Statistical-Methods-II_files/figure-latex/unnamed-chunk-136-1.pdf Graphic
 file (type pdf)
<use Statistical-Methods-II_files/figure-latex/unnamed-chunk-136-1.pdf>
File: Statistical-Methods-II_files/figure-latex/unnamed-chunk-137-1.pdf Graphic
 file (type pdf)
<use Statistical-Methods-II_files/figure-latex/unnamed-chunk-137-1.pdf>

Underfull \vbox (badness 7540) has occurred while \output is active []

[132] [133]
Overfull \hbox (17.25pt too wide) in paragraph at lines 5454--5454
[]\TU/lmtt/m/n/10 ## []stat_bin()[] using []bins = 30[]. Pick better value with
 []binwidth[].[] 
 []


Overfull \hbox (17.25pt too wide) in paragraph at lines 5454--5454
[]\TU/lmtt/m/n/10 ## []stat_bin()[] using []bins = 30[]. Pick better value with
 []binwidth[].[] 
 []


Overfull \hbox (17.25pt too wide) in paragraph at lines 5454--5454
[]\TU/lmtt/m/n/10 ## []stat_bin()[] using []bins = 30[]. Pick better value with
 []binwidth[].[] 
 []

File: Statistical-Methods-II_files/figure-latex/unnamed-chunk-138-1.pdf Graphic
 file (type pdf)
<use Statistical-Methods-II_files/figure-latex/unnamed-chunk-138-1.pdf>
[134] [135] [136] [137] [138] [139] [140

]
Chapter 9.
[141] [142

]
Chapter 10.

Underfull \vbox (badness 10000) has occurred while \output is active []

[143]
File: Statistical-Methods-II_files/figure-latex/unnamed-chunk-146-1.pdf Graphic
 file (type pdf)
<use Statistical-Methods-II_files/figure-latex/unnamed-chunk-146-1.pdf>

Overfull \hbox (1.5pt too wide) in paragraph at lines 5819--5819
[]\TU/lmtt/m/n/10 ## lm(formula = Weight ~ Length.1 + Length.2 + Length.3 + Hei
ght +[] 
 []

[144] [145] [146]
Chapter 11.
[147

] [148]
Overfull \hbox (33.0pt too wide) in paragraph at lines 5941--5941
[]\TU/lmtt/m/n/10 ##  $ Murder    : num  15.1 11.3 7.8 10.1 10.3 6.8 3.1 6.2 10
.7 13.9 ...[] 
 []


Overfull \hbox (43.5pt too wide) in paragraph at lines 5941--5941
[]\TU/lmtt/m/n/10 ##  $ HS.Grad   : num  41.3 66.7 58.1 39.9 62.6 63.9 56 54.6 
52.6 40.6 ...[] 
 []

File: Statistical-Methods-II_files/figure-latex/unnamed-chunk-152-1.pdf Graphic
 file (type pdf)
<use Statistical-Methods-II_files/figure-latex/unnamed-chunk-152-1.pdf>

Underfull \vbox (badness 10000) has occurred while \output is active []

[149] [150] [151] [152]
Overfull \hbox (43.5pt too wide) in paragraph at lines 6114--6114
[]\TU/lmtt/m/n/10 ## lm(formula = Life.Exp ~ Illiteracy + Murder + Frost, data 
= state.data)[] 
 []

[153] [154]
LaTeX Font Info:    Font shape `TU/lmtt/bx/n' in size <12> not available
(Font)              Font shape `TU/lmtt/b/n' tried instead on input line 6188.
[155] [156] [157] [158]
Overfull \hbox (17.25pt too wide) in paragraph at lines 6373--6373
[]\TU/lmtt/m/n/10 ## lm(formula = Life.Exp ~ Murder + Frost + HS.Grad + Log.Pop
ulation,[] 
 []


Overfull \hbox (80.25pt too wide) in paragraph at lines 6373--6373
[]\TU/lmtt/m/n/10 ##    (Intercept)          Murder           Frost         HS.
Grad  Log.Population[] 
 []


Overfull \hbox (80.25pt too wide) in paragraph at lines 6373--6373
[]\TU/lmtt/m/n/10 ##      68.720810       -0.290016       -0.005174        0.05
4550        0.246836[] 
 []

[159] [160] [161] [162

]
Chapter 12.
[163]
Overfull \hbox (63.25673pt too wide) has occurred while \output is active
\TU/lmr/m/n/10 164 \TU/lmr/m/sl/10 CHAPTER 12.  TOO MANY PREDICTORS {#TOOMANYPR
EDICTORS_CHAPTER
 []

[164

]
Chapter 13.
[165]
Underfull \hbox (badness 10000) in paragraph at lines 6577--6577
[]\TU/lmr/bx/n/14.4 Randomized Complete Block Design
 []

[166]
File: Statistical-Methods-II_files/figure-latex/unnamed-chunk-169-1.pdf Graphic
 file (type pdf)
<use Statistical-Methods-II_files/figure-latex/unnamed-chunk-169-1.pdf>
[167]
File: Statistical-Methods-II_files/figure-latex/unnamed-chunk-171-1.pdf Graphic
 file (type pdf)
<use Statistical-Methods-II_files/figure-latex/unnamed-chunk-171-1.pdf>

Underfull \vbox (badness 7851) has occurred while \output is active []

[168] [169] [170] [171] [172]
Overfull \hbox (78.96355pt too wide) detected at line 6766
[] [] []
 []

[173]
File: Statistical-Methods-II_files/figure-latex/unnamed-chunk-173-1.pdf Graphic
 file (type pdf)
<use Statistical-Methods-II_files/figure-latex/unnamed-chunk-173-1.pdf>
[174]
Overfull \hbox (27.75pt too wide) in paragraph at lines 6873--6873
[]\TU/lmtt/m/n/10 ## Linear mixed model fit by REML. t-tests use Satterthwaite[
]s method [[] 
 []

[175] [176]
File: Statistical-Methods-II_files/figure-latex/unnamed-chunk-178-1.pdf Graphic
 file (type pdf)
<use Statistical-Methods-II_files/figure-latex/unnamed-chunk-178-1.pdf>

Overfull \hbox (1.5pt too wide) in paragraph at lines 6947--6947
[]\TU/lmtt/m/n/10 ##         npar    AIC    BIC  logLik deviance Chisq Df Pr(>C
hisq)[] 
 []


Overfull \hbox (22.5pt too wide) in paragraph at lines 6947--6947
[]\TU/lmtt/m/n/10 ## model.1   10 421.67 438.56 -200.84   401.67 39.27  7  1.73
6e-06 ***[] 
 []

[177]
Overfull \hbox (1.5pt too wide) in paragraph at lines 6966--6966
[]\TU/lmtt/m/n/10 ## Type III Analysis of Variance Table with Satterthwaite[]s 
method[] 
 []


Overfull \hbox (27.75pt too wide) in paragraph at lines 7040--7040
[]\TU/lmtt/m/n/10 ## Linear mixed model fit by REML. t-tests use Satterthwaite[
]s method [[] 
 []

[178] [179]
Overfull \hbox (38.25pt too wide) in paragraph at lines 7073--7073
[]\TU/lmtt/m/n/10 ## P value adjustment: tukey method for comparing a family of
 8 estimates[] 
 []

File: Statistical-Methods-II_files/figure-latex/unnamed-chunk-184-1.pdf Graphic
 file (type pdf)
<use Statistical-Methods-II_files/figure-latex/unnamed-chunk-184-1.pdf>
[180]
File: Statistical-Methods-II_files/figure-latex/unnamed-chunk-185-1.pdf Graphic
 file (type pdf)
<use Statistical-Methods-II_files/figure-latex/unnamed-chunk-185-1.pdf>
[181]
Overfull \hbox (6.75pt too wide) in paragraph at lines 7130--7130
[]\TU/lmtt/m/n/10 ##         npar    AIC    BIC  logLik deviance  Chisq Df Pr(>
Chisq)[] 
 []


Overfull \hbox (6.75pt too wide) in paragraph at lines 7130--7130
[]\TU/lmtt/m/n/10 ## model.1    6 129.28 135.25 -58.639   117.28 4.0474  3     
0.2564[] 
 []


Overfull \hbox (1.5pt too wide) in paragraph at lines 7142--7142
[]\TU/lmtt/m/n/10 ## Type III Analysis of Variance Table with Satterthwaite[]s 
method[] 
 []

[182]
Overfull \hbox (27.75pt too wide) in paragraph at lines 7195--7195
[]\TU/lmtt/m/n/10 ## Linear mixed model fit by REML. t-tests use Satterthwaite[
]s method [[] 
 []

File: Statistical-Methods-II_files/figure-latex/unnamed-chunk-190-1.pdf Graphic
 file (type pdf)
<use Statistical-Methods-II_files/figure-latex/unnamed-chunk-190-1.pdf>
[183]
Overfull \hbox (1.5pt too wide) in paragraph at lines 7226--7226
[]\TU/lmtt/m/n/10 ## Type III Analysis of Variance Table with Satterthwaite[]s 
method[] 
 []


Overfull \hbox (27.75pt too wide) in paragraph at lines 7266--7266
[]\TU/lmtt/m/n/10 ## Linear mixed model fit by REML. t-tests use Satterthwaite[
]s method [[] 
 []

[184]
Overfull \hbox (1.5pt too wide) in paragraph at lines 7266--7266
[]\TU/lmtt/m/n/10 ## (Intercept)     21.0211     1.2056  8.9744  17.436 3.14e-0
8 ***[] 
 []


Overfull \hbox (1.5pt too wide) in paragraph at lines 7266--7266
[]\TU/lmtt/m/n/10 ## FertilizerHigh   4.6323     0.8328 23.0000   5.563 1.17e-0
5 ***[] 
 []

[185]
File: Statistical-Methods-II_files/figure-latex/unnamed-chunk-194-1.pdf Graphic
 file (type pdf)
<use Statistical-Methods-II_files/figure-latex/unnamed-chunk-194-1.pdf>

Overfull \hbox (1.5pt too wide) in paragraph at lines 7310--7310
[]\TU/lmtt/m/n/10 ## Type III Analysis of Variance Table with Satterthwaite[]s 
method[] 
 []

[186]
Overfull \hbox (85.5pt too wide) in paragraph at lines 7341--7341
[]\TU/lmtt/m/n/10 ## 1 A     1         1  364.  312. paste([][],[][],hat(paste(
[]y[])),[][],[] = 311[],[]. 78[])[] 
 []


Overfull \hbox (85.5pt too wide) in paragraph at lines 7341--7341
[]\TU/lmtt/m/n/10 ## 2 A     2         1  269.  312. paste([][],[][],hat(paste(
[]y[])),[][],[] = 311[],[]. 78[])[] 
 []


Overfull \hbox (85.5pt too wide) in paragraph at lines 7341--7341
[]\TU/lmtt/m/n/10 ## 3 A     3         1  321.  312. paste([][],[][],hat(paste(
[]y[])),[][],[] = 311[],[]. 78[])[] 
 []


Overfull \hbox (85.5pt too wide) in paragraph at lines 7341--7341
[]\TU/lmtt/m/n/10 ## 4 B     4         1  189.  235. paste([][],[][],hat(paste(
[]y[])),[][],[] = 234[],[]. 53[])[] 
 []


Overfull \hbox (85.5pt too wide) in paragraph at lines 7341--7341
[]\TU/lmtt/m/n/10 ## 5 B     5         1  265.  235. paste([][],[][],hat(paste(
[]y[])),[][],[] = 234[],[]. 53[])[] 
 []


Overfull \hbox (85.5pt too wide) in paragraph at lines 7341--7341
[]\TU/lmtt/m/n/10 ## 6 B     6         1  251.  235. paste([][],[][],hat(paste(
[]y[])),[][],[] = 234[],[]. 53[])[] 
 []

File: Statistical-Methods-II_files/figure-latex/unnamed-chunk-197-1.pdf Graphic
 file (type pdf)
<use Statistical-Methods-II_files/figure-latex/unnamed-chunk-197-1.pdf>
[187]
File: Statistical-Methods-II_files/figure-latex/unnamed-chunk-200-1.pdf Graphic
 file (type pdf)
<use Statistical-Methods-II_files/figure-latex/unnamed-chunk-200-1.pdf>

Underfull \vbox (badness 10000) has occurred while \output is active []

[188] [189]
File: Statistical-Methods-II_files/figure-latex/unnamed-chunk-202-1.pdf Graphic
 file (type pdf)
<use Statistical-Methods-II_files/figure-latex/unnamed-chunk-202-1.pdf>
File: Statistical-Methods-II_files/figure-latex/unnamed-chunk-203-1.pdf Graphic
 file (type pdf)
<use Statistical-Methods-II_files/figure-latex/unnamed-chunk-203-1.pdf>
[190]
File: Statistical-Methods-II_files/figure-latex/unnamed-chunk-204-1.pdf Graphic
 file (type pdf)
<use Statistical-Methods-II_files/figure-latex/unnamed-chunk-204-1.pdf>
File: Statistical-Methods-II_files/figure-latex/unnamed-chunk-205-1.pdf Graphic
 file (type pdf)
<use Statistical-Methods-II_files/figure-latex/unnamed-chunk-205-1.pdf>

Underfull \vbox (badness 2134) has occurred while \output is active []

[191]
Overfull \hbox (27.75pt too wide) in paragraph at lines 7503--7503
[]\TU/lmtt/m/n/10 ## Linear mixed model fit by REML. t-tests use Satterthwaite[
]s method [[] 
 []

[192]
Overfull \hbox (43.5pt too wide) in paragraph at lines 7526--7526
[]\TU/lmtt/m/n/10 ##                               npar logLik     AIC     LRT 
Df Pr(>Chisq)[] 
 []


Overfull \hbox (43.5pt too wide) in paragraph at lines 7526--7526
[]\TU/lmtt/m/n/10 ## (1 | Sample:(Technician:Lab))    4 31.316 -54.632 1.60342 
 1    0.20542[] 
 []


Overfull \hbox (54.0pt too wide) in paragraph at lines 7526--7526
[]\TU/lmtt/m/n/10 ## (1 | Technician:Lab)             4 30.740 -53.480 2.75552 
 1    0.09692 .[] 
 []


Overfull \hbox (43.5pt too wide) in paragraph at lines 7526--7526
[]\TU/lmtt/m/n/10 ## (1 | Lab)                        4 31.719 -55.439 0.79649 
 1    0.37215[] 
 []

[193]
File: Statistical-Methods-II_files/figure-latex/unnamed-chunk-209-1.pdf Graphic
 file (type pdf)
<use Statistical-Methods-II_files/figure-latex/unnamed-chunk-209-1.pdf>

Overfull \hbox (1.5pt too wide) in paragraph at lines 7627--7627
[]\TU/lmtt/m/n/10 ## Type III Analysis of Variance Table with Satterthwaite[]s 
method[] 
 []

[194]
Overfull \hbox (38.25pt too wide) in paragraph at lines 7659--7659
[]\TU/lmtt/m/n/10 ## P value adjustment: tukey method for comparing a family of
 4 estimates[] 
 []


Overfull \hbox (38.25pt too wide) in paragraph at lines 7678--7678
[]\TU/lmtt/m/n/10 ## P value adjustment: tukey method for comparing a family of
 4 estimates[] 
 []


Overfull \hbox (27.75pt too wide) in paragraph at lines 7721--7721
[]\TU/lmtt/m/n/10 ## Linear mixed model fit by REML. t-tests use Satterthwaite[
]s method [[] 
 []

[195] [196] [197]
Underfull \hbox (badness 1043) in paragraph at lines 7801--7802
[]\TU/lmr/m/n/10 In this case the correlation structure is that observations on
 the same
 []

File: Statistical-Methods-II_files/figure-latex/unnamed-chunk-215-1.pdf Graphic
 file (type pdf)
<use Statistical-Methods-II_files/figure-latex/unnamed-chunk-215-1.pdf>
[198]
Overfull \hbox (27.75pt too wide) in paragraph at lines 7854--7854
[]\TU/lmtt/m/n/10 ## Linear mixed model fit by REML. t-tests use Satterthwaite[
]s method [[] 
 []

[199]
File: Statistical-Methods-II_files/figure-latex/unnamed-chunk-217-1.pdf Graphic
 file (type pdf)
<use Statistical-Methods-II_files/figure-latex/unnamed-chunk-217-1.pdf>
File: Statistical-Methods-II_files/figure-latex/unnamed-chunk-218-1.pdf Graphic
 file (type pdf)
<use Statistical-Methods-II_files/figure-latex/unnamed-chunk-218-1.pdf>

Underfull \vbox (badness 10000) has occurred while \output is active []

[200]
Overfull \hbox (33.0pt too wide) in paragraph at lines 7928--7928
[]\TU/lmtt/m/n/10 ##                              npar  logLik    AIC    LRT Df
 Pr(>Chisq)[] 
 []


Overfull \hbox (54.0pt too wide) in paragraph at lines 7928--7928
[]\TU/lmtt/m/n/10 ## Days in (1 + Days | Subject)    4 -893.23 1794.5 42.837  2
   4.99e-10 ***[] 
 []

File: Statistical-Methods-II_files/figure-latex/unnamed-chunk-220-1.pdf Graphic
 file (type pdf)
<use Statistical-Methods-II_files/figure-latex/unnamed-chunk-220-1.pdf>

Underfull \vbox (badness 1253) has occurred while \output is active []

[201]
File: Statistical-Methods-II_files/figure-latex/unnamed-chunk-221-1.pdf Graphic
 file (type pdf)
<use Statistical-Methods-II_files/figure-latex/unnamed-chunk-221-1.pdf>
File: Statistical-Methods-II_files/figure-latex/unnamed-chunk-222-1.pdf Graphic
 file (type pdf)
<use Statistical-Methods-II_files/figure-latex/unnamed-chunk-222-1.pdf>

Underfull \vbox (badness 2150) has occurred while \output is active []

[202]
Overfull \hbox (27.75pt too wide) in paragraph at lines 8012--8012
[]\TU/lmtt/m/n/10 ## Linear mixed model fit by REML. t-tests use Satterthwaite[
]s method [[] 
 []

[203]
File: Statistical-Methods-II_files/figure-latex/unnamed-chunk-224-1.pdf Graphic
 file (type pdf)
<use Statistical-Methods-II_files/figure-latex/unnamed-chunk-224-1.pdf>
[204] [205]
File: Statistical-Methods-II_files/figure-latex/unnamed-chunk-225-1.pdf Graphic
 file (type pdf)
<use Statistical-Methods-II_files/figure-latex/unnamed-chunk-225-1.pdf>
[206]
File: Statistical-Methods-II_files/figure-latex/unnamed-chunk-226-1.pdf Graphic
 file (type pdf)
<use Statistical-Methods-II_files/figure-latex/unnamed-chunk-226-1.pdf>

Overfull \hbox (85.5pt too wide) in paragraph at lines 8158--8158
[]\TU/lmtt/m/n/10 ## []summarise()[] regrouping output by []Subject[] (override
 with [].groups[] argument)[] 
 []

[207]
File: Statistical-Methods-II_files/figure-latex/unnamed-chunk-228-1.pdf Graphic
 file (type pdf)
<use Statistical-Methods-II_files/figure-latex/unnamed-chunk-228-1.pdf>
[208]
Underfull \hbox (badness 10000) in paragraph at lines 8236--8238

 []

[209] [210]
Chapter 14.
[211

] [212]
File: Statistical-Methods-II_files/figure-latex/unnamed-chunk-232-1.pdf Graphic
 file (type pdf)
<use Statistical-Methods-II_files/figure-latex/unnamed-chunk-232-1.pdf>
File: Statistical-Methods-II_files/figure-latex/unnamed-chunk-233-1.pdf Graphic
 file (type pdf)
<use Statistical-Methods-II_files/figure-latex/unnamed-chunk-233-1.pdf>

Underfull \vbox (badness 5302) has occurred while \output is active []

[213]
File: Statistical-Methods-II_files/figure-latex/unnamed-chunk-234-1.pdf Graphic
 file (type pdf)
<use Statistical-Methods-II_files/figure-latex/unnamed-chunk-234-1.pdf>

Overfull \hbox (102.82378pt too wide) in paragraph at lines 8361--8363
\TU/lmr/m/n/10 more like the following: [] 
 []


Underfull \vbox (badness 3240) has occurred while \output is active []

[214] [215] [216]
Overfull \hbox (17.25pt too wide) in paragraph at lines 8503--8503
[]\TU/lmtt/m/n/10 ## glm(formula = Occupancy ~ CCU, family = binomial, data = M
ayflies)[] 
 []

[217] [218]
File: Statistical-Methods-II_files/figure-latex/unnamed-chunk-239-1.pdf Graphic
 file (type pdf)
<use Statistical-Methods-II_files/figure-latex/unnamed-chunk-239-1.pdf>

Underfull \vbox (badness 2961) has occurred while \output is active []

[219] [220] [221]
File: Statistical-Methods-II_files/figure-latex/Profile_CI2-1.pdf Graphic file 
(type pdf)
<use Statistical-Methods-II_files/figure-latex/Profile_CI2-1.pdf>
[222] [223] [224]
Overfull \hbox (54.0pt too wide) in paragraph at lines 8912--8912
[]\TU/lmtt/m/n/10 ## glm(formula = cbind(disease, nondisease) ~ sex * food, fam
ily = binomial,[] 
 []

[225] [226] [227] [228] [229]
Overfull \hbox (38.25pt too wide) in paragraph at lines 9121--9121
[]\TU/lmtt/m/n/10 ## P value adjustment: tukey method for comparing a family of
 3 estimates[] 
 []

[230]
Overfull \hbox (38.25pt too wide) in paragraph at lines 9149--9149
[]\TU/lmtt/m/n/10 ## P value adjustment: tukey method for comparing a family of
 3 estimates[] 
 []

[231]
File: Statistical-Methods-II_files/figure-latex/unnamed-chunk-258-1.pdf Graphic
 file (type pdf)
<use Statistical-Methods-II_files/figure-latex/unnamed-chunk-258-1.pdf>
[232]
Overfull \hbox (17.25pt too wide) in paragraph at lines 9272--9272
[]\TU/lmtt/m/n/10 ##  - attr(*, "names")= chr [1:3] "p = 0.25:" "p = 0.50:" "p 
= 0.75:"[] 
 []

[233]
File: Statistical-Methods-II_files/figure-latex/unnamed-chunk-262-1.pdf Graphic
 file (type pdf)
<use Statistical-Methods-II_files/figure-latex/unnamed-chunk-262-1.pdf>

Underfull \vbox (badness 10000) has occurred while \output is active []

[234]
Underfull \hbox (badness 10000) in paragraph at lines 9334--9335

 []

[235]
File: Statistical-Methods-II_files/figure-latex/unnamed-chunk-264-1.pdf Graphic
 file (type pdf)
<use Statistical-Methods-II_files/figure-latex/unnamed-chunk-264-1.pdf>

Underfull \vbox (badness 5607) has occurred while \output is active []

[236]
Overfull \hbox (69.75pt too wide) in paragraph at lines 9441--9441
[]\TU/lmtt/m/n/10 ## glm(formula = cbind(survive, perish) ~ location * period, 
family = binomial,[] 
 []


Overfull \hbox (6.75pt too wide) in paragraph at lines 9441--9441
[]\TU/lmtt/m/n/10 ##  [1]  0  0  0  0  0  0  0  0  0  0  0  0  0  0  0  0  0  0
  0  0[] 
 []

[237]
Overfull \hbox (22.5pt too wide) in paragraph at lines 9479--9479
[]\TU/lmtt/m/n/10 ## Warning in drop1.glm(m, scale = sigma2, test = "F"): F tes
t assumes[] 
 []

[238]
Overfull \hbox (96.0pt too wide) in paragraph at lines 9540--9540
[]\TU/lmtt/m/n/10 ## glm(formula = cbind(survive, perish) ~ location + period, 
family = quasibinomial,[] 
 []


Overfull \hbox (27.75pt too wide) in paragraph at lines 9540--9540
[]\TU/lmtt/m/n/10 ## (Dispersion parameter for quasibinomial family taken to be
 5.330358)[] 
 []

[239] [240]
Overfull \hbox (38.25pt too wide) in paragraph at lines 9599--9599
[]\TU/lmtt/m/n/10 ## P value adjustment: tukey method for comparing a family of
 4 estimates[] 
 []


Overfull \hbox (38.25pt too wide) in paragraph at lines 9620--9620
[]\TU/lmtt/m/n/10 ## P value adjustment: tukey method for comparing a family of
 4 estimates[] 
 []


Overfull \hbox (69.75pt too wide) in paragraph at lines 9672--9672
[]\TU/lmtt/m/n/10 ## glm(formula = cbind(survive, perish) ~ period * location, 
family = binomial,[] 
 []


Overfull \hbox (6.75pt too wide) in paragraph at lines 9672--9672
[]\TU/lmtt/m/n/10 ##  [1]  0  0  0  0  0  0  0  0  0  0  0  0  0  0  0  0  0  0
  0  0[] 
 []

[241] [242]
Overfull \hbox (38.25pt too wide) in paragraph at lines 9725--9725
[]\TU/lmtt/m/n/10 ## P value adjustment: tukey method for comparing a family of
 4 estimates[] 
 []


Overfull \hbox (12.0pt too wide) in paragraph at lines 9773--9773
[]\TU/lmtt/m/n/10 ## Generalized linear mixed model fit by maximum likelihood (
Laplace[] 
 []

[243]
Overfull \hbox (38.25pt too wide) in paragraph at lines 9793--9793
[]\TU/lmtt/m/n/10 ## P value adjustment: tukey method for comparing a family of
 4 estimates[] 
 []

[244]
Overfull \hbox (80.25pt too wide) in paragraph at lines 9806--9806
[]\TU/lmtt/m/n/10 ## Warning in checkConv(attr(opt, "derivs"), opt$par, ctrl = 
control$checkConv, :[] 
 []


Overfull \hbox (80.25pt too wide) in paragraph at lines 9806--9806
[]\TU/lmtt/m/n/10 ## Model failed to converge with max|grad| = 0.0184817 (tol =
 0.002, component 1)[] 
 []

[245] [246] [247]
File: Statistical-Methods-II_files/figure-latex/unnamed-chunk-279-1.pdf Graphic
 file (type pdf)
<use Statistical-Methods-II_files/figure-latex/unnamed-chunk-279-1.pdf>
[248]
File: Statistical-Methods-II_files/figure-latex/unnamed-chunk-280-1.pdf Graphic
 file (type pdf)
<use Statistical-Methods-II_files/figure-latex/unnamed-chunk-280-1.pdf>
[249] [250] [251]
Underfull \hbox (badness 10000) in paragraph at lines 10190--10192

 []

[252]
Chapter 15.
[253

] [254

] [255] [256]
Chapter 16.
[257

]
Underfull \hbox (badness 10000) in paragraph at lines 10273--10273
[]\TU/lmr/bx/n/14.4 Randomized Complete Block Design
 []

File: Statistical-Methods-II_files/figure-latex/unnamed-chunk-287-1.pdf Graphic
 file (type pdf)
<use Statistical-Methods-II_files/figure-latex/unnamed-chunk-287-1.pdf>

Underfull \vbox (badness 10000) has occurred while \output is active []

[258] [259]
File: Statistical-Methods-II_files/figure-latex/unnamed-chunk-289-1.pdf Graphic
 file (type pdf)
<use Statistical-Methods-II_files/figure-latex/unnamed-chunk-289-1.pdf>
[260]
Overfull \hbox (201.0pt too wide) in paragraph at lines 10378--10378
[]\TU/lmtt/m/n/10 ## []summarise()[] regrouping output by []plot[], []subplot[]
, []Fertilizer[] (override with [].groups[] argument)[] 
 []

[261]
File: Statistical-Methods-II_files/figure-latex/unnamed-chunk-292-1.pdf Graphic
 file (type pdf)
<use Statistical-Methods-II_files/figure-latex/unnamed-chunk-292-1.pdf>

Overfull \hbox (69.75pt too wide) in paragraph at lines 10416--10416
[]\TU/lmtt/m/n/10 ## []summarise()[] regrouping output by []plot[] (override wi
th [].groups[] argument)[] 
 []

[262] [263] [264]
File: Statistical-Methods-II_files/figure-latex/unnamed-chunk-298-1.pdf Graphic
 file (type pdf)
<use Statistical-Methods-II_files/figure-latex/unnamed-chunk-298-1.pdf>

Underfull \vbox (badness 2970) has occurred while \output is active []

[265] [266] [267] [268]
Chapter 17.

Overfull \hbox (27.75pt too wide) in paragraph at lines 10684--10684
[]\TU/lmtt/m/n/10 ## Warning in is.na(x): is.na() applied to non-(list or vecto
r) of type[] 
 []

[269

]
File: Statistical-Methods-II_files/figure-latex/unnamed-chunk-304-1.pdf Graphic
 file (type pdf)
<use Statistical-Methods-II_files/figure-latex/unnamed-chunk-304-1.pdf>
[270]
Overfull \hbox (27.75pt too wide) in paragraph at lines 10708--10708
[]\TU/lmtt/m/n/10 ## Warning in is.na(x): is.na() applied to non-(list or vecto
r) of type[] 
 []

File: Statistical-Methods-II_files/figure-latex/unnamed-chunk-305-1.pdf Graphic
 file (type pdf)
<use Statistical-Methods-II_files/figure-latex/unnamed-chunk-305-1.pdf>

Overfull \hbox (27.75pt too wide) in paragraph at lines 10724--10724
[]\TU/lmtt/m/n/10 ## Warning in is.na(x): is.na() applied to non-(list or vecto
r) of type[] 
 []

File: Statistical-Methods-II_files/figure-latex/unnamed-chunk-306-1.pdf Graphic
 file (type pdf)
<use Statistical-Methods-II_files/figure-latex/unnamed-chunk-306-1.pdf>
[271]
Overfull \hbox (27.75pt too wide) in paragraph at lines 10744--10744
[]\TU/lmtt/m/n/10 ## Warning in is.na(x): is.na() applied to non-(list or vecto
r) of type[] 
 []


Overfull \hbox (27.75pt too wide) in paragraph at lines 10744--10744
[]\TU/lmtt/m/n/10 ## Warning in is.na(x): is.na() applied to non-(list or vecto
r) of type[] 
 []

File: Statistical-Methods-II_files/figure-latex/unnamed-chunk-307-1.pdf Graphic
 file (type pdf)
<use Statistical-Methods-II_files/figure-latex/unnamed-chunk-307-1.pdf>

Underfull \vbox (badness 10000) has occurred while \output is active []

[272]
Overfull \hbox (27.75pt too wide) in paragraph at lines 10776--10776
[]\TU/lmtt/m/n/10 ## Warning in is.na(x): is.na() applied to non-(list or vecto
r) of type[] 
 []

[273]
Overfull \hbox (27.75pt too wide) in paragraph at lines 10776--10776
[]\TU/lmtt/m/n/10 ## Warning in is.na(x): is.na() applied to non-(list or vecto
r) of type[] 
 []

File: Statistical-Methods-II_files/figure-latex/unnamed-chunk-308-1.pdf Graphic
 file (type pdf)
<use Statistical-Methods-II_files/figure-latex/unnamed-chunk-308-1.pdf>
[274]
Overfull \hbox (17.25pt too wide) in paragraph at lines 10818--10818
[]\TU/lmtt/m/n/10 ## []summarise()[] ungrouping output (override with [].groups
[] argument)[] 
 []


Overfull \hbox (27.75pt too wide) in paragraph at lines 10826--10826
[]\TU/lmtt/m/n/10 ## Warning in is.na(x): is.na() applied to non-(list or vecto
r) of type[] 
 []


Overfull \hbox (27.75pt too wide) in paragraph at lines 10826--10826
[]\TU/lmtt/m/n/10 ## Warning in is.na(x): is.na() applied to non-(list or vecto
r) of type[] 
 []

File: Statistical-Methods-II_files/figure-latex/unnamed-chunk-310-1.pdf Graphic
 file (type pdf)
<use Statistical-Methods-II_files/figure-latex/unnamed-chunk-310-1.pdf>

Underfull \vbox (badness 4927) has occurred while \output is active []

[275] [276]
Overfull \hbox (17.25pt too wide) in paragraph at lines 10876--10876
[]\TU/lmtt/m/n/10 ## []summarise()[] ungrouping output (override with [].groups
[] argument)[] 
 []


Overfull \hbox (6.75pt too wide) in paragraph at lines 10880--10880
[]\TU/lmtt/m/n/10 ## Warning: Removed 1 row(s) containing missing values (geom_
path).[] 
 []


Overfull \hbox (27.75pt too wide) in paragraph at lines 10885--10885
[]\TU/lmtt/m/n/10 ## Warning in is.na(x): is.na() applied to non-(list or vecto
r) of type[] 
 []


Overfull \hbox (6.75pt too wide) in paragraph at lines 10889--10889
[]\TU/lmtt/m/n/10 ## Warning: Removed 1 row(s) containing missing values (geom_
path).[] 
 []


Overfull \hbox (27.75pt too wide) in paragraph at lines 10894--10894
[]\TU/lmtt/m/n/10 ## Warning in is.na(x): is.na() applied to non-(list or vecto
r) of type[] 
 []

File: Statistical-Methods-II_files/figure-latex/unnamed-chunk-312-1.pdf Graphic
 file (type pdf)
<use Statistical-Methods-II_files/figure-latex/unnamed-chunk-312-1.pdf>

Underfull \vbox (badness 10000) has occurred while \output is active []

[277] [278]
Overfull \hbox (59.25pt too wide) in paragraph at lines 10943--10943
[]\TU/lmtt/m/n/10 ## []summarise()[] regrouping output by []mu[] (override with
 [].groups[] argument)[] 
 []


Overfull \hbox (48.75pt too wide) in paragraph at lines 10947--10947
[]\TU/lmtt/m/n/10 ## Warning: Removed 35050 rows containing non-finite values (
stat_contour).[] 
 []


Overfull \hbox (27.75pt too wide) in paragraph at lines 10955--10955
[]\TU/lmtt/m/n/10 ## Warning in is.na(x): is.na() applied to non-(list or vecto
r) of type[] 
 []


Overfull \hbox (27.75pt too wide) in paragraph at lines 10955--10955
[]\TU/lmtt/m/n/10 ## Warning in is.na(x): is.na() applied to non-(list or vecto
r) of type[] 
 []

File: Statistical-Methods-II_files/figure-latex/unnamed-chunk-315-1.pdf Graphic
 file (type pdf)
<use Statistical-Methods-II_files/figure-latex/unnamed-chunk-315-1.pdf>

Underfull \vbox (badness 10000) has occurred while \output is active []

[279] [280] [281] [282] [283

]
No file Statistical-Methods-II.bbl.
Package atveryend Info: Empty hook `BeforeClearDocument' on input line 11075.
[284]
Package atveryend Info: Empty hook `AfterLastShipout' on input line 11075.
(./Statistical-Methods-II.aux)
Package atveryend Info: Empty hook `AtVeryEndDocument' on input line 11075.
Package atveryend Info: Executing hook `AtEndAfterFileList' on input line 11075
.
Package rerunfilecheck Info: File `Statistical-Methods-II.out' has not changed.

(rerunfilecheck)             Checksum: BE99DAB50737ABDB9B944FA8FD9DD47A;13644.

LaTeX Warning: There were multiply-defined labels.

Package atveryend Info: Empty hook `AtVeryVeryEnd' on input line 11075.
 ) 
Here is how much of TeX's memory you used:
 17596 strings out of 481691
 343237 string characters out of 5929786
 755100 words of memory out of 5000000
 34313 multiletter control sequences out of 15000+600000
 544246 words of font info for 118 fonts, out of 8000000 for 9000
 14 hyphenation exceptions out of 8191
 52i,15n,118p,1089b,526s stack positions out of 5000i,500n,10000p,200000b,80000s

Output written on Statistical-Methods-II.pdf (284 pages).
